running develop
/usr/lib/python3/dist-packages/setuptools/command/easy_install.py:363: UserWarning: Unbuilt egg for pytest-repeat [unknown version] (/usr/lib/python3/dist-packages)
  self.local_index = Environment(self.shadow_path + sys.path)
running egg_info
creating path_planner_server.egg-info
writing path_planner_server.egg-info/PKG-INFO
writing dependency_links to path_planner_server.egg-info/dependency_links.txt
writing requirements to path_planner_server.egg-info/requires.txt
writing top-level names to path_planner_server.egg-info/top_level.txt
writing manifest file 'path_planner_server.egg-info/SOURCES.txt'
reading manifest file 'path_planner_server.egg-info/SOURCES.txt'
writing manifest file 'path_planner_server.egg-info/SOURCES.txt'
running build_ext
Creating /home/samah/robot_ws/install/path_planner_server/lib/python3.12/site-packages/path-planner-server.egg-link (link to .)

Installed /home/samah/robot_ws/build/path_planner_server
running symlink_data
creating /home/samah/robot_ws/install/path_planner_server/share/ament_index
creating /home/samah/robot_ws/install/path_planner_server/share/ament_index/resource_index
creating /home/samah/robot_ws/install/path_planner_server/share/ament_index/resource_index/packages
symbolically linking /home/samah/robot_ws/build/path_planner_server/resource/path_planner_server -> /home/samah/robot_ws/install/path_planner_server/share/ament_index/resource_index/packages
symbolically linking /home/samah/robot_ws/build/path_planner_server/package.xml -> /home/samah/robot_ws/install/path_planner_server/share/path_planner_server
creating /home/samah/robot_ws/install/path_planner_server/share/path_planner_server/launch
symbolically linking /home/samah/robot_ws/build/path_planner_server/launch/pathplanner.launch.py -> /home/samah/robot_ws/install/path_planner_server/share/path_planner_server/launch
creating /home/samah/robot_ws/install/path_planner_server/share/path_planner_server/config
symbolically linking /home/samah/robot_ws/build/path_planner_server/config/bt_navigator.yaml -> /home/samah/robot_ws/install/path_planner_server/share/path_planner_server/config
symbolically linking /home/samah/robot_ws/build/path_planner_server/config/recovery.yaml -> /home/samah/robot_ws/install/path_planner_server/share/path_planner_server/config
symbolically linking /home/samah/robot_ws/build/path_planner_server/config/planner_server.yaml -> /home/samah/robot_ws/install/path_planner_server/share/path_planner_server/config
symbolically linking /home/samah/robot_ws/build/path_planner_server/config/controller.yaml -> /home/samah/robot_ws/install/path_planner_server/share/path_planner_server/config
symbolically linking /home/samah/robot_ws/build/path_planner_server/config/behavior.xml -> /home/samah/robot_ws/install/path_planner_server/share/path_planner_server/config
