[7.179s] DEBUG:colcon:Command line arguments: ['/usr/bin/colcon', 'build', '--symlink-install', '--packages-select', 'full_coverage']
[7.179s] DEBUG:colcon:Parsed command line arguments: Namespace(log_base=None, log_level=None, verb_name='build', build_base='build', install_base='install', merge_install=False, symlink_install=True, test_result_base=None, continue_on_error=False, executor='parallel', parallel_workers=12, event_handlers=None, ignore_user_meta=False, metas=['./colcon.meta'], base_paths=['.'], packages_ignore=None, packages_ignore_regex=None, paths=None, packages_up_to=None, packages_up_to_regex=None, packages_above=None, packages_above_and_dependencies=None, packages_above_depth=None, packages_select_by_dep=None, packages_skip_by_dep=None, packages_skip_up_to=None, packages_select_build_failed=False, packages_skip_build_finished=False, packages_select_test_failures=False, packages_skip_test_passed=False, packages_select=['full_coverage'], packages_skip=None, packages_select_regex=None, packages_skip_regex=None, packages_start=None, packages_end=None, allow_overriding=[], cmake_args=None, cmake_target=None, cmake_target_skip_unavailable=False, cmake_clean_cache=False, cmake_clean_first=False, cmake_force_configure=False, ament_cmake_args=None, catkin_cmake_args=None, catkin_skip_building_tests=False, mixin_files=None, mixin=None, verb_parser=<colcon_mixin.mixin.mixin_argument.MixinArgumentDecorator object at 0x74ebec22e720>, verb_extension=<colcon_core.verb.build.BuildVerb object at 0x74ebec22e510>, main=<bound method BuildVerb.main of <colcon_core.verb.build.BuildVerb object at 0x74ebec22e510>>, mixin_verb=('build',))
[7.504s] Level 1:colcon.colcon_core.package_discovery:discover_packages(colcon_meta) check parameters
[7.505s] Level 1:colcon.colcon_core.package_discovery:discover_packages(recursive) check parameters
[7.505s] Level 1:colcon.colcon_core.package_discovery:discover_packages(ignore) check parameters
[7.505s] Level 1:colcon.colcon_core.package_discovery:discover_packages(path) check parameters
[7.505s] Level 1:colcon.colcon_core.package_discovery:discover_packages(colcon_meta) discover
[7.505s] Level 1:colcon.colcon_core.package_discovery:discover_packages(recursive) discover
[7.505s] INFO:colcon.colcon_core.package_discovery:Crawling recursively for packages in '/home/samah/robot_ws'
[7.505s] Level 1:colcon.colcon_core.package_identification:_identify(.) by extensions ['ignore', 'ignore_ament_install']
[7.505s] Level 1:colcon.colcon_core.package_identification:_identify(.) by extension 'ignore'
[7.505s] Level 1:colcon.colcon_core.package_identification:_identify(.) by extension 'ignore_ament_install'
[7.505s] Level 1:colcon.colcon_core.package_identification:_identify(.) by extensions ['colcon_pkg']
[7.505s] Level 1:colcon.colcon_core.package_identification:_identify(.) by extension 'colcon_pkg'
[7.505s] Level 1:colcon.colcon_core.package_identification:_identify(.) by extensions ['colcon_meta']
[7.505s] Level 1:colcon.colcon_core.package_identification:_identify(.) by extension 'colcon_meta'
[7.505s] Level 1:colcon.colcon_core.package_identification:_identify(.) by extensions ['ros']
[7.505s] Level 1:colcon.colcon_core.package_identification:_identify(.) by extension 'ros'
[7.665s] Level 1:colcon.colcon_core.package_identification:_identify(.) by extensions ['cmake', 'python']
[7.665s] Level 1:colcon.colcon_core.package_identification:_identify(.) by extension 'cmake'
[7.665s] Level 1:colcon.colcon_core.package_identification:_identify(.) by extension 'python'
[7.665s] Level 1:colcon.colcon_core.package_identification:_identify(.) by extensions ['python_setup_py']
[7.665s] Level 1:colcon.colcon_core.package_identification:_identify(.) by extension 'python_setup_py'
[7.666s] Level 1:colcon.colcon_core.package_identification:_identify(build) by extensions ['ignore', 'ignore_ament_install']
[7.666s] Level 1:colcon.colcon_core.package_identification:_identify(build) by extension 'ignore'
[7.666s] Level 1:colcon.colcon_core.package_identification:_identify(build) ignored
[7.666s] Level 1:colcon.colcon_core.package_identification:_identify(install) by extensions ['ignore', 'ignore_ament_install']
[7.666s] Level 1:colcon.colcon_core.package_identification:_identify(install) by extension 'ignore'
[7.666s] Level 1:colcon.colcon_core.package_identification:_identify(install) ignored
[7.666s] Level 1:colcon.colcon_core.package_identification:_identify(log) by extensions ['ignore', 'ignore_ament_install']
[7.666s] Level 1:colcon.colcon_core.package_identification:_identify(log) by extension 'ignore'
[7.667s] Level 1:colcon.colcon_core.package_identification:_identify(log) ignored
[7.667s] Level 1:colcon.colcon_core.package_identification:_identify(src) by extensions ['ignore', 'ignore_ament_install']
[7.667s] Level 1:colcon.colcon_core.package_identification:_identify(src) by extension 'ignore'
[7.667s] Level 1:colcon.colcon_core.package_identification:_identify(src) by extension 'ignore_ament_install'
[7.667s] Level 1:colcon.colcon_core.package_identification:_identify(src) by extensions ['colcon_pkg']
[7.667s] Level 1:colcon.colcon_core.package_identification:_identify(src) by extension 'colcon_pkg'
[7.667s] Level 1:colcon.colcon_core.package_identification:_identify(src) by extensions ['colcon_meta']
[7.667s] Level 1:colcon.colcon_core.package_identification:_identify(src) by extension 'colcon_meta'
[7.667s] Level 1:colcon.colcon_core.package_identification:_identify(src) by extensions ['ros']
[7.667s] Level 1:colcon.colcon_core.package_identification:_identify(src) by extension 'ros'
[7.667s] Level 1:colcon.colcon_core.package_identification:_identify(src) by extensions ['cmake', 'python']
[7.667s] Level 1:colcon.colcon_core.package_identification:_identify(src) by extension 'cmake'
[7.667s] Level 1:colcon.colcon_core.package_identification:_identify(src) by extension 'python'
[7.667s] Level 1:colcon.colcon_core.package_identification:_identify(src) by extensions ['python_setup_py']
[7.667s] Level 1:colcon.colcon_core.package_identification:_identify(src) by extension 'python_setup_py'
[7.667s] Level 1:colcon.colcon_core.package_identification:_identify(src/build) by extensions ['ignore', 'ignore_ament_install']
[7.668s] Level 1:colcon.colcon_core.package_identification:_identify(src/build) by extension 'ignore'
[7.668s] Level 1:colcon.colcon_core.package_identification:_identify(src/build) ignored
[7.668s] Level 1:colcon.colcon_core.package_identification:_identify(src/cartographer_slam) by extensions ['ignore', 'ignore_ament_install']
[7.668s] Level 1:colcon.colcon_core.package_identification:_identify(src/cartographer_slam) by extension 'ignore'
[7.668s] Level 1:colcon.colcon_core.package_identification:_identify(src/cartographer_slam) by extension 'ignore_ament_install'
[7.668s] Level 1:colcon.colcon_core.package_identification:_identify(src/cartographer_slam) by extensions ['colcon_pkg']
[7.668s] Level 1:colcon.colcon_core.package_identification:_identify(src/cartographer_slam) by extension 'colcon_pkg'
[7.668s] Level 1:colcon.colcon_core.package_identification:_identify(src/cartographer_slam) by extensions ['colcon_meta']
[7.668s] Level 1:colcon.colcon_core.package_identification:_identify(src/cartographer_slam) by extension 'colcon_meta'
[7.668s] Level 1:colcon.colcon_core.package_identification:_identify(src/cartographer_slam) by extensions ['ros']
[7.668s] Level 1:colcon.colcon_core.package_identification:_identify(src/cartographer_slam) by extension 'ros'
[7.709s] DEBUG:colcon.colcon_core.package_identification:Package 'src/cartographer_slam' with type 'ros.ament_python' and name 'cartographer_slam'
[7.710s] Level 1:colcon.colcon_core.package_identification:_identify(src/full_coverage) by extensions ['ignore', 'ignore_ament_install']
[7.710s] Level 1:colcon.colcon_core.package_identification:_identify(src/full_coverage) by extension 'ignore'
[7.710s] Level 1:colcon.colcon_core.package_identification:_identify(src/full_coverage) by extension 'ignore_ament_install'
[7.710s] Level 1:colcon.colcon_core.package_identification:_identify(src/full_coverage) by extensions ['colcon_pkg']
[7.710s] Level 1:colcon.colcon_core.package_identification:_identify(src/full_coverage) by extension 'colcon_pkg'
[7.710s] Level 1:colcon.colcon_core.package_identification:_identify(src/full_coverage) by extensions ['colcon_meta']
[7.710s] Level 1:colcon.colcon_core.package_identification:_identify(src/full_coverage) by extension 'colcon_meta'
[7.710s] Level 1:colcon.colcon_core.package_identification:_identify(src/full_coverage) by extensions ['ros']
[7.710s] Level 1:colcon.colcon_core.package_identification:_identify(src/full_coverage) by extension 'ros'
[7.723s] DEBUG:colcon.colcon_core.package_identification:Package 'src/full_coverage' with type 'ros.ament_python' and name 'full_coverage'
[7.724s] Level 1:colcon.colcon_core.package_identification:_identify(src/install) by extensions ['ignore', 'ignore_ament_install']
[7.724s] Level 1:colcon.colcon_core.package_identification:_identify(src/install) by extension 'ignore'
[7.724s] Level 1:colcon.colcon_core.package_identification:_identify(src/install) ignored
[7.724s] Level 1:colcon.colcon_core.package_identification:_identify(src/localization_server) by extensions ['ignore', 'ignore_ament_install']
[7.725s] Level 1:colcon.colcon_core.package_identification:_identify(src/localization_server) by extension 'ignore'
[7.725s] Level 1:colcon.colcon_core.package_identification:_identify(src/localization_server) by extension 'ignore_ament_install'
[7.726s] Level 1:colcon.colcon_core.package_identification:_identify(src/localization_server) by extensions ['colcon_pkg']
[7.726s] Level 1:colcon.colcon_core.package_identification:_identify(src/localization_server) by extension 'colcon_pkg'
[7.726s] Level 1:colcon.colcon_core.package_identification:_identify(src/localization_server) by extensions ['colcon_meta']
[7.726s] Level 1:colcon.colcon_core.package_identification:_identify(src/localization_server) by extension 'colcon_meta'
[7.726s] Level 1:colcon.colcon_core.package_identification:_identify(src/localization_server) by extensions ['ros']
[7.726s] Level 1:colcon.colcon_core.package_identification:_identify(src/localization_server) by extension 'ros'
[7.728s] DEBUG:colcon.colcon_core.package_identification:Package 'src/localization_server' with type 'ros.ament_python' and name 'localization_server'
[7.729s] Level 1:colcon.colcon_core.package_identification:_identify(src/log) by extensions ['ignore', 'ignore_ament_install']
[7.729s] Level 1:colcon.colcon_core.package_identification:_identify(src/log) by extension 'ignore'
[7.729s] Level 1:colcon.colcon_core.package_identification:_identify(src/log) ignored
[7.730s] Level 1:colcon.colcon_core.package_identification:_identify(src/map_server) by extensions ['ignore', 'ignore_ament_install']
[7.730s] Level 1:colcon.colcon_core.package_identification:_identify(src/map_server) by extension 'ignore'
[7.730s] Level 1:colcon.colcon_core.package_identification:_identify(src/map_server) by extension 'ignore_ament_install'
[7.731s] Level 1:colcon.colcon_core.package_identification:_identify(src/map_server) by extensions ['colcon_pkg']
[7.731s] Level 1:colcon.colcon_core.package_identification:_identify(src/map_server) by extension 'colcon_pkg'
[7.731s] Level 1:colcon.colcon_core.package_identification:_identify(src/map_server) by extensions ['colcon_meta']
[7.731s] Level 1:colcon.colcon_core.package_identification:_identify(src/map_server) by extension 'colcon_meta'
[7.731s] Level 1:colcon.colcon_core.package_identification:_identify(src/map_server) by extensions ['ros']
[7.731s] Level 1:colcon.colcon_core.package_identification:_identify(src/map_server) by extension 'ros'
[7.733s] DEBUG:colcon.colcon_core.package_identification:Package 'src/map_server' with type 'ros.ament_python' and name 'map_server'
[7.734s] Level 1:colcon.colcon_core.package_identification:_identify(src/path_planner_server) by extensions ['ignore', 'ignore_ament_install']
[7.734s] Level 1:colcon.colcon_core.package_identification:_identify(src/path_planner_server) by extension 'ignore'
[7.735s] Level 1:colcon.colcon_core.package_identification:_identify(src/path_planner_server) by extension 'ignore_ament_install'
[7.735s] Level 1:colcon.colcon_core.package_identification:_identify(src/path_planner_server) by extensions ['colcon_pkg']
[7.735s] Level 1:colcon.colcon_core.package_identification:_identify(src/path_planner_server) by extension 'colcon_pkg'
[7.735s] Level 1:colcon.colcon_core.package_identification:_identify(src/path_planner_server) by extensions ['colcon_meta']
[7.735s] Level 1:colcon.colcon_core.package_identification:_identify(src/path_planner_server) by extension 'colcon_meta'
[7.736s] Level 1:colcon.colcon_core.package_identification:_identify(src/path_planner_server) by extensions ['ros']
[7.736s] Level 1:colcon.colcon_core.package_identification:_identify(src/path_planner_server) by extension 'ros'
[7.738s] DEBUG:colcon.colcon_core.package_identification:Package 'src/path_planner_server' with type 'ros.ament_python' and name 'path_planner_server'
[7.738s] Level 1:colcon.colcon_core.package_identification:_identify(src/robot_description) by extensions ['ignore', 'ignore_ament_install']
[7.739s] Level 1:colcon.colcon_core.package_identification:_identify(src/robot_description) by extension 'ignore'
[7.739s] Level 1:colcon.colcon_core.package_identification:_identify(src/robot_description) by extension 'ignore_ament_install'
[7.739s] Level 1:colcon.colcon_core.package_identification:_identify(src/robot_description) by extensions ['colcon_pkg']
[7.739s] Level 1:colcon.colcon_core.package_identification:_identify(src/robot_description) by extension 'colcon_pkg'
[7.740s] Level 1:colcon.colcon_core.package_identification:_identify(src/robot_description) by extensions ['colcon_meta']
[7.740s] Level 1:colcon.colcon_core.package_identification:_identify(src/robot_description) by extension 'colcon_meta'
[7.740s] Level 1:colcon.colcon_core.package_identification:_identify(src/robot_description) by extensions ['ros']
[7.740s] Level 1:colcon.colcon_core.package_identification:_identify(src/robot_description) by extension 'ros'
[7.784s] DEBUG:colcon.colcon_core.package_identification:Package 'src/robot_description' with type 'ros.ament_cmake' and name 'robot_description'
[7.784s] Level 1:colcon.colcon_core.package_identification:_identify(src/robot_move) by extensions ['ignore', 'ignore_ament_install']
[7.785s] Level 1:colcon.colcon_core.package_identification:_identify(src/robot_move) by extension 'ignore'
[7.785s] Level 1:colcon.colcon_core.package_identification:_identify(src/robot_move) by extension 'ignore_ament_install'
[7.786s] Level 1:colcon.colcon_core.package_identification:_identify(src/robot_move) by extensions ['colcon_pkg']
[7.786s] Level 1:colcon.colcon_core.package_identification:_identify(src/robot_move) by extension 'colcon_pkg'
[7.786s] Level 1:colcon.colcon_core.package_identification:_identify(src/robot_move) by extensions ['colcon_meta']
[7.786s] Level 1:colcon.colcon_core.package_identification:_identify(src/robot_move) by extension 'colcon_meta'
[7.786s] Level 1:colcon.colcon_core.package_identification:_identify(src/robot_move) by extensions ['ros']
[7.786s] Level 1:colcon.colcon_core.package_identification:_identify(src/robot_move) by extension 'ros'
[7.789s] DEBUG:colcon.colcon_core.package_identification:Package 'src/robot_move' with type 'ros.ament_python' and name 'robot_move'
[7.789s] Level 1:colcon.colcon_core.package_identification:_identify(src/sllidar_ros2) by extensions ['ignore', 'ignore_ament_install']
[7.789s] Level 1:colcon.colcon_core.package_identification:_identify(src/sllidar_ros2) by extension 'ignore'
[7.790s] Level 1:colcon.colcon_core.package_identification:_identify(src/sllidar_ros2) by extension 'ignore_ament_install'
[7.790s] Level 1:colcon.colcon_core.package_identification:_identify(src/sllidar_ros2) by extensions ['colcon_pkg']
[7.790s] Level 1:colcon.colcon_core.package_identification:_identify(src/sllidar_ros2) by extension 'colcon_pkg'
[7.790s] Level 1:colcon.colcon_core.package_identification:_identify(src/sllidar_ros2) by extensions ['colcon_meta']
[7.790s] Level 1:colcon.colcon_core.package_identification:_identify(src/sllidar_ros2) by extension 'colcon_meta'
[7.791s] Level 1:colcon.colcon_core.package_identification:_identify(src/sllidar_ros2) by extensions ['ros']
[7.791s] Level 1:colcon.colcon_core.package_identification:_identify(src/sllidar_ros2) by extension 'ros'
[7.799s] DEBUG:colcon.colcon_core.package_identification:Package 'src/sllidar_ros2' with type 'ros.ament_cmake' and name 'sllidar_ros2'
[7.799s] Level 1:colcon.colcon_core.package_discovery:discover_packages(recursive) using defaults
[7.799s] Level 1:colcon.colcon_core.package_discovery:discover_packages(ignore) discover
[7.799s] Level 1:colcon.colcon_core.package_discovery:discover_packages(ignore) using defaults
[7.800s] Level 1:colcon.colcon_core.package_discovery:discover_packages(path) discover
[7.800s] Level 1:colcon.colcon_core.package_discovery:discover_packages(path) using defaults
[8.054s] INFO:colcon.colcon_core.package_selection:Skipping not selected package 'cartographer_slam' in 'src/cartographer_slam'
[8.054s] INFO:colcon.colcon_core.package_selection:Skipping not selected package 'localization_server' in 'src/localization_server'
[8.054s] INFO:colcon.colcon_core.package_selection:Skipping not selected package 'map_server' in 'src/map_server'
[8.054s] INFO:colcon.colcon_core.package_selection:Skipping not selected package 'path_planner_server' in 'src/path_planner_server'
[8.055s] INFO:colcon.colcon_core.package_selection:Skipping not selected package 'robot_description' in 'src/robot_description'
[8.055s] INFO:colcon.colcon_core.package_selection:Skipping not selected package 'robot_move' in 'src/robot_move'
[8.055s] INFO:colcon.colcon_core.package_selection:Skipping not selected package 'sllidar_ros2' in 'src/sllidar_ros2'
[8.057s] Level 1:colcon.colcon_core.package_discovery:discover_packages(prefix_path) check parameters
[8.057s] Level 1:colcon.colcon_core.package_discovery:discover_packages(prefix_path) discover
[8.147s] DEBUG:colcon.colcon_installed_package_information.package_discovery:Found 364 installed packages in /home/samah/ros2_jazzy/install
[8.149s] DEBUG:colcon.colcon_installed_package_information.package_discovery:Found 252 installed packages in /opt/ros/jazzy
[8.157s] Level 1:colcon.colcon_core.package_discovery:discover_packages(prefix_path) using defaults
[17.723s] Level 5:colcon.colcon_core.verb:set package 'full_coverage' build argument 'cmake_args' from command line to 'None'
[17.724s] Level 5:colcon.colcon_core.verb:set package 'full_coverage' build argument 'cmake_target' from command line to 'None'
[17.724s] Level 5:colcon.colcon_core.verb:set package 'full_coverage' build argument 'cmake_target_skip_unavailable' from command line to 'False'
[17.724s] Level 5:colcon.colcon_core.verb:set package 'full_coverage' build argument 'cmake_clean_cache' from command line to 'False'
[17.724s] Level 5:colcon.colcon_core.verb:set package 'full_coverage' build argument 'cmake_clean_first' from command line to 'False'
[17.724s] Level 5:colcon.colcon_core.verb:set package 'full_coverage' build argument 'cmake_force_configure' from command line to 'False'
[17.724s] Level 5:colcon.colcon_core.verb:set package 'full_coverage' build argument 'ament_cmake_args' from command line to 'None'
[17.724s] Level 5:colcon.colcon_core.verb:set package 'full_coverage' build argument 'catkin_cmake_args' from command line to 'None'
[17.724s] Level 5:colcon.colcon_core.verb:set package 'full_coverage' build argument 'catkin_skip_building_tests' from command line to 'False'
[17.724s] DEBUG:colcon.colcon_core.verb:Building package 'full_coverage' with the following arguments: {'ament_cmake_args': None, 'build_base': '/home/samah/robot_ws/build/full_coverage', 'catkin_cmake_args': None, 'catkin_skip_building_tests': False, 'cmake_args': None, 'cmake_clean_cache': False, 'cmake_clean_first': False, 'cmake_force_configure': False, 'cmake_target': None, 'cmake_target_skip_unavailable': False, 'install_base': '/home/samah/robot_ws/install/full_coverage', 'merge_install': False, 'path': '/home/samah/robot_ws/src/full_coverage', 'symlink_install': True, 'test_result_base': None}
[17.724s] INFO:colcon.colcon_core.executor:Executing jobs using 'parallel' executor
[17.725s] DEBUG:colcon.colcon_parallel_executor.executor.parallel:run_until_complete
[17.725s] INFO:colcon.colcon_ros.task.ament_python.build:Building ROS package in '/home/samah/robot_ws/src/full_coverage' with build type 'ament_python'
[17.725s] Level 1:colcon.colcon_core.shell:create_environment_hook('full_coverage', 'ament_prefix_path')
[17.819s] INFO:colcon.colcon_core.plugin_system:Skipping extension 'colcon_core.shell.bat': Not used on non-Windows systems
[17.820s] INFO:colcon.colcon_core.shell:Creating environment hook '/home/samah/robot_ws/install/full_coverage/share/full_coverage/hook/ament_prefix_path.ps1'
[17.851s] INFO:colcon.colcon_core.shell:Creating environment descriptor '/home/samah/robot_ws/install/full_coverage/share/full_coverage/hook/ament_prefix_path.dsv'
[17.863s] INFO:colcon.colcon_core.shell:Creating environment hook '/home/samah/robot_ws/install/full_coverage/share/full_coverage/hook/ament_prefix_path.sh'
[17.866s] INFO:colcon.colcon_core.shell:Skip shell extension 'powershell' for command environment: Not usable outside of PowerShell
[17.866s] DEBUG:colcon.colcon_core.shell:Skip shell extension 'dsv' for command environment
[18.490s] INFO:colcon.colcon_core.task.python.build:Building Python package in '/home/samah/robot_ws/src/full_coverage'
[18.490s] INFO:colcon.colcon_core.shell:Skip shell extension 'powershell' for command environment: Not usable outside of PowerShell
[18.490s] DEBUG:colcon.colcon_core.shell:Skip shell extension 'dsv' for command environment
[27.304s] DEBUG:colcon.colcon_core.event_handler.log_command:Invoking command in '/home/samah/robot_ws/build/full_coverage': DEBUGINFOD_URLS=https://debuginfod.ubuntu.com PYTHONPATH=/home/samah/robot_ws/build/full_coverage/prefix_override:/usr/lib/python3/dist-packages/colcon_core/task/python/colcon_distutils_commands:/home/samah/robot_ws/install/full_coverage/lib/python3.12/site-packages:${PYTHONPATH} /usr/bin/python3 -W ignore:setup.py install is deprecated -W ignore:easy_install command is deprecated setup.py develop --editable --build-directory /home/samah/robot_ws/build/full_coverage/build --no-deps symlink_data
[29.708s] Level 1:colcon.colcon_core.shell:create_environment_hook('full_coverage', 'pythonpath_develop')
[29.708s] DEBUG:colcon.colcon_core.event_handler.log_command:Invoked command in '/home/samah/robot_ws/build/full_coverage' returned '0': DEBUGINFOD_URLS=https://debuginfod.ubuntu.com PYTHONPATH=/home/samah/robot_ws/build/full_coverage/prefix_override:/usr/lib/python3/dist-packages/colcon_core/task/python/colcon_distutils_commands:/home/samah/robot_ws/install/full_coverage/lib/python3.12/site-packages:${PYTHONPATH} /usr/bin/python3 -W ignore:setup.py install is deprecated -W ignore:easy_install command is deprecated setup.py develop --editable --build-directory /home/samah/robot_ws/build/full_coverage/build --no-deps symlink_data
[29.708s] INFO:colcon.colcon_core.shell:Creating environment hook '/home/samah/robot_ws/build/full_coverage/share/full_coverage/hook/pythonpath_develop.ps1'
[29.709s] INFO:colcon.colcon_core.shell:Creating environment descriptor '/home/samah/robot_ws/build/full_coverage/share/full_coverage/hook/pythonpath_develop.dsv'
[29.709s] INFO:colcon.colcon_core.shell:Creating environment hook '/home/samah/robot_ws/build/full_coverage/share/full_coverage/hook/pythonpath_develop.sh'
[29.822s] Level 1:colcon.colcon_core.environment:checking '/home/samah/robot_ws/install/full_coverage' for CMake module files
[29.822s] Level 1:colcon.colcon_core.environment:checking '/home/samah/robot_ws/install/full_coverage' for CMake config files
[29.823s] Level 1:colcon.colcon_core.environment:checking '/home/samah/robot_ws/install/full_coverage/lib'
[29.823s] Level 1:colcon.colcon_core.environment:checking '/home/samah/robot_ws/install/full_coverage/bin'
[29.823s] Level 1:colcon.colcon_core.environment:checking '/home/samah/robot_ws/install/full_coverage/lib/pkgconfig/full_coverage.pc'
[29.823s] Level 1:colcon.colcon_core.environment:checking '/home/samah/robot_ws/install/full_coverage/lib/python3.12/site-packages'
[29.823s] Level 1:colcon.colcon_core.shell:create_environment_hook('full_coverage', 'pythonpath')
[29.824s] INFO:colcon.colcon_core.shell:Creating environment hook '/home/samah/robot_ws/install/full_coverage/share/full_coverage/hook/pythonpath.ps1'
[29.824s] INFO:colcon.colcon_core.shell:Creating environment descriptor '/home/samah/robot_ws/install/full_coverage/share/full_coverage/hook/pythonpath.dsv'
[29.824s] INFO:colcon.colcon_core.shell:Creating environment hook '/home/samah/robot_ws/install/full_coverage/share/full_coverage/hook/pythonpath.sh'
[29.825s] Level 1:colcon.colcon_core.environment:checking '/home/samah/robot_ws/install/full_coverage/bin'
[29.825s] Level 1:colcon.colcon_core.environment:create_environment_scripts_only(full_coverage)
[29.825s] INFO:colcon.colcon_core.shell:Creating package script '/home/samah/robot_ws/install/full_coverage/share/full_coverage/package.ps1'
[29.834s] INFO:colcon.colcon_core.shell:Creating package descriptor '/home/samah/robot_ws/install/full_coverage/share/full_coverage/package.dsv'
[29.846s] INFO:colcon.colcon_core.shell:Creating package script '/home/samah/robot_ws/install/full_coverage/share/full_coverage/package.sh'
[29.847s] INFO:colcon.colcon_core.shell:Creating package script '/home/samah/robot_ws/install/full_coverage/share/full_coverage/package.bash'
[29.864s] INFO:colcon.colcon_core.shell:Creating package script '/home/samah/robot_ws/install/full_coverage/share/full_coverage/package.zsh'
[29.869s] Level 1:colcon.colcon_core.environment:create_file_with_runtime_dependencies(/home/samah/robot_ws/install/full_coverage/share/colcon-core/packages/full_coverage)
[29.870s] DEBUG:colcon.colcon_parallel_executor.executor.parallel:closing loop
[29.870s] DEBUG:colcon.colcon_parallel_executor.executor.parallel:loop closed
[29.870s] DEBUG:colcon.colcon_parallel_executor.executor.parallel:run_until_complete finished with '0'
[29.870s] DEBUG:colcon.colcon_core.event_reactor:joining thread
[29.933s] INFO:colcon.colcon_core.plugin_system:Skipping extension 'colcon_notification.desktop_notification.terminal_notifier': Not used on non-Darwin systems
[29.934s] INFO:colcon.colcon_core.plugin_system:Skipping extension 'colcon_notification.desktop_notification.win32': Not used on non-Windows systems
[29.934s] INFO:colcon.colcon_notification.desktop_notification:Sending desktop notification using 'notify2'
[29.948s] DEBUG:colcon.colcon_core.event_reactor:joined thread
[29.948s] INFO:colcon.colcon_core.shell:Creating prefix script '/home/samah/robot_ws/install/local_setup.ps1'
[29.969s] INFO:colcon.colcon_core.shell:Creating prefix util module '/home/samah/robot_ws/install/_local_setup_util_ps1.py'
[29.980s] INFO:colcon.colcon_core.shell:Creating prefix chain script '/home/samah/robot_ws/install/setup.ps1'
[29.993s] INFO:colcon.colcon_core.shell:Creating prefix script '/home/samah/robot_ws/install/local_setup.sh'
[29.994s] INFO:colcon.colcon_core.shell:Creating prefix util module '/home/samah/robot_ws/install/_local_setup_util_sh.py'
[29.995s] INFO:colcon.colcon_core.shell:Creating prefix chain script '/home/samah/robot_ws/install/setup.sh'
[30.007s] INFO:colcon.colcon_core.shell:Creating prefix script '/home/samah/robot_ws/install/local_setup.bash'
[30.007s] INFO:colcon.colcon_core.shell:Creating prefix chain script '/home/samah/robot_ws/install/setup.bash'
[30.020s] INFO:colcon.colcon_core.shell:Creating prefix script '/home/samah/robot_ws/install/local_setup.zsh'
[30.020s] INFO:colcon.colcon_core.shell:Creating prefix chain script '/home/samah/robot_ws/install/setup.zsh'
