running develop
running egg_info
creating localization_server.egg-info
writing localization_server.egg-info/PKG-INFO
writing dependency_links to localization_server.egg-info/dependency_links.txt
writing entry points to localization_server.egg-info/entry_points.txt
writing requirements to localization_server.egg-info/requires.txt
writing top-level names to localization_server.egg-info/top_level.txt
writing manifest file 'localization_server.egg-info/SOURCES.txt'
reading manifest file 'localization_server.egg-info/SOURCES.txt'
writing manifest file 'localization_server.egg-info/SOURCES.txt'
running build_ext
Creating /home/samah/robot_ws/install/localization_server/lib/python3.12/site-packages/localization-server.egg-link (link to .)
Installing initial_pose_pub script to /home/samah/robot_ws/install/localization_server/lib/localization_server

Installed /home/samah/robot_ws/build/localization_server
running symlink_data
creating /home/samah/robot_ws/install/localization_server/share/ament_index
creating /home/samah/robot_ws/install/localization_server/share/ament_index/resource_index
creating /home/samah/robot_ws/install/localization_server/share/ament_index/resource_index/packages
symbolically linking /home/samah/robot_ws/build/localization_server/resource/localization_server -> /home/samah/robot_ws/install/localization_server/share/ament_index/resource_index/packages
symbolically linking /home/samah/robot_ws/build/localization_server/package.xml -> /home/samah/robot_ws/install/localization_server/share/localization_server
creating /home/samah/robot_ws/install/localization_server/share/localization_server/launch
symbolically linking /home/samah/robot_ws/build/localization_server/launch/localization.launch.py -> /home/samah/robot_ws/install/localization_server/share/localization_server/launch
creating /home/samah/robot_ws/install/localization_server/share/localization_server/config
symbolically linking /home/samah/robot_ws/build/localization_server/config/amcl_config.yaml -> /home/samah/robot_ws/install/localization_server/share/localization_server/config
