[2.805s] Invoking command in '/home/samah/robot_ws/build/localization_server': DEBUGINFOD_URLS=https://debuginfod.ubuntu.com PYTHONPATH=/home/samah/robot_ws/build/localization_server/prefix_override:/usr/lib/python3/dist-packages/colcon_core/task/python/colcon_distutils_commands:/home/samah/robot_ws/install/localization_server/lib/python3.12/site-packages:${PYTHONPATH} /usr/bin/python3 -W ignore:setup.py install is deprecated -W ignore:easy_install command is deprecated setup.py develop --editable --build-directory /home/samah/robot_ws/build/localization_server/build --no-deps symlink_data
[3.944s] running develop
[4.477s] /usr/lib/python3/dist-packages/setuptools/command/easy_install.py:363: UserWarning: Unbuilt egg for pytest-repeat [unknown version] (/usr/lib/python3/dist-packages)
[4.477s]   self.local_index = Environment(self.shadow_path + sys.path)
[4.583s] running egg_info
[4.583s] creating localization_server.egg-info
[4.670s] writing localization_server.egg-info/PKG-INFO
[4.671s] writing dependency_links to localization_server.egg-info/dependency_links.txt
[4.671s] writing entry points to localization_server.egg-info/entry_points.txt
[4.671s] writing requirements to localization_server.egg-info/requires.txt
[4.672s] writing top-level names to localization_server.egg-info/top_level.txt
[4.672s] writing manifest file 'localization_server.egg-info/SOURCES.txt'
[4.796s] reading manifest file 'localization_server.egg-info/SOURCES.txt'
[4.797s] writing manifest file 'localization_server.egg-info/SOURCES.txt'
[4.869s] running build_ext
[4.869s] Creating /home/samah/robot_ws/install/localization_server/lib/python3.12/site-packages/localization-server.egg-link (link to .)
[4.870s] Installing initial_pose_pub script to /home/samah/robot_ws/install/localization_server/lib/localization_server
[4.871s] 
[4.871s] Installed /home/samah/robot_ws/build/localization_server
[4.871s] running symlink_data
[4.871s] creating /home/samah/robot_ws/install/localization_server/share/ament_index
[4.872s] creating /home/samah/robot_ws/install/localization_server/share/ament_index/resource_index
[4.872s] creating /home/samah/robot_ws/install/localization_server/share/ament_index/resource_index/packages
[4.872s] symbolically linking /home/samah/robot_ws/build/localization_server/resource/localization_server -> /home/samah/robot_ws/install/localization_server/share/ament_index/resource_index/packages
[4.872s] symbolically linking /home/samah/robot_ws/build/localization_server/package.xml -> /home/samah/robot_ws/install/localization_server/share/localization_server
[4.872s] creating /home/samah/robot_ws/install/localization_server/share/localization_server/launch
[4.872s] symbolically linking /home/samah/robot_ws/build/localization_server/launch/localization.launch.py -> /home/samah/robot_ws/install/localization_server/share/localization_server/launch
[4.873s] creating /home/samah/robot_ws/install/localization_server/share/localization_server/config
[4.873s] symbolically linking /home/samah/robot_ws/build/localization_server/config/amcl_config.yaml -> /home/samah/robot_ws/install/localization_server/share/localization_server/config
[4.925s] Invoked command in '/home/samah/robot_ws/build/localization_server' returned '0': DEBUGINFOD_URLS=https://debuginfod.ubuntu.com PYTHONPATH=/home/samah/robot_ws/build/localization_server/prefix_override:/usr/lib/python3/dist-packages/colcon_core/task/python/colcon_distutils_commands:/home/samah/robot_ws/install/localization_server/lib/python3.12/site-packages:${PYTHONPATH} /usr/bin/python3 -W ignore:setup.py install is deprecated -W ignore:easy_install command is deprecated setup.py develop --editable --build-directory /home/samah/robot_ws/build/localization_server/build --no-deps symlink_data
