[4.226s] Invoking command in '/home/samah/robot_ws/build/full_coverage': DEBUGINFOD_URLS=https://debuginfod.ubuntu.com PYTHONPATH=/home/samah/robot_ws/build/full_coverage/prefix_override:/usr/lib/python3/dist-packages/colcon_core/task/python/colcon_distutils_commands:/home/samah/robot_ws/install/full_coverage/lib/python3.12/site-packages:${PYTHONPATH} /usr/bin/python3 -W ignore:setup.py install is deprecated -W ignore:easy_install command is deprecated setup.py develop --editable --build-directory /home/samah/robot_ws/build/full_coverage/build --no-deps symlink_data
[5.990s] running develop
[6.800s] /usr/lib/python3/dist-packages/setuptools/command/easy_install.py:363: UserWarning: Unbuilt egg for pytest-repeat [unknown version] (/usr/lib/python3/dist-packages)
[6.800s]   self.local_index = Environment(self.shadow_path + sys.path)
[6.949s] running egg_info
[7.095s] writing full_coverage.egg-info/PKG-INFO
[7.095s] writing dependency_links to full_coverage.egg-info/dependency_links.txt
[7.096s] writing entry points to full_coverage.egg-info/entry_points.txt
[7.096s] writing requirements to full_coverage.egg-info/requires.txt
[7.096s] writing top-level names to full_coverage.egg-info/top_level.txt
[7.305s] reading manifest file 'full_coverage.egg-info/SOURCES.txt'
[7.306s] writing manifest file 'full_coverage.egg-info/SOURCES.txt'
[7.431s] running build_ext
[7.432s] Creating /home/samah/robot_ws/install/full_coverage/lib/python3.12/site-packages/full-coverage.egg-link (link to .)
[7.433s] Installing coverage_planner script to /home/samah/robot_ws/install/full_coverage/lib/full_coverage
[7.434s] Installing visual script to /home/samah/robot_ws/install/full_coverage/lib/full_coverage
[7.434s] 
[7.435s] Installed /home/samah/robot_ws/build/full_coverage
[7.435s] running symlink_data
[7.509s] Invoked command in '/home/samah/robot_ws/build/full_coverage' returned '0': DEBUGINFOD_URLS=https://debuginfod.ubuntu.com PYTHONPATH=/home/samah/robot_ws/build/full_coverage/prefix_override:/usr/lib/python3/dist-packages/colcon_core/task/python/colcon_distutils_commands:/home/samah/robot_ws/install/full_coverage/lib/python3.12/site-packages:${PYTHONPATH} /usr/bin/python3 -W ignore:setup.py install is deprecated -W ignore:easy_install command is deprecated setup.py develop --editable --build-directory /home/samah/robot_ws/build/full_coverage/build --no-deps symlink_data
