[0.472s] DEBUG:colcon:Command line arguments: ['/usr/bin/colcon', 'build', '--symlink-install', '--packages-select', 'robot_description']
[0.473s] DEBUG:colcon:Parsed command line arguments: Namespace(log_base=None, log_level=None, verb_name='build', build_base='build', install_base='install', merge_install=False, symlink_install=True, test_result_base=None, continue_on_error=False, executor='parallel', parallel_workers=12, event_handlers=None, ignore_user_meta=False, metas=['./colcon.meta'], base_paths=['.'], packages_ignore=None, packages_ignore_regex=None, paths=None, packages_up_to=None, packages_up_to_regex=None, packages_above=None, packages_above_and_dependencies=None, packages_above_depth=None, packages_select_by_dep=None, packages_skip_by_dep=None, packages_skip_up_to=None, packages_select_build_failed=False, packages_skip_build_finished=False, packages_select_test_failures=False, packages_skip_test_passed=False, packages_select=['robot_description'], packages_skip=None, packages_select_regex=None, packages_skip_regex=None, packages_start=None, packages_end=None, allow_overriding=[], cmake_args=None, cmake_target=None, cmake_target_skip_unavailable=False, cmake_clean_cache=False, cmake_clean_first=False, cmake_force_configure=False, ament_cmake_args=None, catkin_cmake_args=None, catkin_skip_building_tests=False, mixin_files=None, mixin=None, verb_parser=<colcon_mixin.mixin.mixin_argument.MixinArgumentDecorator object at 0x79c89d118c80>, verb_extension=<colcon_core.verb.build.BuildVerb object at 0x79c89d1188f0>, main=<bound method BuildVerb.main of <colcon_core.verb.build.BuildVerb object at 0x79c89d1188f0>>, mixin_verb=('build',))
[0.579s] Level 1:colcon.colcon_core.package_discovery:discover_packages(colcon_meta) check parameters
[0.579s] Level 1:colcon.colcon_core.package_discovery:discover_packages(recursive) check parameters
[0.579s] Level 1:colcon.colcon_core.package_discovery:discover_packages(ignore) check parameters
[0.579s] Level 1:colcon.colcon_core.package_discovery:discover_packages(path) check parameters
[0.579s] Level 1:colcon.colcon_core.package_discovery:discover_packages(colcon_meta) discover
[0.579s] Level 1:colcon.colcon_core.package_discovery:discover_packages(recursive) discover
[0.579s] INFO:colcon.colcon_core.package_discovery:Crawling recursively for packages in '/home/samah/robot_ws'
[0.579s] Level 1:colcon.colcon_core.package_identification:_identify(.) by extensions ['ignore', 'ignore_ament_install']
[0.579s] Level 1:colcon.colcon_core.package_identification:_identify(.) by extension 'ignore'
[0.580s] Level 1:colcon.colcon_core.package_identification:_identify(.) by extension 'ignore_ament_install'
[0.580s] Level 1:colcon.colcon_core.package_identification:_identify(.) by extensions ['colcon_pkg']
[0.580s] Level 1:colcon.colcon_core.package_identification:_identify(.) by extension 'colcon_pkg'
[0.580s] Level 1:colcon.colcon_core.package_identification:_identify(.) by extensions ['colcon_meta']
[0.580s] Level 1:colcon.colcon_core.package_identification:_identify(.) by extension 'colcon_meta'
[0.580s] Level 1:colcon.colcon_core.package_identification:_identify(.) by extensions ['ros']
[0.580s] Level 1:colcon.colcon_core.package_identification:_identify(.) by extension 'ros'
[0.633s] Level 1:colcon.colcon_core.package_identification:_identify(.) by extensions ['cmake', 'python']
[0.633s] Level 1:colcon.colcon_core.package_identification:_identify(.) by extension 'cmake'
[0.633s] Level 1:colcon.colcon_core.package_identification:_identify(.) by extension 'python'
[0.633s] Level 1:colcon.colcon_core.package_identification:_identify(.) by extensions ['python_setup_py']
[0.633s] Level 1:colcon.colcon_core.package_identification:_identify(.) by extension 'python_setup_py'
[0.634s] Level 1:colcon.colcon_core.package_identification:_identify(build) by extensions ['ignore', 'ignore_ament_install']
[0.634s] Level 1:colcon.colcon_core.package_identification:_identify(build) by extension 'ignore'
[0.634s] Level 1:colcon.colcon_core.package_identification:_identify(build) ignored
[0.634s] Level 1:colcon.colcon_core.package_identification:_identify(install) by extensions ['ignore', 'ignore_ament_install']
[0.634s] Level 1:colcon.colcon_core.package_identification:_identify(install) by extension 'ignore'
[0.634s] Level 1:colcon.colcon_core.package_identification:_identify(install) ignored
[0.635s] Level 1:colcon.colcon_core.package_identification:_identify(log) by extensions ['ignore', 'ignore_ament_install']
[0.635s] Level 1:colcon.colcon_core.package_identification:_identify(log) by extension 'ignore'
[0.635s] Level 1:colcon.colcon_core.package_identification:_identify(log) ignored
[0.635s] Level 1:colcon.colcon_core.package_identification:_identify(src) by extensions ['ignore', 'ignore_ament_install']
[0.635s] Level 1:colcon.colcon_core.package_identification:_identify(src) by extension 'ignore'
[0.635s] Level 1:colcon.colcon_core.package_identification:_identify(src) by extension 'ignore_ament_install'
[0.636s] Level 1:colcon.colcon_core.package_identification:_identify(src) by extensions ['colcon_pkg']
[0.636s] Level 1:colcon.colcon_core.package_identification:_identify(src) by extension 'colcon_pkg'
[0.636s] Level 1:colcon.colcon_core.package_identification:_identify(src) by extensions ['colcon_meta']
[0.636s] Level 1:colcon.colcon_core.package_identification:_identify(src) by extension 'colcon_meta'
[0.636s] Level 1:colcon.colcon_core.package_identification:_identify(src) by extensions ['ros']
[0.636s] Level 1:colcon.colcon_core.package_identification:_identify(src) by extension 'ros'
[0.636s] Level 1:colcon.colcon_core.package_identification:_identify(src) by extensions ['cmake', 'python']
[0.636s] Level 1:colcon.colcon_core.package_identification:_identify(src) by extension 'cmake'
[0.636s] Level 1:colcon.colcon_core.package_identification:_identify(src) by extension 'python'
[0.636s] Level 1:colcon.colcon_core.package_identification:_identify(src) by extensions ['python_setup_py']
[0.636s] Level 1:colcon.colcon_core.package_identification:_identify(src) by extension 'python_setup_py'
[0.636s] Level 1:colcon.colcon_core.package_identification:_identify(src/cartographer_slam) by extensions ['ignore', 'ignore_ament_install']
[0.637s] Level 1:colcon.colcon_core.package_identification:_identify(src/cartographer_slam) by extension 'ignore'
[0.637s] Level 1:colcon.colcon_core.package_identification:_identify(src/cartographer_slam) by extension 'ignore_ament_install'
[0.637s] Level 1:colcon.colcon_core.package_identification:_identify(src/cartographer_slam) by extensions ['colcon_pkg']
[0.637s] Level 1:colcon.colcon_core.package_identification:_identify(src/cartographer_slam) by extension 'colcon_pkg'
[0.637s] Level 1:colcon.colcon_core.package_identification:_identify(src/cartographer_slam) by extensions ['colcon_meta']
[0.637s] Level 1:colcon.colcon_core.package_identification:_identify(src/cartographer_slam) by extension 'colcon_meta'
[0.637s] Level 1:colcon.colcon_core.package_identification:_identify(src/cartographer_slam) by extensions ['ros']
[0.637s] Level 1:colcon.colcon_core.package_identification:_identify(src/cartographer_slam) by extension 'ros'
[0.640s] DEBUG:colcon.colcon_core.package_identification:Package 'src/cartographer_slam' with type 'ros.ament_python' and name 'cartographer_slam'
[0.640s] Level 1:colcon.colcon_core.package_identification:_identify(src/localization_server) by extensions ['ignore', 'ignore_ament_install']
[0.641s] Level 1:colcon.colcon_core.package_identification:_identify(src/localization_server) by extension 'ignore'
[0.641s] Level 1:colcon.colcon_core.package_identification:_identify(src/localization_server) by extension 'ignore_ament_install'
[0.641s] Level 1:colcon.colcon_core.package_identification:_identify(src/localization_server) by extensions ['colcon_pkg']
[0.641s] Level 1:colcon.colcon_core.package_identification:_identify(src/localization_server) by extension 'colcon_pkg'
[0.641s] Level 1:colcon.colcon_core.package_identification:_identify(src/localization_server) by extensions ['colcon_meta']
[0.641s] Level 1:colcon.colcon_core.package_identification:_identify(src/localization_server) by extension 'colcon_meta'
[0.641s] Level 1:colcon.colcon_core.package_identification:_identify(src/localization_server) by extensions ['ros']
[0.641s] Level 1:colcon.colcon_core.package_identification:_identify(src/localization_server) by extension 'ros'
[0.642s] DEBUG:colcon.colcon_core.package_identification:Package 'src/localization_server' with type 'ros.ament_python' and name 'localization_server'
[0.642s] Level 1:colcon.colcon_core.package_identification:_identify(src/map_server) by extensions ['ignore', 'ignore_ament_install']
[0.642s] Level 1:colcon.colcon_core.package_identification:_identify(src/map_server) by extension 'ignore'
[0.642s] Level 1:colcon.colcon_core.package_identification:_identify(src/map_server) by extension 'ignore_ament_install'
[0.642s] Level 1:colcon.colcon_core.package_identification:_identify(src/map_server) by extensions ['colcon_pkg']
[0.642s] Level 1:colcon.colcon_core.package_identification:_identify(src/map_server) by extension 'colcon_pkg'
[0.642s] Level 1:colcon.colcon_core.package_identification:_identify(src/map_server) by extensions ['colcon_meta']
[0.642s] Level 1:colcon.colcon_core.package_identification:_identify(src/map_server) by extension 'colcon_meta'
[0.642s] Level 1:colcon.colcon_core.package_identification:_identify(src/map_server) by extensions ['ros']
[0.642s] Level 1:colcon.colcon_core.package_identification:_identify(src/map_server) by extension 'ros'
[0.643s] DEBUG:colcon.colcon_core.package_identification:Package 'src/map_server' with type 'ros.ament_python' and name 'map_server'
[0.643s] Level 1:colcon.colcon_core.package_identification:_identify(src/path_planner_server) by extensions ['ignore', 'ignore_ament_install']
[0.643s] Level 1:colcon.colcon_core.package_identification:_identify(src/path_planner_server) by extension 'ignore'
[0.643s] Level 1:colcon.colcon_core.package_identification:_identify(src/path_planner_server) by extension 'ignore_ament_install'
[0.643s] Level 1:colcon.colcon_core.package_identification:_identify(src/path_planner_server) by extensions ['colcon_pkg']
[0.644s] Level 1:colcon.colcon_core.package_identification:_identify(src/path_planner_server) by extension 'colcon_pkg'
[0.644s] Level 1:colcon.colcon_core.package_identification:_identify(src/path_planner_server) by extensions ['colcon_meta']
[0.644s] Level 1:colcon.colcon_core.package_identification:_identify(src/path_planner_server) by extension 'colcon_meta'
[0.644s] Level 1:colcon.colcon_core.package_identification:_identify(src/path_planner_server) by extensions ['ros']
[0.644s] Level 1:colcon.colcon_core.package_identification:_identify(src/path_planner_server) by extension 'ros'
[0.644s] DEBUG:colcon.colcon_core.package_identification:Package 'src/path_planner_server' with type 'ros.ament_python' and name 'path_planner_server'
[0.644s] Level 1:colcon.colcon_core.package_identification:_identify(src/robot_description) by extensions ['ignore', 'ignore_ament_install']
[0.645s] Level 1:colcon.colcon_core.package_identification:_identify(src/robot_description) by extension 'ignore'
[0.645s] Level 1:colcon.colcon_core.package_identification:_identify(src/robot_description) by extension 'ignore_ament_install'
[0.645s] Level 1:colcon.colcon_core.package_identification:_identify(src/robot_description) by extensions ['colcon_pkg']
[0.645s] Level 1:colcon.colcon_core.package_identification:_identify(src/robot_description) by extension 'colcon_pkg'
[0.645s] Level 1:colcon.colcon_core.package_identification:_identify(src/robot_description) by extensions ['colcon_meta']
[0.645s] Level 1:colcon.colcon_core.package_identification:_identify(src/robot_description) by extension 'colcon_meta'
[0.645s] Level 1:colcon.colcon_core.package_identification:_identify(src/robot_description) by extensions ['ros']
[0.645s] Level 1:colcon.colcon_core.package_identification:_identify(src/robot_description) by extension 'ros'
[0.646s] DEBUG:colcon.colcon_core.package_identification:Package 'src/robot_description' with type 'ros.ament_cmake' and name 'robot_description'
[0.646s] Level 1:colcon.colcon_core.package_identification:_identify(src/robot_move) by extensions ['ignore', 'ignore_ament_install']
[0.646s] Level 1:colcon.colcon_core.package_identification:_identify(src/robot_move) by extension 'ignore'
[0.646s] Level 1:colcon.colcon_core.package_identification:_identify(src/robot_move) by extension 'ignore_ament_install'
[0.646s] Level 1:colcon.colcon_core.package_identification:_identify(src/robot_move) by extensions ['colcon_pkg']
[0.646s] Level 1:colcon.colcon_core.package_identification:_identify(src/robot_move) by extension 'colcon_pkg'
[0.646s] Level 1:colcon.colcon_core.package_identification:_identify(src/robot_move) by extensions ['colcon_meta']
[0.646s] Level 1:colcon.colcon_core.package_identification:_identify(src/robot_move) by extension 'colcon_meta'
[0.646s] Level 1:colcon.colcon_core.package_identification:_identify(src/robot_move) by extensions ['ros']
[0.646s] Level 1:colcon.colcon_core.package_identification:_identify(src/robot_move) by extension 'ros'
[0.647s] DEBUG:colcon.colcon_core.package_identification:Package 'src/robot_move' with type 'ros.ament_python' and name 'robot_move'
[0.647s] Level 1:colcon.colcon_core.package_identification:_identify(src/sllidar_ros2) by extensions ['ignore', 'ignore_ament_install']
[0.647s] Level 1:colcon.colcon_core.package_identification:_identify(src/sllidar_ros2) by extension 'ignore'
[0.648s] Level 1:colcon.colcon_core.package_identification:_identify(src/sllidar_ros2) by extension 'ignore_ament_install'
[0.648s] Level 1:colcon.colcon_core.package_identification:_identify(src/sllidar_ros2) by extensions ['colcon_pkg']
[0.648s] Level 1:colcon.colcon_core.package_identification:_identify(src/sllidar_ros2) by extension 'colcon_pkg'
[0.648s] Level 1:colcon.colcon_core.package_identification:_identify(src/sllidar_ros2) by extensions ['colcon_meta']
[0.648s] Level 1:colcon.colcon_core.package_identification:_identify(src/sllidar_ros2) by extension 'colcon_meta'
[0.648s] Level 1:colcon.colcon_core.package_identification:_identify(src/sllidar_ros2) by extensions ['ros']
[0.648s] Level 1:colcon.colcon_core.package_identification:_identify(src/sllidar_ros2) by extension 'ros'
[0.650s] DEBUG:colcon.colcon_core.package_identification:Package 'src/sllidar_ros2' with type 'ros.ament_cmake' and name 'sllidar_ros2'
[0.650s] Level 1:colcon.colcon_core.package_discovery:discover_packages(recursive) using defaults
[0.650s] Level 1:colcon.colcon_core.package_discovery:discover_packages(ignore) discover
[0.650s] Level 1:colcon.colcon_core.package_discovery:discover_packages(ignore) using defaults
[0.650s] Level 1:colcon.colcon_core.package_discovery:discover_packages(path) discover
[0.650s] Level 1:colcon.colcon_core.package_discovery:discover_packages(path) using defaults
[0.711s] INFO:colcon.colcon_core.package_selection:Skipping not selected package 'cartographer_slam' in 'src/cartographer_slam'
[0.711s] INFO:colcon.colcon_core.package_selection:Skipping not selected package 'localization_server' in 'src/localization_server'
[0.711s] INFO:colcon.colcon_core.package_selection:Skipping not selected package 'map_server' in 'src/map_server'
[0.711s] INFO:colcon.colcon_core.package_selection:Skipping not selected package 'path_planner_server' in 'src/path_planner_server'
[0.711s] INFO:colcon.colcon_core.package_selection:Skipping not selected package 'robot_move' in 'src/robot_move'
[0.711s] INFO:colcon.colcon_core.package_selection:Skipping not selected package 'sllidar_ros2' in 'src/sllidar_ros2'
[0.712s] Level 1:colcon.colcon_core.package_discovery:discover_packages(prefix_path) check parameters
[0.712s] Level 1:colcon.colcon_core.package_discovery:discover_packages(prefix_path) discover
[0.764s] DEBUG:colcon.colcon_installed_package_information.package_discovery:Found 364 installed packages in /home/samah/ros2_jazzy/install
[0.766s] DEBUG:colcon.colcon_installed_package_information.package_discovery:Found 203 installed packages in /opt/ros/jazzy
[0.776s] Level 1:colcon.colcon_core.package_discovery:discover_packages(prefix_path) using defaults
[0.872s] Level 5:colcon.colcon_core.verb:set package 'robot_description' build argument 'cmake_args' from command line to 'None'
[0.872s] Level 5:colcon.colcon_core.verb:set package 'robot_description' build argument 'cmake_target' from command line to 'None'
[0.872s] Level 5:colcon.colcon_core.verb:set package 'robot_description' build argument 'cmake_target_skip_unavailable' from command line to 'False'
[0.872s] Level 5:colcon.colcon_core.verb:set package 'robot_description' build argument 'cmake_clean_cache' from command line to 'False'
[0.872s] Level 5:colcon.colcon_core.verb:set package 'robot_description' build argument 'cmake_clean_first' from command line to 'False'
[0.872s] Level 5:colcon.colcon_core.verb:set package 'robot_description' build argument 'cmake_force_configure' from command line to 'False'
[0.873s] Level 5:colcon.colcon_core.verb:set package 'robot_description' build argument 'ament_cmake_args' from command line to 'None'
[0.873s] Level 5:colcon.colcon_core.verb:set package 'robot_description' build argument 'catkin_cmake_args' from command line to 'None'
[0.873s] Level 5:colcon.colcon_core.verb:set package 'robot_description' build argument 'catkin_skip_building_tests' from command line to 'False'
[0.873s] DEBUG:colcon.colcon_core.verb:Building package 'robot_description' with the following arguments: {'ament_cmake_args': None, 'build_base': '/home/samah/robot_ws/build/robot_description', 'catkin_cmake_args': None, 'catkin_skip_building_tests': False, 'cmake_args': None, 'cmake_clean_cache': False, 'cmake_clean_first': False, 'cmake_force_configure': False, 'cmake_target': None, 'cmake_target_skip_unavailable': False, 'install_base': '/home/samah/robot_ws/install/robot_description', 'merge_install': False, 'path': '/home/samah/robot_ws/src/robot_description', 'symlink_install': True, 'test_result_base': None}
[0.873s] INFO:colcon.colcon_core.executor:Executing jobs using 'parallel' executor
[0.874s] DEBUG:colcon.colcon_parallel_executor.executor.parallel:run_until_complete
[0.875s] INFO:colcon.colcon_ros.task.ament_cmake.build:Building ROS package in '/home/samah/robot_ws/src/robot_description' with build type 'ament_cmake'
[0.875s] INFO:colcon.colcon_cmake.task.cmake.build:Building CMake package in '/home/samah/robot_ws/src/robot_description'
[0.887s] INFO:colcon.colcon_core.plugin_system:Skipping extension 'colcon_core.shell.bat': Not used on non-Windows systems
[0.888s] INFO:colcon.colcon_core.shell:Skip shell extension 'powershell' for command environment: Not usable outside of PowerShell
[0.888s] DEBUG:colcon.colcon_core.shell:Skip shell extension 'dsv' for command environment
[0.943s] DEBUG:colcon.colcon_core.event_handler.log_command:Invoking command in '/home/samah/robot_ws/build/robot_description': CMAKE_PREFIX_PATH=${CMAKE_PREFIX_PATH}:/home/samah/ros2_jazzy/install/rqt_bag_plugins:/home/samah/ros2_jazzy/install/rqt_bag:/home/samah/ros2_jazzy/install/rosbag2_examples_py:/home/samah/ros2_jazzy/install/launch_testing_examples:/home/samah/ros2_jazzy/install/ros2bag:/home/samah/ros2_jazzy/install/tracetools_test:/home/samah/ros2_jazzy/install/tracetools_launch:/home/samah/ros2_jazzy/install/topic_monitor:/home/samah/ros2_jazzy/install/tf2_tools:/home/samah/ros2_jazzy/install/examples_tf2_py:/home/samah/ros2_jazzy/install/tf2_ros_py:/home/samah/ros2_jazzy/install/examples_rclpy_pointcloud_publisher:/home/samah/ros2_jazzy/install/sensor_msgs_py:/home/samah/ros2_jazzy/install/quality_of_service_demo_py:/home/samah/ros2_jazzy/install/camera_info_manager_py:/home/samah/ros2_jazzy/install/rqt_plot:/home/samah/ros2_jazzy/install/ros2doctor:/home/samah/ros2_jazzy/install/lifecycle_py:/home/samah/ros2_jazzy/install/examples_rclpy_minimal_subscriber:/home/samah/ros2_jazzy/install/examples_rclpy_minimal_service:/home/samah/ros2_jazzy/install/examples_rclpy_minimal_publisher:/home/samah/ros2_jazzy/install/examples_rclpy_minimal_client:/home/samah/ros2_jazzy/install/examples_rclpy_executors:/home/samah/ros2_jazzy/install/demo_nodes_py:/home/samah/ros2_jazzy/install/rqt:/home/samah/ros2_jazzy/install/ros2component:/home/samah/ros2_jazzy/install/sros2:/home/samah/ros2_jazzy/install/rqt_topic:/home/samah/ros2_jazzy/install/rqt_srv:/home/samah/ros2_jazzy/install/rqt_shell:/home/samah/ros2_jazzy/install/rqt_service_caller:/home/samah/ros2_jazzy/install/rqt_reconfigure:/home/samah/ros2_jazzy/install/rqt_py_console:/home/samah/ros2_jazzy/install/rqt_publisher:/home/samah/ros2_jazzy/install/rqt_action:/home/samah/ros2_jazzy/install/rqt_msg:/home/samah/ros2_jazzy/install/rqt_console:/home/samah/ros2_jazzy/install/rqt_graph:/home/samah/ros2_jazzy/install/rqt_gui_py:/home/samah/ros2_jazzy/install/rqt_gui:/home/samah/ros2_jazzy/install/ros2trace:/home/samah/ros2_jazzy/install/ros2param:/home/samah/ros2_jazzy/install/ros2lifecycle:/home/samah/ros2_jazzy/install/ros2service:/home/samah/ros2_jazzy/install/ros2topic:/home/samah/ros2_jazzy/install/ros2test:/home/samah/ros2_jazzy/install/ros2run:/home/samah/ros2_jazzy/install/ros2launch:/home/samah/ros2_jazzy/install/ros2pkg:/home/samah/ros2_jazzy/install/ros2node:/home/samah/ros2_jazzy/install/ros2multicast:/home/samah/ros2_jazzy/install/ros2interface:/home/samah/ros2_jazzy/install/ros2action:/home/samah/ros2_jazzy/install/ros2cli:/home/samah/ros2_jazzy/install/launch_testing_ros:/home/samah/ros2_jazzy/install/launch_ros:/home/samah/ros2_jazzy/install/examples_rclpy_minimal_action_server:/home/samah/ros2_jazzy/install/examples_rclpy_minimal_action_client:/home/samah/ros2_jazzy/install/examples_rclpy_guard_conditions:/home/samah/ros2_jazzy/install/action_tutorials_py:/home/samah/ros2_jazzy/install/ament_uncrustify:/home/samah/ros2_jazzy/install/tracetools_trace:/home/samah/ros2_jazzy/install/tracetools_read:/home/samah/ros2_jazzy/install/test_tracetools_launch:/home/samah/ros2_jazzy/install/test_ros2trace:/home/samah/ros2_jazzy/install/test_launch_ros:/home/samah/ros2_jazzy/install/rpyutils:/home/samah/ros2_jazzy/install/rosidl_runtime_py:/home/samah/ros2_jazzy/install/rosidl_pycommon:/home/samah/ros2_jazzy/install/rosidl_cli:/home/samah/ros2_jazzy/install/launch_pytest:/home/samah/ros2_jazzy/install/launch_testing:/home/samah/ros2_jazzy/install/launch_yaml:/home/samah/ros2_jazzy/install/launch_xml:/home/samah/ros2_jazzy/install/launch:/home/samah/ros2_jazzy/install/osrf_pycommon:/home/samah/ros2_jazzy/install/domain_coordinator:/home/samah/ros2_jazzy/install/ament_xmllint:/home/samah/ros2_jazzy/install/ament_pyflakes:/home/samah/ros2_jazzy/install/ament_pycodestyle:/home/samah/ros2_jazzy/install/ament_pep257:/home/samah/ros2_jazzy/install/ament_pclint:/home/samah/ros2_jazzy/install/ament_package:/home/samah/ros2_jazzy/install/ament_mypy:/home/samah/ros2_jazzy/install/ament_lint_cmake:/home/samah/ros2_jazzy/install/ament_flake8:/home/samah/ros2_jazzy/install/ament_copyright:/home/samah/ros2_jazzy/install/ament_lint:/home/samah/ros2_jazzy/install/ament_index_python:/home/samah/ros2_jazzy/install/ament_cpplint:/home/samah/ros2_jazzy/install/ament_cppcheck:/home/samah/ros2_jazzy/install/ament_clang_tidy:/home/samah/ros2_jazzy/install/ament_clang_format:/opt/ros/jazzy DEBUGINFOD_URLS=https://debuginfod.ubuntu.com /usr/bin/cmake --build /home/samah/robot_ws/build/robot_description -- -j12 -l12
[1.112s] DEBUG:colcon.colcon_core.event_handler.log_command:Invoked command in '/home/samah/robot_ws/build/robot_description' returned '0': CMAKE_PREFIX_PATH=${CMAKE_PREFIX_PATH}:/home/samah/ros2_jazzy/install/rqt_bag_plugins:/home/samah/ros2_jazzy/install/rqt_bag:/home/samah/ros2_jazzy/install/rosbag2_examples_py:/home/samah/ros2_jazzy/install/launch_testing_examples:/home/samah/ros2_jazzy/install/ros2bag:/home/samah/ros2_jazzy/install/tracetools_test:/home/samah/ros2_jazzy/install/tracetools_launch:/home/samah/ros2_jazzy/install/topic_monitor:/home/samah/ros2_jazzy/install/tf2_tools:/home/samah/ros2_jazzy/install/examples_tf2_py:/home/samah/ros2_jazzy/install/tf2_ros_py:/home/samah/ros2_jazzy/install/examples_rclpy_pointcloud_publisher:/home/samah/ros2_jazzy/install/sensor_msgs_py:/home/samah/ros2_jazzy/install/quality_of_service_demo_py:/home/samah/ros2_jazzy/install/camera_info_manager_py:/home/samah/ros2_jazzy/install/rqt_plot:/home/samah/ros2_jazzy/install/ros2doctor:/home/samah/ros2_jazzy/install/lifecycle_py:/home/samah/ros2_jazzy/install/examples_rclpy_minimal_subscriber:/home/samah/ros2_jazzy/install/examples_rclpy_minimal_service:/home/samah/ros2_jazzy/install/examples_rclpy_minimal_publisher:/home/samah/ros2_jazzy/install/examples_rclpy_minimal_client:/home/samah/ros2_jazzy/install/examples_rclpy_executors:/home/samah/ros2_jazzy/install/demo_nodes_py:/home/samah/ros2_jazzy/install/rqt:/home/samah/ros2_jazzy/install/ros2component:/home/samah/ros2_jazzy/install/sros2:/home/samah/ros2_jazzy/install/rqt_topic:/home/samah/ros2_jazzy/install/rqt_srv:/home/samah/ros2_jazzy/install/rqt_shell:/home/samah/ros2_jazzy/install/rqt_service_caller:/home/samah/ros2_jazzy/install/rqt_reconfigure:/home/samah/ros2_jazzy/install/rqt_py_console:/home/samah/ros2_jazzy/install/rqt_publisher:/home/samah/ros2_jazzy/install/rqt_action:/home/samah/ros2_jazzy/install/rqt_msg:/home/samah/ros2_jazzy/install/rqt_console:/home/samah/ros2_jazzy/install/rqt_graph:/home/samah/ros2_jazzy/install/rqt_gui_py:/home/samah/ros2_jazzy/install/rqt_gui:/home/samah/ros2_jazzy/install/ros2trace:/home/samah/ros2_jazzy/install/ros2param:/home/samah/ros2_jazzy/install/ros2lifecycle:/home/samah/ros2_jazzy/install/ros2service:/home/samah/ros2_jazzy/install/ros2topic:/home/samah/ros2_jazzy/install/ros2test:/home/samah/ros2_jazzy/install/ros2run:/home/samah/ros2_jazzy/install/ros2launch:/home/samah/ros2_jazzy/install/ros2pkg:/home/samah/ros2_jazzy/install/ros2node:/home/samah/ros2_jazzy/install/ros2multicast:/home/samah/ros2_jazzy/install/ros2interface:/home/samah/ros2_jazzy/install/ros2action:/home/samah/ros2_jazzy/install/ros2cli:/home/samah/ros2_jazzy/install/launch_testing_ros:/home/samah/ros2_jazzy/install/launch_ros:/home/samah/ros2_jazzy/install/examples_rclpy_minimal_action_server:/home/samah/ros2_jazzy/install/examples_rclpy_minimal_action_client:/home/samah/ros2_jazzy/install/examples_rclpy_guard_conditions:/home/samah/ros2_jazzy/install/action_tutorials_py:/home/samah/ros2_jazzy/install/ament_uncrustify:/home/samah/ros2_jazzy/install/tracetools_trace:/home/samah/ros2_jazzy/install/tracetools_read:/home/samah/ros2_jazzy/install/test_tracetools_launch:/home/samah/ros2_jazzy/install/test_ros2trace:/home/samah/ros2_jazzy/install/test_launch_ros:/home/samah/ros2_jazzy/install/rpyutils:/home/samah/ros2_jazzy/install/rosidl_runtime_py:/home/samah/ros2_jazzy/install/rosidl_pycommon:/home/samah/ros2_jazzy/install/rosidl_cli:/home/samah/ros2_jazzy/install/launch_pytest:/home/samah/ros2_jazzy/install/launch_testing:/home/samah/ros2_jazzy/install/launch_yaml:/home/samah/ros2_jazzy/install/launch_xml:/home/samah/ros2_jazzy/install/launch:/home/samah/ros2_jazzy/install/osrf_pycommon:/home/samah/ros2_jazzy/install/domain_coordinator:/home/samah/ros2_jazzy/install/ament_xmllint:/home/samah/ros2_jazzy/install/ament_pyflakes:/home/samah/ros2_jazzy/install/ament_pycodestyle:/home/samah/ros2_jazzy/install/ament_pep257:/home/samah/ros2_jazzy/install/ament_pclint:/home/samah/ros2_jazzy/install/ament_package:/home/samah/ros2_jazzy/install/ament_mypy:/home/samah/ros2_jazzy/install/ament_lint_cmake:/home/samah/ros2_jazzy/install/ament_flake8:/home/samah/ros2_jazzy/install/ament_copyright:/home/samah/ros2_jazzy/install/ament_lint:/home/samah/ros2_jazzy/install/ament_index_python:/home/samah/ros2_jazzy/install/ament_cpplint:/home/samah/ros2_jazzy/install/ament_cppcheck:/home/samah/ros2_jazzy/install/ament_clang_tidy:/home/samah/ros2_jazzy/install/ament_clang_format:/opt/ros/jazzy DEBUGINFOD_URLS=https://debuginfod.ubuntu.com /usr/bin/cmake --build /home/samah/robot_ws/build/robot_description -- -j12 -l12
[1.172s] DEBUG:colcon.colcon_core.event_handler.log_command:Invoking command in '/home/samah/robot_ws/build/robot_description': CMAKE_PREFIX_PATH=${CMAKE_PREFIX_PATH}:/home/samah/ros2_jazzy/install/rqt_bag_plugins:/home/samah/ros2_jazzy/install/rqt_bag:/home/samah/ros2_jazzy/install/rosbag2_examples_py:/home/samah/ros2_jazzy/install/launch_testing_examples:/home/samah/ros2_jazzy/install/ros2bag:/home/samah/ros2_jazzy/install/tracetools_test:/home/samah/ros2_jazzy/install/tracetools_launch:/home/samah/ros2_jazzy/install/topic_monitor:/home/samah/ros2_jazzy/install/tf2_tools:/home/samah/ros2_jazzy/install/examples_tf2_py:/home/samah/ros2_jazzy/install/tf2_ros_py:/home/samah/ros2_jazzy/install/examples_rclpy_pointcloud_publisher:/home/samah/ros2_jazzy/install/sensor_msgs_py:/home/samah/ros2_jazzy/install/quality_of_service_demo_py:/home/samah/ros2_jazzy/install/camera_info_manager_py:/home/samah/ros2_jazzy/install/rqt_plot:/home/samah/ros2_jazzy/install/ros2doctor:/home/samah/ros2_jazzy/install/lifecycle_py:/home/samah/ros2_jazzy/install/examples_rclpy_minimal_subscriber:/home/samah/ros2_jazzy/install/examples_rclpy_minimal_service:/home/samah/ros2_jazzy/install/examples_rclpy_minimal_publisher:/home/samah/ros2_jazzy/install/examples_rclpy_minimal_client:/home/samah/ros2_jazzy/install/examples_rclpy_executors:/home/samah/ros2_jazzy/install/demo_nodes_py:/home/samah/ros2_jazzy/install/rqt:/home/samah/ros2_jazzy/install/ros2component:/home/samah/ros2_jazzy/install/sros2:/home/samah/ros2_jazzy/install/rqt_topic:/home/samah/ros2_jazzy/install/rqt_srv:/home/samah/ros2_jazzy/install/rqt_shell:/home/samah/ros2_jazzy/install/rqt_service_caller:/home/samah/ros2_jazzy/install/rqt_reconfigure:/home/samah/ros2_jazzy/install/rqt_py_console:/home/samah/ros2_jazzy/install/rqt_publisher:/home/samah/ros2_jazzy/install/rqt_action:/home/samah/ros2_jazzy/install/rqt_msg:/home/samah/ros2_jazzy/install/rqt_console:/home/samah/ros2_jazzy/install/rqt_graph:/home/samah/ros2_jazzy/install/rqt_gui_py:/home/samah/ros2_jazzy/install/rqt_gui:/home/samah/ros2_jazzy/install/ros2trace:/home/samah/ros2_jazzy/install/ros2param:/home/samah/ros2_jazzy/install/ros2lifecycle:/home/samah/ros2_jazzy/install/ros2service:/home/samah/ros2_jazzy/install/ros2topic:/home/samah/ros2_jazzy/install/ros2test:/home/samah/ros2_jazzy/install/ros2run:/home/samah/ros2_jazzy/install/ros2launch:/home/samah/ros2_jazzy/install/ros2pkg:/home/samah/ros2_jazzy/install/ros2node:/home/samah/ros2_jazzy/install/ros2multicast:/home/samah/ros2_jazzy/install/ros2interface:/home/samah/ros2_jazzy/install/ros2action:/home/samah/ros2_jazzy/install/ros2cli:/home/samah/ros2_jazzy/install/launch_testing_ros:/home/samah/ros2_jazzy/install/launch_ros:/home/samah/ros2_jazzy/install/examples_rclpy_minimal_action_server:/home/samah/ros2_jazzy/install/examples_rclpy_minimal_action_client:/home/samah/ros2_jazzy/install/examples_rclpy_guard_conditions:/home/samah/ros2_jazzy/install/action_tutorials_py:/home/samah/ros2_jazzy/install/ament_uncrustify:/home/samah/ros2_jazzy/install/tracetools_trace:/home/samah/ros2_jazzy/install/tracetools_read:/home/samah/ros2_jazzy/install/test_tracetools_launch:/home/samah/ros2_jazzy/install/test_ros2trace:/home/samah/ros2_jazzy/install/test_launch_ros:/home/samah/ros2_jazzy/install/rpyutils:/home/samah/ros2_jazzy/install/rosidl_runtime_py:/home/samah/ros2_jazzy/install/rosidl_pycommon:/home/samah/ros2_jazzy/install/rosidl_cli:/home/samah/ros2_jazzy/install/launch_pytest:/home/samah/ros2_jazzy/install/launch_testing:/home/samah/ros2_jazzy/install/launch_yaml:/home/samah/ros2_jazzy/install/launch_xml:/home/samah/ros2_jazzy/install/launch:/home/samah/ros2_jazzy/install/osrf_pycommon:/home/samah/ros2_jazzy/install/domain_coordinator:/home/samah/ros2_jazzy/install/ament_xmllint:/home/samah/ros2_jazzy/install/ament_pyflakes:/home/samah/ros2_jazzy/install/ament_pycodestyle:/home/samah/ros2_jazzy/install/ament_pep257:/home/samah/ros2_jazzy/install/ament_pclint:/home/samah/ros2_jazzy/install/ament_package:/home/samah/ros2_jazzy/install/ament_mypy:/home/samah/ros2_jazzy/install/ament_lint_cmake:/home/samah/ros2_jazzy/install/ament_flake8:/home/samah/ros2_jazzy/install/ament_copyright:/home/samah/ros2_jazzy/install/ament_lint:/home/samah/ros2_jazzy/install/ament_index_python:/home/samah/ros2_jazzy/install/ament_cpplint:/home/samah/ros2_jazzy/install/ament_cppcheck:/home/samah/ros2_jazzy/install/ament_clang_tidy:/home/samah/ros2_jazzy/install/ament_clang_format:/opt/ros/jazzy DEBUGINFOD_URLS=https://debuginfod.ubuntu.com /usr/bin/cmake --install /home/samah/robot_ws/build/robot_description
[1.307s] Level 1:colcon.colcon_core.environment:create_environment_scripts_only(robot_description)
[1.312s] DEBUG:colcon.colcon_core.event_handler.log_command:Invoked command in '/home/samah/robot_ws/build/robot_description' returned '0': CMAKE_PREFIX_PATH=${CMAKE_PREFIX_PATH}:/home/samah/ros2_jazzy/install/rqt_bag_plugins:/home/samah/ros2_jazzy/install/rqt_bag:/home/samah/ros2_jazzy/install/rosbag2_examples_py:/home/samah/ros2_jazzy/install/launch_testing_examples:/home/samah/ros2_jazzy/install/ros2bag:/home/samah/ros2_jazzy/install/tracetools_test:/home/samah/ros2_jazzy/install/tracetools_launch:/home/samah/ros2_jazzy/install/topic_monitor:/home/samah/ros2_jazzy/install/tf2_tools:/home/samah/ros2_jazzy/install/examples_tf2_py:/home/samah/ros2_jazzy/install/tf2_ros_py:/home/samah/ros2_jazzy/install/examples_rclpy_pointcloud_publisher:/home/samah/ros2_jazzy/install/sensor_msgs_py:/home/samah/ros2_jazzy/install/quality_of_service_demo_py:/home/samah/ros2_jazzy/install/camera_info_manager_py:/home/samah/ros2_jazzy/install/rqt_plot:/home/samah/ros2_jazzy/install/ros2doctor:/home/samah/ros2_jazzy/install/lifecycle_py:/home/samah/ros2_jazzy/install/examples_rclpy_minimal_subscriber:/home/samah/ros2_jazzy/install/examples_rclpy_minimal_service:/home/samah/ros2_jazzy/install/examples_rclpy_minimal_publisher:/home/samah/ros2_jazzy/install/examples_rclpy_minimal_client:/home/samah/ros2_jazzy/install/examples_rclpy_executors:/home/samah/ros2_jazzy/install/demo_nodes_py:/home/samah/ros2_jazzy/install/rqt:/home/samah/ros2_jazzy/install/ros2component:/home/samah/ros2_jazzy/install/sros2:/home/samah/ros2_jazzy/install/rqt_topic:/home/samah/ros2_jazzy/install/rqt_srv:/home/samah/ros2_jazzy/install/rqt_shell:/home/samah/ros2_jazzy/install/rqt_service_caller:/home/samah/ros2_jazzy/install/rqt_reconfigure:/home/samah/ros2_jazzy/install/rqt_py_console:/home/samah/ros2_jazzy/install/rqt_publisher:/home/samah/ros2_jazzy/install/rqt_action:/home/samah/ros2_jazzy/install/rqt_msg:/home/samah/ros2_jazzy/install/rqt_console:/home/samah/ros2_jazzy/install/rqt_graph:/home/samah/ros2_jazzy/install/rqt_gui_py:/home/samah/ros2_jazzy/install/rqt_gui:/home/samah/ros2_jazzy/install/ros2trace:/home/samah/ros2_jazzy/install/ros2param:/home/samah/ros2_jazzy/install/ros2lifecycle:/home/samah/ros2_jazzy/install/ros2service:/home/samah/ros2_jazzy/install/ros2topic:/home/samah/ros2_jazzy/install/ros2test:/home/samah/ros2_jazzy/install/ros2run:/home/samah/ros2_jazzy/install/ros2launch:/home/samah/ros2_jazzy/install/ros2pkg:/home/samah/ros2_jazzy/install/ros2node:/home/samah/ros2_jazzy/install/ros2multicast:/home/samah/ros2_jazzy/install/ros2interface:/home/samah/ros2_jazzy/install/ros2action:/home/samah/ros2_jazzy/install/ros2cli:/home/samah/ros2_jazzy/install/launch_testing_ros:/home/samah/ros2_jazzy/install/launch_ros:/home/samah/ros2_jazzy/install/examples_rclpy_minimal_action_server:/home/samah/ros2_jazzy/install/examples_rclpy_minimal_action_client:/home/samah/ros2_jazzy/install/examples_rclpy_guard_conditions:/home/samah/ros2_jazzy/install/action_tutorials_py:/home/samah/ros2_jazzy/install/ament_uncrustify:/home/samah/ros2_jazzy/install/tracetools_trace:/home/samah/ros2_jazzy/install/tracetools_read:/home/samah/ros2_jazzy/install/test_tracetools_launch:/home/samah/ros2_jazzy/install/test_ros2trace:/home/samah/ros2_jazzy/install/test_launch_ros:/home/samah/ros2_jazzy/install/rpyutils:/home/samah/ros2_jazzy/install/rosidl_runtime_py:/home/samah/ros2_jazzy/install/rosidl_pycommon:/home/samah/ros2_jazzy/install/rosidl_cli:/home/samah/ros2_jazzy/install/launch_pytest:/home/samah/ros2_jazzy/install/launch_testing:/home/samah/ros2_jazzy/install/launch_yaml:/home/samah/ros2_jazzy/install/launch_xml:/home/samah/ros2_jazzy/install/launch:/home/samah/ros2_jazzy/install/osrf_pycommon:/home/samah/ros2_jazzy/install/domain_coordinator:/home/samah/ros2_jazzy/install/ament_xmllint:/home/samah/ros2_jazzy/install/ament_pyflakes:/home/samah/ros2_jazzy/install/ament_pycodestyle:/home/samah/ros2_jazzy/install/ament_pep257:/home/samah/ros2_jazzy/install/ament_pclint:/home/samah/ros2_jazzy/install/ament_package:/home/samah/ros2_jazzy/install/ament_mypy:/home/samah/ros2_jazzy/install/ament_lint_cmake:/home/samah/ros2_jazzy/install/ament_flake8:/home/samah/ros2_jazzy/install/ament_copyright:/home/samah/ros2_jazzy/install/ament_lint:/home/samah/ros2_jazzy/install/ament_index_python:/home/samah/ros2_jazzy/install/ament_cpplint:/home/samah/ros2_jazzy/install/ament_cppcheck:/home/samah/ros2_jazzy/install/ament_clang_tidy:/home/samah/ros2_jazzy/install/ament_clang_format:/opt/ros/jazzy DEBUGINFOD_URLS=https://debuginfod.ubuntu.com /usr/bin/cmake --install /home/samah/robot_ws/build/robot_description
[1.337s] Level 1:colcon.colcon_core.environment:checking '/home/samah/robot_ws/install/robot_description' for CMake module files
[1.340s] Level 1:colcon.colcon_core.environment:checking '/home/samah/robot_ws/install/robot_description' for CMake config files
[1.341s] Level 1:colcon.colcon_core.shell:create_environment_hook('robot_description', 'cmake_prefix_path')
[1.342s] INFO:colcon.colcon_core.shell:Creating environment hook '/home/samah/robot_ws/install/robot_description/share/robot_description/hook/cmake_prefix_path.ps1'
[1.344s] INFO:colcon.colcon_core.shell:Creating environment descriptor '/home/samah/robot_ws/install/robot_description/share/robot_description/hook/cmake_prefix_path.dsv'
[1.346s] INFO:colcon.colcon_core.shell:Creating environment hook '/home/samah/robot_ws/install/robot_description/share/robot_description/hook/cmake_prefix_path.sh'
[1.350s] Level 1:colcon.colcon_core.environment:checking '/home/samah/robot_ws/install/robot_description/bin'
[1.351s] Level 1:colcon.colcon_core.environment:checking '/home/samah/robot_ws/install/robot_description/lib/pkgconfig/robot_description.pc'
[1.352s] Level 1:colcon.colcon_core.environment:checking '/home/samah/robot_ws/install/robot_description/lib/python3.12/site-packages'
[1.354s] Level 1:colcon.colcon_core.environment:checking '/home/samah/robot_ws/install/robot_description/bin'
[1.355s] INFO:colcon.colcon_core.shell:Creating package script '/home/samah/robot_ws/install/robot_description/share/robot_description/package.ps1'
[1.359s] INFO:colcon.colcon_core.shell:Creating package descriptor '/home/samah/robot_ws/install/robot_description/share/robot_description/package.dsv'
[1.360s] INFO:colcon.colcon_core.shell:Creating package script '/home/samah/robot_ws/install/robot_description/share/robot_description/package.sh'
[1.364s] INFO:colcon.colcon_core.shell:Creating package script '/home/samah/robot_ws/install/robot_description/share/robot_description/package.bash'
[1.367s] INFO:colcon.colcon_core.shell:Creating package script '/home/samah/robot_ws/install/robot_description/share/robot_description/package.zsh'
[1.371s] Level 1:colcon.colcon_core.environment:create_file_with_runtime_dependencies(/home/samah/robot_ws/install/robot_description/share/colcon-core/packages/robot_description)
[1.373s] Level 1:colcon.colcon_core.environment:create_environment_scripts_only(robot_description)
[1.374s] Level 1:colcon.colcon_core.environment:checking '/home/samah/robot_ws/install/robot_description' for CMake module files
[1.376s] Level 1:colcon.colcon_core.environment:checking '/home/samah/robot_ws/install/robot_description' for CMake config files
[1.378s] Level 1:colcon.colcon_core.shell:create_environment_hook('robot_description', 'cmake_prefix_path')
[1.379s] INFO:colcon.colcon_core.shell:Creating environment hook '/home/samah/robot_ws/install/robot_description/share/robot_description/hook/cmake_prefix_path.ps1'
[1.380s] INFO:colcon.colcon_core.shell:Creating environment descriptor '/home/samah/robot_ws/install/robot_description/share/robot_description/hook/cmake_prefix_path.dsv'
[1.381s] INFO:colcon.colcon_core.shell:Creating environment hook '/home/samah/robot_ws/install/robot_description/share/robot_description/hook/cmake_prefix_path.sh'
[1.383s] Level 1:colcon.colcon_core.environment:checking '/home/samah/robot_ws/install/robot_description/bin'
[1.384s] Level 1:colcon.colcon_core.environment:checking '/home/samah/robot_ws/install/robot_description/lib/pkgconfig/robot_description.pc'
[1.385s] Level 1:colcon.colcon_core.environment:checking '/home/samah/robot_ws/install/robot_description/lib/python3.12/site-packages'
[1.386s] Level 1:colcon.colcon_core.environment:checking '/home/samah/robot_ws/install/robot_description/bin'
[1.388s] INFO:colcon.colcon_core.shell:Creating package script '/home/samah/robot_ws/install/robot_description/share/robot_description/package.ps1'
[1.391s] INFO:colcon.colcon_core.shell:Creating package descriptor '/home/samah/robot_ws/install/robot_description/share/robot_description/package.dsv'
[1.393s] INFO:colcon.colcon_core.shell:Creating package script '/home/samah/robot_ws/install/robot_description/share/robot_description/package.sh'
[1.395s] INFO:colcon.colcon_core.shell:Creating package script '/home/samah/robot_ws/install/robot_description/share/robot_description/package.bash'
[1.397s] INFO:colcon.colcon_core.shell:Creating package script '/home/samah/robot_ws/install/robot_description/share/robot_description/package.zsh'
[1.399s] Level 1:colcon.colcon_core.environment:create_file_with_runtime_dependencies(/home/samah/robot_ws/install/robot_description/share/colcon-core/packages/robot_description)
[1.400s] DEBUG:colcon.colcon_parallel_executor.executor.parallel:closing loop
[1.402s] DEBUG:colcon.colcon_parallel_executor.executor.parallel:loop closed
[1.402s] DEBUG:colcon.colcon_parallel_executor.executor.parallel:run_until_complete finished with '0'
[1.403s] DEBUG:colcon.colcon_core.event_reactor:joining thread
[1.453s] INFO:colcon.colcon_core.plugin_system:Skipping extension 'colcon_notification.desktop_notification.terminal_notifier': Not used on non-Darwin systems
[1.453s] INFO:colcon.colcon_core.plugin_system:Skipping extension 'colcon_notification.desktop_notification.win32': Not used on non-Windows systems
[1.453s] INFO:colcon.colcon_notification.desktop_notification:Sending desktop notification using 'notify2'
[1.500s] DEBUG:colcon.colcon_core.event_reactor:joined thread
[1.501s] INFO:colcon.colcon_core.shell:Creating prefix script '/home/samah/robot_ws/install/local_setup.ps1'
[1.504s] INFO:colcon.colcon_core.shell:Creating prefix util module '/home/samah/robot_ws/install/_local_setup_util_ps1.py'
[1.509s] INFO:colcon.colcon_core.shell:Creating prefix chain script '/home/samah/robot_ws/install/setup.ps1'
[1.564s] INFO:colcon.colcon_core.shell:Creating prefix script '/home/samah/robot_ws/install/local_setup.sh'
[1.567s] INFO:colcon.colcon_core.shell:Creating prefix util module '/home/samah/robot_ws/install/_local_setup_util_sh.py'
[1.569s] INFO:colcon.colcon_core.shell:Creating prefix chain script '/home/samah/robot_ws/install/setup.sh'
[1.620s] INFO:colcon.colcon_core.shell:Creating prefix script '/home/samah/robot_ws/install/local_setup.bash'
[1.621s] INFO:colcon.colcon_core.shell:Creating prefix chain script '/home/samah/robot_ws/install/setup.bash'
[1.654s] INFO:colcon.colcon_core.shell:Creating prefix script '/home/samah/robot_ws/install/local_setup.zsh'
[1.655s] INFO:colcon.colcon_core.shell:Creating prefix chain script '/home/samah/robot_ws/install/setup.zsh'
