[1.004s] DEBUG:colcon:Command line arguments: ['/usr/bin/colcon', 'build', '--symlink-install', '--packages-select', 'robot_description']
[1.005s] DEBUG:colcon:Parsed command line arguments: Namespace(log_base=None, log_level=None, verb_name='build', build_base='build', install_base='install', merge_install=False, symlink_install=True, test_result_base=None, continue_on_error=False, executor='parallel', parallel_workers=12, event_handlers=None, ignore_user_meta=False, metas=['./colcon.meta'], base_paths=['.'], packages_ignore=None, packages_ignore_regex=None, paths=None, packages_up_to=None, packages_up_to_regex=None, packages_above=None, packages_above_and_dependencies=None, packages_above_depth=None, packages_select_by_dep=None, packages_skip_by_dep=None, packages_skip_up_to=None, packages_select_build_failed=False, packages_skip_build_finished=False, packages_select_test_failures=False, packages_skip_test_passed=False, packages_select=['robot_description'], packages_skip=None, packages_select_regex=None, packages_skip_regex=None, packages_start=None, packages_end=None, allow_overriding=[], cmake_args=None, cmake_target=None, cmake_target_skip_unavailable=False, cmake_clean_cache=False, cmake_clean_first=False, cmake_force_configure=False, ament_cmake_args=None, catkin_cmake_args=None, catkin_skip_building_tests=False, mixin_files=None, mixin=None, verb_parser=<colcon_mixin.mixin.mixin_argument.MixinArgumentDecorator object at 0x7b18ad70aa50>, verb_extension=<colcon_core.verb.build.BuildVerb object at 0x7b18ad70a6c0>, main=<bound method BuildVerb.main of <colcon_core.verb.build.BuildVerb object at 0x7b18ad70a6c0>>, mixin_verb=('build',))
[1.455s] Level 1:colcon.colcon_core.package_discovery:discover_packages(colcon_meta) check parameters
[1.455s] Level 1:colcon.colcon_core.package_discovery:discover_packages(recursive) check parameters
[1.455s] Level 1:colcon.colcon_core.package_discovery:discover_packages(ignore) check parameters
[1.455s] Level 1:colcon.colcon_core.package_discovery:discover_packages(path) check parameters
[1.455s] Level 1:colcon.colcon_core.package_discovery:discover_packages(colcon_meta) discover
[1.456s] Level 1:colcon.colcon_core.package_discovery:discover_packages(recursive) discover
[1.456s] INFO:colcon.colcon_core.package_discovery:Crawling recursively for packages in '/home/samah/robot_ws'
[1.456s] Level 1:colcon.colcon_core.package_identification:_identify(.) by extensions ['ignore', 'ignore_ament_install']
[1.456s] Level 1:colcon.colcon_core.package_identification:_identify(.) by extension 'ignore'
[1.456s] Level 1:colcon.colcon_core.package_identification:_identify(.) by extension 'ignore_ament_install'
[1.457s] Level 1:colcon.colcon_core.package_identification:_identify(.) by extensions ['colcon_pkg']
[1.457s] Level 1:colcon.colcon_core.package_identification:_identify(.) by extension 'colcon_pkg'
[1.457s] Level 1:colcon.colcon_core.package_identification:_identify(.) by extensions ['colcon_meta']
[1.457s] Level 1:colcon.colcon_core.package_identification:_identify(.) by extension 'colcon_meta'
[1.457s] Level 1:colcon.colcon_core.package_identification:_identify(.) by extensions ['ros']
[1.457s] Level 1:colcon.colcon_core.package_identification:_identify(.) by extension 'ros'
[1.640s] Level 1:colcon.colcon_core.package_identification:_identify(.) by extensions ['cmake', 'python']
[1.640s] Level 1:colcon.colcon_core.package_identification:_identify(.) by extension 'cmake'
[1.640s] Level 1:colcon.colcon_core.package_identification:_identify(.) by extension 'python'
[1.640s] Level 1:colcon.colcon_core.package_identification:_identify(.) by extensions ['python_setup_py']
[1.640s] Level 1:colcon.colcon_core.package_identification:_identify(.) by extension 'python_setup_py'
[1.641s] Level 1:colcon.colcon_core.package_identification:_identify(build) by extensions ['ignore', 'ignore_ament_install']
[1.641s] Level 1:colcon.colcon_core.package_identification:_identify(build) by extension 'ignore'
[1.641s] Level 1:colcon.colcon_core.package_identification:_identify(build) ignored
[1.642s] Level 1:colcon.colcon_core.package_identification:_identify(install) by extensions ['ignore', 'ignore_ament_install']
[1.642s] Level 1:colcon.colcon_core.package_identification:_identify(install) by extension 'ignore'
[1.642s] Level 1:colcon.colcon_core.package_identification:_identify(install) ignored
[1.657s] Level 1:colcon.colcon_core.package_identification:_identify(log) by extensions ['ignore', 'ignore_ament_install']
[1.657s] Level 1:colcon.colcon_core.package_identification:_identify(log) by extension 'ignore'
[1.658s] Level 1:colcon.colcon_core.package_identification:_identify(log) ignored
[1.658s] Level 1:colcon.colcon_core.package_identification:_identify(src) by extensions ['ignore', 'ignore_ament_install']
[1.658s] Level 1:colcon.colcon_core.package_identification:_identify(src) by extension 'ignore'
[1.659s] Level 1:colcon.colcon_core.package_identification:_identify(src) by extension 'ignore_ament_install'
[1.659s] Level 1:colcon.colcon_core.package_identification:_identify(src) by extensions ['colcon_pkg']
[1.659s] Level 1:colcon.colcon_core.package_identification:_identify(src) by extension 'colcon_pkg'
[1.659s] Level 1:colcon.colcon_core.package_identification:_identify(src) by extensions ['colcon_meta']
[1.659s] Level 1:colcon.colcon_core.package_identification:_identify(src) by extension 'colcon_meta'
[1.660s] Level 1:colcon.colcon_core.package_identification:_identify(src) by extensions ['ros']
[1.660s] Level 1:colcon.colcon_core.package_identification:_identify(src) by extension 'ros'
[1.660s] Level 1:colcon.colcon_core.package_identification:_identify(src) by extensions ['cmake', 'python']
[1.660s] Level 1:colcon.colcon_core.package_identification:_identify(src) by extension 'cmake'
[1.660s] Level 1:colcon.colcon_core.package_identification:_identify(src) by extension 'python'
[1.661s] Level 1:colcon.colcon_core.package_identification:_identify(src) by extensions ['python_setup_py']
[1.661s] Level 1:colcon.colcon_core.package_identification:_identify(src) by extension 'python_setup_py'
[1.691s] Level 1:colcon.colcon_core.package_identification:_identify(src/build) by extensions ['ignore', 'ignore_ament_install']
[1.692s] Level 1:colcon.colcon_core.package_identification:_identify(src/build) by extension 'ignore'
[1.692s] Level 1:colcon.colcon_core.package_identification:_identify(src/build) ignored
[1.706s] Level 1:colcon.colcon_core.package_identification:_identify(src/cartographer_slam) by extensions ['ignore', 'ignore_ament_install']
[1.707s] Level 1:colcon.colcon_core.package_identification:_identify(src/cartographer_slam) by extension 'ignore'
[1.707s] Level 1:colcon.colcon_core.package_identification:_identify(src/cartographer_slam) by extension 'ignore_ament_install'
[1.708s] Level 1:colcon.colcon_core.package_identification:_identify(src/cartographer_slam) by extensions ['colcon_pkg']
[1.708s] Level 1:colcon.colcon_core.package_identification:_identify(src/cartographer_slam) by extension 'colcon_pkg'
[1.708s] Level 1:colcon.colcon_core.package_identification:_identify(src/cartographer_slam) by extensions ['colcon_meta']
[1.708s] Level 1:colcon.colcon_core.package_identification:_identify(src/cartographer_slam) by extension 'colcon_meta'
[1.708s] Level 1:colcon.colcon_core.package_identification:_identify(src/cartographer_slam) by extensions ['ros']
[1.708s] Level 1:colcon.colcon_core.package_identification:_identify(src/cartographer_slam) by extension 'ros'
[1.748s] DEBUG:colcon.colcon_core.package_identification:Package 'src/cartographer_slam' with type 'ros.ament_python' and name 'cartographer_slam'
[1.749s] Level 1:colcon.colcon_core.package_identification:_identify(src/full_coverage) by extensions ['ignore', 'ignore_ament_install']
[1.750s] Level 1:colcon.colcon_core.package_identification:_identify(src/full_coverage) by extension 'ignore'
[1.750s] Level 1:colcon.colcon_core.package_identification:_identify(src/full_coverage) by extension 'ignore_ament_install'
[1.750s] Level 1:colcon.colcon_core.package_identification:_identify(src/full_coverage) by extensions ['colcon_pkg']
[1.750s] Level 1:colcon.colcon_core.package_identification:_identify(src/full_coverage) by extension 'colcon_pkg'
[1.751s] Level 1:colcon.colcon_core.package_identification:_identify(src/full_coverage) by extensions ['colcon_meta']
[1.751s] Level 1:colcon.colcon_core.package_identification:_identify(src/full_coverage) by extension 'colcon_meta'
[1.751s] Level 1:colcon.colcon_core.package_identification:_identify(src/full_coverage) by extensions ['ros']
[1.751s] Level 1:colcon.colcon_core.package_identification:_identify(src/full_coverage) by extension 'ros'
[1.764s] DEBUG:colcon.colcon_core.package_identification:Package 'src/full_coverage' with type 'ros.ament_python' and name 'full_coverage'
[1.765s] Level 1:colcon.colcon_core.package_identification:_identify(src/install) by extensions ['ignore', 'ignore_ament_install']
[1.765s] Level 1:colcon.colcon_core.package_identification:_identify(src/install) by extension 'ignore'
[1.765s] Level 1:colcon.colcon_core.package_identification:_identify(src/install) ignored
[1.782s] Level 1:colcon.colcon_core.package_identification:_identify(src/localization_server) by extensions ['ignore', 'ignore_ament_install']
[1.783s] Level 1:colcon.colcon_core.package_identification:_identify(src/localization_server) by extension 'ignore'
[1.783s] Level 1:colcon.colcon_core.package_identification:_identify(src/localization_server) by extension 'ignore_ament_install'
[1.783s] Level 1:colcon.colcon_core.package_identification:_identify(src/localization_server) by extensions ['colcon_pkg']
[1.783s] Level 1:colcon.colcon_core.package_identification:_identify(src/localization_server) by extension 'colcon_pkg'
[1.784s] Level 1:colcon.colcon_core.package_identification:_identify(src/localization_server) by extensions ['colcon_meta']
[1.784s] Level 1:colcon.colcon_core.package_identification:_identify(src/localization_server) by extension 'colcon_meta'
[1.784s] Level 1:colcon.colcon_core.package_identification:_identify(src/localization_server) by extensions ['ros']
[1.784s] Level 1:colcon.colcon_core.package_identification:_identify(src/localization_server) by extension 'ros'
[1.786s] DEBUG:colcon.colcon_core.package_identification:Package 'src/localization_server' with type 'ros.ament_python' and name 'localization_server'
[1.787s] Level 1:colcon.colcon_core.package_identification:_identify(src/log) by extensions ['ignore', 'ignore_ament_install']
[1.788s] Level 1:colcon.colcon_core.package_identification:_identify(src/log) by extension 'ignore'
[1.788s] Level 1:colcon.colcon_core.package_identification:_identify(src/log) ignored
[1.788s] Level 1:colcon.colcon_core.package_identification:_identify(src/map_server) by extensions ['ignore', 'ignore_ament_install']
[1.789s] Level 1:colcon.colcon_core.package_identification:_identify(src/map_server) by extension 'ignore'
[1.789s] Level 1:colcon.colcon_core.package_identification:_identify(src/map_server) by extension 'ignore_ament_install'
[1.789s] Level 1:colcon.colcon_core.package_identification:_identify(src/map_server) by extensions ['colcon_pkg']
[1.789s] Level 1:colcon.colcon_core.package_identification:_identify(src/map_server) by extension 'colcon_pkg'
[1.789s] Level 1:colcon.colcon_core.package_identification:_identify(src/map_server) by extensions ['colcon_meta']
[1.790s] Level 1:colcon.colcon_core.package_identification:_identify(src/map_server) by extension 'colcon_meta'
[1.790s] Level 1:colcon.colcon_core.package_identification:_identify(src/map_server) by extensions ['ros']
[1.790s] Level 1:colcon.colcon_core.package_identification:_identify(src/map_server) by extension 'ros'
[1.792s] DEBUG:colcon.colcon_core.package_identification:Package 'src/map_server' with type 'ros.ament_python' and name 'map_server'
[1.801s] Level 1:colcon.colcon_core.package_identification:_identify(src/path_planner_server) by extensions ['ignore', 'ignore_ament_install']
[1.802s] Level 1:colcon.colcon_core.package_identification:_identify(src/path_planner_server) by extension 'ignore'
[1.802s] Level 1:colcon.colcon_core.package_identification:_identify(src/path_planner_server) by extension 'ignore_ament_install'
[1.802s] Level 1:colcon.colcon_core.package_identification:_identify(src/path_planner_server) by extensions ['colcon_pkg']
[1.802s] Level 1:colcon.colcon_core.package_identification:_identify(src/path_planner_server) by extension 'colcon_pkg'
[1.803s] Level 1:colcon.colcon_core.package_identification:_identify(src/path_planner_server) by extensions ['colcon_meta']
[1.803s] Level 1:colcon.colcon_core.package_identification:_identify(src/path_planner_server) by extension 'colcon_meta'
[1.803s] Level 1:colcon.colcon_core.package_identification:_identify(src/path_planner_server) by extensions ['ros']
[1.803s] Level 1:colcon.colcon_core.package_identification:_identify(src/path_planner_server) by extension 'ros'
[1.805s] DEBUG:colcon.colcon_core.package_identification:Package 'src/path_planner_server' with type 'ros.ament_python' and name 'path_planner_server'
[1.834s] Level 1:colcon.colcon_core.package_identification:_identify(src/robot_description) by extensions ['ignore', 'ignore_ament_install']
[1.834s] Level 1:colcon.colcon_core.package_identification:_identify(src/robot_description) by extension 'ignore'
[1.835s] Level 1:colcon.colcon_core.package_identification:_identify(src/robot_description) by extension 'ignore_ament_install'
[1.835s] Level 1:colcon.colcon_core.package_identification:_identify(src/robot_description) by extensions ['colcon_pkg']
[1.835s] Level 1:colcon.colcon_core.package_identification:_identify(src/robot_description) by extension 'colcon_pkg'
[1.835s] Level 1:colcon.colcon_core.package_identification:_identify(src/robot_description) by extensions ['colcon_meta']
[1.835s] Level 1:colcon.colcon_core.package_identification:_identify(src/robot_description) by extension 'colcon_meta'
[1.836s] Level 1:colcon.colcon_core.package_identification:_identify(src/robot_description) by extensions ['ros']
[1.836s] Level 1:colcon.colcon_core.package_identification:_identify(src/robot_description) by extension 'ros'
[1.850s] DEBUG:colcon.colcon_core.package_identification:Package 'src/robot_description' with type 'ros.ament_cmake' and name 'robot_description'
[1.850s] Level 1:colcon.colcon_core.package_identification:_identify(src/robot_move) by extensions ['ignore', 'ignore_ament_install']
[1.851s] Level 1:colcon.colcon_core.package_identification:_identify(src/robot_move) by extension 'ignore'
[1.851s] Level 1:colcon.colcon_core.package_identification:_identify(src/robot_move) by extension 'ignore_ament_install'
[1.851s] Level 1:colcon.colcon_core.package_identification:_identify(src/robot_move) by extensions ['colcon_pkg']
[1.852s] Level 1:colcon.colcon_core.package_identification:_identify(src/robot_move) by extension 'colcon_pkg'
[1.852s] Level 1:colcon.colcon_core.package_identification:_identify(src/robot_move) by extensions ['colcon_meta']
[1.852s] Level 1:colcon.colcon_core.package_identification:_identify(src/robot_move) by extension 'colcon_meta'
[1.852s] Level 1:colcon.colcon_core.package_identification:_identify(src/robot_move) by extensions ['ros']
[1.852s] Level 1:colcon.colcon_core.package_identification:_identify(src/robot_move) by extension 'ros'
[1.854s] DEBUG:colcon.colcon_core.package_identification:Package 'src/robot_move' with type 'ros.ament_python' and name 'robot_move'
[1.868s] Level 1:colcon.colcon_core.package_identification:_identify(src/sllidar_ros2) by extensions ['ignore', 'ignore_ament_install']
[1.869s] Level 1:colcon.colcon_core.package_identification:_identify(src/sllidar_ros2) by extension 'ignore'
[1.869s] Level 1:colcon.colcon_core.package_identification:_identify(src/sllidar_ros2) by extension 'ignore_ament_install'
[1.870s] Level 1:colcon.colcon_core.package_identification:_identify(src/sllidar_ros2) by extensions ['colcon_pkg']
[1.870s] Level 1:colcon.colcon_core.package_identification:_identify(src/sllidar_ros2) by extension 'colcon_pkg'
[1.870s] Level 1:colcon.colcon_core.package_identification:_identify(src/sllidar_ros2) by extensions ['colcon_meta']
[1.870s] Level 1:colcon.colcon_core.package_identification:_identify(src/sllidar_ros2) by extension 'colcon_meta'
[1.870s] Level 1:colcon.colcon_core.package_identification:_identify(src/sllidar_ros2) by extensions ['ros']
[1.870s] Level 1:colcon.colcon_core.package_identification:_identify(src/sllidar_ros2) by extension 'ros'
[1.891s] DEBUG:colcon.colcon_core.package_identification:Package 'src/sllidar_ros2' with type 'ros.ament_cmake' and name 'sllidar_ros2'
[1.891s] Level 1:colcon.colcon_core.package_discovery:discover_packages(recursive) using defaults
[1.891s] Level 1:colcon.colcon_core.package_discovery:discover_packages(ignore) discover
[1.892s] Level 1:colcon.colcon_core.package_discovery:discover_packages(ignore) using defaults
[1.892s] Level 1:colcon.colcon_core.package_discovery:discover_packages(path) discover
[1.892s] Level 1:colcon.colcon_core.package_discovery:discover_packages(path) using defaults
[2.318s] INFO:colcon.colcon_core.package_selection:Skipping not selected package 'cartographer_slam' in 'src/cartographer_slam'
[2.318s] INFO:colcon.colcon_core.package_selection:Skipping not selected package 'full_coverage' in 'src/full_coverage'
[2.318s] INFO:colcon.colcon_core.package_selection:Skipping not selected package 'localization_server' in 'src/localization_server'
[2.318s] INFO:colcon.colcon_core.package_selection:Skipping not selected package 'map_server' in 'src/map_server'
[2.318s] INFO:colcon.colcon_core.package_selection:Skipping not selected package 'path_planner_server' in 'src/path_planner_server'
[2.318s] INFO:colcon.colcon_core.package_selection:Skipping not selected package 'robot_move' in 'src/robot_move'
[2.318s] INFO:colcon.colcon_core.package_selection:Skipping not selected package 'sllidar_ros2' in 'src/sllidar_ros2'
[2.337s] Level 1:colcon.colcon_core.package_discovery:discover_packages(prefix_path) check parameters
[2.338s] Level 1:colcon.colcon_core.package_discovery:discover_packages(prefix_path) discover
[2.436s] DEBUG:colcon.colcon_installed_package_information.package_discovery:Found 364 installed packages in /home/samah/ros2_jazzy/install
[2.444s] DEBUG:colcon.colcon_installed_package_information.package_discovery:Found 252 installed packages in /opt/ros/jazzy
[2.467s] Level 1:colcon.colcon_core.package_discovery:discover_packages(prefix_path) using defaults
[12.332s] Level 5:colcon.colcon_core.verb:set package 'robot_description' build argument 'cmake_args' from command line to 'None'
[12.332s] Level 5:colcon.colcon_core.verb:set package 'robot_description' build argument 'cmake_target' from command line to 'None'
[12.332s] Level 5:colcon.colcon_core.verb:set package 'robot_description' build argument 'cmake_target_skip_unavailable' from command line to 'False'
[12.332s] Level 5:colcon.colcon_core.verb:set package 'robot_description' build argument 'cmake_clean_cache' from command line to 'False'
[12.332s] Level 5:colcon.colcon_core.verb:set package 'robot_description' build argument 'cmake_clean_first' from command line to 'False'
[12.332s] Level 5:colcon.colcon_core.verb:set package 'robot_description' build argument 'cmake_force_configure' from command line to 'False'
[12.332s] Level 5:colcon.colcon_core.verb:set package 'robot_description' build argument 'ament_cmake_args' from command line to 'None'
[12.332s] Level 5:colcon.colcon_core.verb:set package 'robot_description' build argument 'catkin_cmake_args' from command line to 'None'
[12.332s] Level 5:colcon.colcon_core.verb:set package 'robot_description' build argument 'catkin_skip_building_tests' from command line to 'False'
[12.333s] DEBUG:colcon.colcon_core.verb:Building package 'robot_description' with the following arguments: {'ament_cmake_args': None, 'build_base': '/home/samah/robot_ws/build/robot_description', 'catkin_cmake_args': None, 'catkin_skip_building_tests': False, 'cmake_args': None, 'cmake_clean_cache': False, 'cmake_clean_first': False, 'cmake_force_configure': False, 'cmake_target': None, 'cmake_target_skip_unavailable': False, 'install_base': '/home/samah/robot_ws/install/robot_description', 'merge_install': False, 'path': '/home/samah/robot_ws/src/robot_description', 'symlink_install': True, 'test_result_base': None}
[12.333s] INFO:colcon.colcon_core.executor:Executing jobs using 'parallel' executor
[12.336s] DEBUG:colcon.colcon_parallel_executor.executor.parallel:run_until_complete
[12.337s] INFO:colcon.colcon_ros.task.ament_cmake.build:Building ROS package in '/home/samah/robot_ws/src/robot_description' with build type 'ament_cmake'
[12.337s] INFO:colcon.colcon_cmake.task.cmake.build:Building CMake package in '/home/samah/robot_ws/src/robot_description'
[12.451s] INFO:colcon.colcon_core.plugin_system:Skipping extension 'colcon_core.shell.bat': Not used on non-Windows systems
[12.452s] INFO:colcon.colcon_core.shell:Skip shell extension 'powershell' for command environment: Not usable outside of PowerShell
[12.452s] DEBUG:colcon.colcon_core.shell:Skip shell extension 'dsv' for command environment
[12.615s] DEBUG:colcon.colcon_core.event_handler.log_command:Invoking command in '/home/samah/robot_ws/build/robot_description': CMAKE_PREFIX_PATH=${CMAKE_PREFIX_PATH}:/home/samah/ros2_jazzy/install/rqt_bag_plugins:/home/samah/ros2_jazzy/install/rqt_bag:/home/samah/ros2_jazzy/install/rosbag2_examples_py:/home/samah/ros2_jazzy/install/launch_testing_examples:/home/samah/ros2_jazzy/install/ros2bag:/home/samah/ros2_jazzy/install/tracetools_test:/home/samah/ros2_jazzy/install/tracetools_launch:/home/samah/ros2_jazzy/install/topic_monitor:/home/samah/ros2_jazzy/install/tf2_tools:/home/samah/ros2_jazzy/install/examples_tf2_py:/home/samah/ros2_jazzy/install/tf2_ros_py:/home/samah/ros2_jazzy/install/examples_rclpy_pointcloud_publisher:/home/samah/ros2_jazzy/install/sensor_msgs_py:/home/samah/ros2_jazzy/install/quality_of_service_demo_py:/home/samah/ros2_jazzy/install/camera_info_manager_py:/home/samah/ros2_jazzy/install/rqt_plot:/home/samah/ros2_jazzy/install/ros2doctor:/home/samah/ros2_jazzy/install/lifecycle_py:/home/samah/ros2_jazzy/install/examples_rclpy_minimal_subscriber:/home/samah/ros2_jazzy/install/examples_rclpy_minimal_service:/home/samah/ros2_jazzy/install/examples_rclpy_minimal_publisher:/home/samah/ros2_jazzy/install/examples_rclpy_minimal_client:/home/samah/ros2_jazzy/install/examples_rclpy_executors:/home/samah/ros2_jazzy/install/demo_nodes_py:/home/samah/ros2_jazzy/install/rqt:/home/samah/ros2_jazzy/install/ros2component:/home/samah/ros2_jazzy/install/sros2:/home/samah/ros2_jazzy/install/rqt_topic:/home/samah/ros2_jazzy/install/rqt_srv:/home/samah/ros2_jazzy/install/rqt_shell:/home/samah/ros2_jazzy/install/rqt_service_caller:/home/samah/ros2_jazzy/install/rqt_reconfigure:/home/samah/ros2_jazzy/install/rqt_py_console:/home/samah/ros2_jazzy/install/rqt_publisher:/home/samah/ros2_jazzy/install/rqt_action:/home/samah/ros2_jazzy/install/rqt_msg:/home/samah/ros2_jazzy/install/rqt_console:/home/samah/ros2_jazzy/install/rqt_graph:/home/samah/ros2_jazzy/install/rqt_gui_py:/home/samah/ros2_jazzy/install/rqt_gui:/home/samah/ros2_jazzy/install/ros2trace:/home/samah/ros2_jazzy/install/ros2param:/home/samah/ros2_jazzy/install/ros2lifecycle:/home/samah/ros2_jazzy/install/ros2service:/home/samah/ros2_jazzy/install/ros2topic:/home/samah/ros2_jazzy/install/ros2test:/home/samah/ros2_jazzy/install/ros2run:/home/samah/ros2_jazzy/install/ros2launch:/home/samah/ros2_jazzy/install/ros2pkg:/home/samah/ros2_jazzy/install/ros2node:/home/samah/ros2_jazzy/install/ros2multicast:/home/samah/ros2_jazzy/install/ros2interface:/home/samah/ros2_jazzy/install/ros2action:/home/samah/ros2_jazzy/install/ros2cli:/home/samah/ros2_jazzy/install/launch_testing_ros:/home/samah/ros2_jazzy/install/launch_ros:/home/samah/ros2_jazzy/install/examples_rclpy_minimal_action_server:/home/samah/ros2_jazzy/install/examples_rclpy_minimal_action_client:/home/samah/ros2_jazzy/install/examples_rclpy_guard_conditions:/home/samah/ros2_jazzy/install/action_tutorials_py:/home/samah/ros2_jazzy/install/ament_uncrustify:/home/samah/ros2_jazzy/install/tracetools_trace:/home/samah/ros2_jazzy/install/tracetools_read:/home/samah/ros2_jazzy/install/test_tracetools_launch:/home/samah/ros2_jazzy/install/test_ros2trace:/home/samah/ros2_jazzy/install/test_launch_ros:/home/samah/ros2_jazzy/install/rpyutils:/home/samah/ros2_jazzy/install/rosidl_runtime_py:/home/samah/ros2_jazzy/install/rosidl_pycommon:/home/samah/ros2_jazzy/install/rosidl_cli:/home/samah/ros2_jazzy/install/launch_pytest:/home/samah/ros2_jazzy/install/launch_testing:/home/samah/ros2_jazzy/install/launch_yaml:/home/samah/ros2_jazzy/install/launch_xml:/home/samah/ros2_jazzy/install/launch:/home/samah/ros2_jazzy/install/osrf_pycommon:/home/samah/ros2_jazzy/install/domain_coordinator:/home/samah/ros2_jazzy/install/ament_xmllint:/home/samah/ros2_jazzy/install/ament_pyflakes:/home/samah/ros2_jazzy/install/ament_pycodestyle:/home/samah/ros2_jazzy/install/ament_pep257:/home/samah/ros2_jazzy/install/ament_pclint:/home/samah/ros2_jazzy/install/ament_package:/home/samah/ros2_jazzy/install/ament_mypy:/home/samah/ros2_jazzy/install/ament_lint_cmake:/home/samah/ros2_jazzy/install/ament_flake8:/home/samah/ros2_jazzy/install/ament_copyright:/home/samah/ros2_jazzy/install/ament_lint:/home/samah/ros2_jazzy/install/ament_index_python:/home/samah/ros2_jazzy/install/ament_cpplint:/home/samah/ros2_jazzy/install/ament_cppcheck:/home/samah/ros2_jazzy/install/ament_clang_tidy:/home/samah/ros2_jazzy/install/ament_clang_format:/opt/ros/jazzy DEBUGINFOD_URLS=https://debuginfod.ubuntu.com /usr/bin/cmake --build /home/samah/robot_ws/build/robot_description -- -j12 -l12
[13.884s] DEBUG:colcon.colcon_core.event_handler.log_command:Invoked command in '/home/samah/robot_ws/build/robot_description' returned '0': CMAKE_PREFIX_PATH=${CMAKE_PREFIX_PATH}:/home/samah/ros2_jazzy/install/rqt_bag_plugins:/home/samah/ros2_jazzy/install/rqt_bag:/home/samah/ros2_jazzy/install/rosbag2_examples_py:/home/samah/ros2_jazzy/install/launch_testing_examples:/home/samah/ros2_jazzy/install/ros2bag:/home/samah/ros2_jazzy/install/tracetools_test:/home/samah/ros2_jazzy/install/tracetools_launch:/home/samah/ros2_jazzy/install/topic_monitor:/home/samah/ros2_jazzy/install/tf2_tools:/home/samah/ros2_jazzy/install/examples_tf2_py:/home/samah/ros2_jazzy/install/tf2_ros_py:/home/samah/ros2_jazzy/install/examples_rclpy_pointcloud_publisher:/home/samah/ros2_jazzy/install/sensor_msgs_py:/home/samah/ros2_jazzy/install/quality_of_service_demo_py:/home/samah/ros2_jazzy/install/camera_info_manager_py:/home/samah/ros2_jazzy/install/rqt_plot:/home/samah/ros2_jazzy/install/ros2doctor:/home/samah/ros2_jazzy/install/lifecycle_py:/home/samah/ros2_jazzy/install/examples_rclpy_minimal_subscriber:/home/samah/ros2_jazzy/install/examples_rclpy_minimal_service:/home/samah/ros2_jazzy/install/examples_rclpy_minimal_publisher:/home/samah/ros2_jazzy/install/examples_rclpy_minimal_client:/home/samah/ros2_jazzy/install/examples_rclpy_executors:/home/samah/ros2_jazzy/install/demo_nodes_py:/home/samah/ros2_jazzy/install/rqt:/home/samah/ros2_jazzy/install/ros2component:/home/samah/ros2_jazzy/install/sros2:/home/samah/ros2_jazzy/install/rqt_topic:/home/samah/ros2_jazzy/install/rqt_srv:/home/samah/ros2_jazzy/install/rqt_shell:/home/samah/ros2_jazzy/install/rqt_service_caller:/home/samah/ros2_jazzy/install/rqt_reconfigure:/home/samah/ros2_jazzy/install/rqt_py_console:/home/samah/ros2_jazzy/install/rqt_publisher:/home/samah/ros2_jazzy/install/rqt_action:/home/samah/ros2_jazzy/install/rqt_msg:/home/samah/ros2_jazzy/install/rqt_console:/home/samah/ros2_jazzy/install/rqt_graph:/home/samah/ros2_jazzy/install/rqt_gui_py:/home/samah/ros2_jazzy/install/rqt_gui:/home/samah/ros2_jazzy/install/ros2trace:/home/samah/ros2_jazzy/install/ros2param:/home/samah/ros2_jazzy/install/ros2lifecycle:/home/samah/ros2_jazzy/install/ros2service:/home/samah/ros2_jazzy/install/ros2topic:/home/samah/ros2_jazzy/install/ros2test:/home/samah/ros2_jazzy/install/ros2run:/home/samah/ros2_jazzy/install/ros2launch:/home/samah/ros2_jazzy/install/ros2pkg:/home/samah/ros2_jazzy/install/ros2node:/home/samah/ros2_jazzy/install/ros2multicast:/home/samah/ros2_jazzy/install/ros2interface:/home/samah/ros2_jazzy/install/ros2action:/home/samah/ros2_jazzy/install/ros2cli:/home/samah/ros2_jazzy/install/launch_testing_ros:/home/samah/ros2_jazzy/install/launch_ros:/home/samah/ros2_jazzy/install/examples_rclpy_minimal_action_server:/home/samah/ros2_jazzy/install/examples_rclpy_minimal_action_client:/home/samah/ros2_jazzy/install/examples_rclpy_guard_conditions:/home/samah/ros2_jazzy/install/action_tutorials_py:/home/samah/ros2_jazzy/install/ament_uncrustify:/home/samah/ros2_jazzy/install/tracetools_trace:/home/samah/ros2_jazzy/install/tracetools_read:/home/samah/ros2_jazzy/install/test_tracetools_launch:/home/samah/ros2_jazzy/install/test_ros2trace:/home/samah/ros2_jazzy/install/test_launch_ros:/home/samah/ros2_jazzy/install/rpyutils:/home/samah/ros2_jazzy/install/rosidl_runtime_py:/home/samah/ros2_jazzy/install/rosidl_pycommon:/home/samah/ros2_jazzy/install/rosidl_cli:/home/samah/ros2_jazzy/install/launch_pytest:/home/samah/ros2_jazzy/install/launch_testing:/home/samah/ros2_jazzy/install/launch_yaml:/home/samah/ros2_jazzy/install/launch_xml:/home/samah/ros2_jazzy/install/launch:/home/samah/ros2_jazzy/install/osrf_pycommon:/home/samah/ros2_jazzy/install/domain_coordinator:/home/samah/ros2_jazzy/install/ament_xmllint:/home/samah/ros2_jazzy/install/ament_pyflakes:/home/samah/ros2_jazzy/install/ament_pycodestyle:/home/samah/ros2_jazzy/install/ament_pep257:/home/samah/ros2_jazzy/install/ament_pclint:/home/samah/ros2_jazzy/install/ament_package:/home/samah/ros2_jazzy/install/ament_mypy:/home/samah/ros2_jazzy/install/ament_lint_cmake:/home/samah/ros2_jazzy/install/ament_flake8:/home/samah/ros2_jazzy/install/ament_copyright:/home/samah/ros2_jazzy/install/ament_lint:/home/samah/ros2_jazzy/install/ament_index_python:/home/samah/ros2_jazzy/install/ament_cpplint:/home/samah/ros2_jazzy/install/ament_cppcheck:/home/samah/ros2_jazzy/install/ament_clang_tidy:/home/samah/ros2_jazzy/install/ament_clang_format:/opt/ros/jazzy DEBUGINFOD_URLS=https://debuginfod.ubuntu.com /usr/bin/cmake --build /home/samah/robot_ws/build/robot_description -- -j12 -l12
[13.945s] DEBUG:colcon.colcon_core.event_handler.log_command:Invoking command in '/home/samah/robot_ws/build/robot_description': CMAKE_PREFIX_PATH=${CMAKE_PREFIX_PATH}:/home/samah/ros2_jazzy/install/rqt_bag_plugins:/home/samah/ros2_jazzy/install/rqt_bag:/home/samah/ros2_jazzy/install/rosbag2_examples_py:/home/samah/ros2_jazzy/install/launch_testing_examples:/home/samah/ros2_jazzy/install/ros2bag:/home/samah/ros2_jazzy/install/tracetools_test:/home/samah/ros2_jazzy/install/tracetools_launch:/home/samah/ros2_jazzy/install/topic_monitor:/home/samah/ros2_jazzy/install/tf2_tools:/home/samah/ros2_jazzy/install/examples_tf2_py:/home/samah/ros2_jazzy/install/tf2_ros_py:/home/samah/ros2_jazzy/install/examples_rclpy_pointcloud_publisher:/home/samah/ros2_jazzy/install/sensor_msgs_py:/home/samah/ros2_jazzy/install/quality_of_service_demo_py:/home/samah/ros2_jazzy/install/camera_info_manager_py:/home/samah/ros2_jazzy/install/rqt_plot:/home/samah/ros2_jazzy/install/ros2doctor:/home/samah/ros2_jazzy/install/lifecycle_py:/home/samah/ros2_jazzy/install/examples_rclpy_minimal_subscriber:/home/samah/ros2_jazzy/install/examples_rclpy_minimal_service:/home/samah/ros2_jazzy/install/examples_rclpy_minimal_publisher:/home/samah/ros2_jazzy/install/examples_rclpy_minimal_client:/home/samah/ros2_jazzy/install/examples_rclpy_executors:/home/samah/ros2_jazzy/install/demo_nodes_py:/home/samah/ros2_jazzy/install/rqt:/home/samah/ros2_jazzy/install/ros2component:/home/samah/ros2_jazzy/install/sros2:/home/samah/ros2_jazzy/install/rqt_topic:/home/samah/ros2_jazzy/install/rqt_srv:/home/samah/ros2_jazzy/install/rqt_shell:/home/samah/ros2_jazzy/install/rqt_service_caller:/home/samah/ros2_jazzy/install/rqt_reconfigure:/home/samah/ros2_jazzy/install/rqt_py_console:/home/samah/ros2_jazzy/install/rqt_publisher:/home/samah/ros2_jazzy/install/rqt_action:/home/samah/ros2_jazzy/install/rqt_msg:/home/samah/ros2_jazzy/install/rqt_console:/home/samah/ros2_jazzy/install/rqt_graph:/home/samah/ros2_jazzy/install/rqt_gui_py:/home/samah/ros2_jazzy/install/rqt_gui:/home/samah/ros2_jazzy/install/ros2trace:/home/samah/ros2_jazzy/install/ros2param:/home/samah/ros2_jazzy/install/ros2lifecycle:/home/samah/ros2_jazzy/install/ros2service:/home/samah/ros2_jazzy/install/ros2topic:/home/samah/ros2_jazzy/install/ros2test:/home/samah/ros2_jazzy/install/ros2run:/home/samah/ros2_jazzy/install/ros2launch:/home/samah/ros2_jazzy/install/ros2pkg:/home/samah/ros2_jazzy/install/ros2node:/home/samah/ros2_jazzy/install/ros2multicast:/home/samah/ros2_jazzy/install/ros2interface:/home/samah/ros2_jazzy/install/ros2action:/home/samah/ros2_jazzy/install/ros2cli:/home/samah/ros2_jazzy/install/launch_testing_ros:/home/samah/ros2_jazzy/install/launch_ros:/home/samah/ros2_jazzy/install/examples_rclpy_minimal_action_server:/home/samah/ros2_jazzy/install/examples_rclpy_minimal_action_client:/home/samah/ros2_jazzy/install/examples_rclpy_guard_conditions:/home/samah/ros2_jazzy/install/action_tutorials_py:/home/samah/ros2_jazzy/install/ament_uncrustify:/home/samah/ros2_jazzy/install/tracetools_trace:/home/samah/ros2_jazzy/install/tracetools_read:/home/samah/ros2_jazzy/install/test_tracetools_launch:/home/samah/ros2_jazzy/install/test_ros2trace:/home/samah/ros2_jazzy/install/test_launch_ros:/home/samah/ros2_jazzy/install/rpyutils:/home/samah/ros2_jazzy/install/rosidl_runtime_py:/home/samah/ros2_jazzy/install/rosidl_pycommon:/home/samah/ros2_jazzy/install/rosidl_cli:/home/samah/ros2_jazzy/install/launch_pytest:/home/samah/ros2_jazzy/install/launch_testing:/home/samah/ros2_jazzy/install/launch_yaml:/home/samah/ros2_jazzy/install/launch_xml:/home/samah/ros2_jazzy/install/launch:/home/samah/ros2_jazzy/install/osrf_pycommon:/home/samah/ros2_jazzy/install/domain_coordinator:/home/samah/ros2_jazzy/install/ament_xmllint:/home/samah/ros2_jazzy/install/ament_pyflakes:/home/samah/ros2_jazzy/install/ament_pycodestyle:/home/samah/ros2_jazzy/install/ament_pep257:/home/samah/ros2_jazzy/install/ament_pclint:/home/samah/ros2_jazzy/install/ament_package:/home/samah/ros2_jazzy/install/ament_mypy:/home/samah/ros2_jazzy/install/ament_lint_cmake:/home/samah/ros2_jazzy/install/ament_flake8:/home/samah/ros2_jazzy/install/ament_copyright:/home/samah/ros2_jazzy/install/ament_lint:/home/samah/ros2_jazzy/install/ament_index_python:/home/samah/ros2_jazzy/install/ament_cpplint:/home/samah/ros2_jazzy/install/ament_cppcheck:/home/samah/ros2_jazzy/install/ament_clang_tidy:/home/samah/ros2_jazzy/install/ament_clang_format:/opt/ros/jazzy DEBUGINFOD_URLS=https://debuginfod.ubuntu.com /usr/bin/cmake --install /home/samah/robot_ws/build/robot_description
[14.151s] Level 1:colcon.colcon_core.environment:create_environment_scripts_only(robot_description)
[14.160s] DEBUG:colcon.colcon_core.event_handler.log_command:Invoked command in '/home/samah/robot_ws/build/robot_description' returned '0': CMAKE_PREFIX_PATH=${CMAKE_PREFIX_PATH}:/home/samah/ros2_jazzy/install/rqt_bag_plugins:/home/samah/ros2_jazzy/install/rqt_bag:/home/samah/ros2_jazzy/install/rosbag2_examples_py:/home/samah/ros2_jazzy/install/launch_testing_examples:/home/samah/ros2_jazzy/install/ros2bag:/home/samah/ros2_jazzy/install/tracetools_test:/home/samah/ros2_jazzy/install/tracetools_launch:/home/samah/ros2_jazzy/install/topic_monitor:/home/samah/ros2_jazzy/install/tf2_tools:/home/samah/ros2_jazzy/install/examples_tf2_py:/home/samah/ros2_jazzy/install/tf2_ros_py:/home/samah/ros2_jazzy/install/examples_rclpy_pointcloud_publisher:/home/samah/ros2_jazzy/install/sensor_msgs_py:/home/samah/ros2_jazzy/install/quality_of_service_demo_py:/home/samah/ros2_jazzy/install/camera_info_manager_py:/home/samah/ros2_jazzy/install/rqt_plot:/home/samah/ros2_jazzy/install/ros2doctor:/home/samah/ros2_jazzy/install/lifecycle_py:/home/samah/ros2_jazzy/install/examples_rclpy_minimal_subscriber:/home/samah/ros2_jazzy/install/examples_rclpy_minimal_service:/home/samah/ros2_jazzy/install/examples_rclpy_minimal_publisher:/home/samah/ros2_jazzy/install/examples_rclpy_minimal_client:/home/samah/ros2_jazzy/install/examples_rclpy_executors:/home/samah/ros2_jazzy/install/demo_nodes_py:/home/samah/ros2_jazzy/install/rqt:/home/samah/ros2_jazzy/install/ros2component:/home/samah/ros2_jazzy/install/sros2:/home/samah/ros2_jazzy/install/rqt_topic:/home/samah/ros2_jazzy/install/rqt_srv:/home/samah/ros2_jazzy/install/rqt_shell:/home/samah/ros2_jazzy/install/rqt_service_caller:/home/samah/ros2_jazzy/install/rqt_reconfigure:/home/samah/ros2_jazzy/install/rqt_py_console:/home/samah/ros2_jazzy/install/rqt_publisher:/home/samah/ros2_jazzy/install/rqt_action:/home/samah/ros2_jazzy/install/rqt_msg:/home/samah/ros2_jazzy/install/rqt_console:/home/samah/ros2_jazzy/install/rqt_graph:/home/samah/ros2_jazzy/install/rqt_gui_py:/home/samah/ros2_jazzy/install/rqt_gui:/home/samah/ros2_jazzy/install/ros2trace:/home/samah/ros2_jazzy/install/ros2param:/home/samah/ros2_jazzy/install/ros2lifecycle:/home/samah/ros2_jazzy/install/ros2service:/home/samah/ros2_jazzy/install/ros2topic:/home/samah/ros2_jazzy/install/ros2test:/home/samah/ros2_jazzy/install/ros2run:/home/samah/ros2_jazzy/install/ros2launch:/home/samah/ros2_jazzy/install/ros2pkg:/home/samah/ros2_jazzy/install/ros2node:/home/samah/ros2_jazzy/install/ros2multicast:/home/samah/ros2_jazzy/install/ros2interface:/home/samah/ros2_jazzy/install/ros2action:/home/samah/ros2_jazzy/install/ros2cli:/home/samah/ros2_jazzy/install/launch_testing_ros:/home/samah/ros2_jazzy/install/launch_ros:/home/samah/ros2_jazzy/install/examples_rclpy_minimal_action_server:/home/samah/ros2_jazzy/install/examples_rclpy_minimal_action_client:/home/samah/ros2_jazzy/install/examples_rclpy_guard_conditions:/home/samah/ros2_jazzy/install/action_tutorials_py:/home/samah/ros2_jazzy/install/ament_uncrustify:/home/samah/ros2_jazzy/install/tracetools_trace:/home/samah/ros2_jazzy/install/tracetools_read:/home/samah/ros2_jazzy/install/test_tracetools_launch:/home/samah/ros2_jazzy/install/test_ros2trace:/home/samah/ros2_jazzy/install/test_launch_ros:/home/samah/ros2_jazzy/install/rpyutils:/home/samah/ros2_jazzy/install/rosidl_runtime_py:/home/samah/ros2_jazzy/install/rosidl_pycommon:/home/samah/ros2_jazzy/install/rosidl_cli:/home/samah/ros2_jazzy/install/launch_pytest:/home/samah/ros2_jazzy/install/launch_testing:/home/samah/ros2_jazzy/install/launch_yaml:/home/samah/ros2_jazzy/install/launch_xml:/home/samah/ros2_jazzy/install/launch:/home/samah/ros2_jazzy/install/osrf_pycommon:/home/samah/ros2_jazzy/install/domain_coordinator:/home/samah/ros2_jazzy/install/ament_xmllint:/home/samah/ros2_jazzy/install/ament_pyflakes:/home/samah/ros2_jazzy/install/ament_pycodestyle:/home/samah/ros2_jazzy/install/ament_pep257:/home/samah/ros2_jazzy/install/ament_pclint:/home/samah/ros2_jazzy/install/ament_package:/home/samah/ros2_jazzy/install/ament_mypy:/home/samah/ros2_jazzy/install/ament_lint_cmake:/home/samah/ros2_jazzy/install/ament_flake8:/home/samah/ros2_jazzy/install/ament_copyright:/home/samah/ros2_jazzy/install/ament_lint:/home/samah/ros2_jazzy/install/ament_index_python:/home/samah/ros2_jazzy/install/ament_cpplint:/home/samah/ros2_jazzy/install/ament_cppcheck:/home/samah/ros2_jazzy/install/ament_clang_tidy:/home/samah/ros2_jazzy/install/ament_clang_format:/opt/ros/jazzy DEBUGINFOD_URLS=https://debuginfod.ubuntu.com /usr/bin/cmake --install /home/samah/robot_ws/build/robot_description
[14.275s] Level 1:colcon.colcon_core.environment:checking '/home/samah/robot_ws/install/robot_description' for CMake module files
[14.278s] Level 1:colcon.colcon_core.environment:checking '/home/samah/robot_ws/install/robot_description' for CMake config files
[14.281s] Level 1:colcon.colcon_core.shell:create_environment_hook('robot_description', 'cmake_prefix_path')
[14.282s] INFO:colcon.colcon_core.shell:Creating environment hook '/home/samah/robot_ws/install/robot_description/share/robot_description/hook/cmake_prefix_path.ps1'
[14.310s] INFO:colcon.colcon_core.shell:Creating environment descriptor '/home/samah/robot_ws/install/robot_description/share/robot_description/hook/cmake_prefix_path.dsv'
[14.330s] INFO:colcon.colcon_core.shell:Creating environment hook '/home/samah/robot_ws/install/robot_description/share/robot_description/hook/cmake_prefix_path.sh'
[14.333s] Level 1:colcon.colcon_core.environment:checking '/home/samah/robot_ws/install/robot_description/bin'
[14.334s] Level 1:colcon.colcon_core.environment:checking '/home/samah/robot_ws/install/robot_description/lib/pkgconfig/robot_description.pc'
[14.335s] Level 1:colcon.colcon_core.environment:checking '/home/samah/robot_ws/install/robot_description/lib/python3.12/site-packages'
[14.335s] Level 1:colcon.colcon_core.environment:checking '/home/samah/robot_ws/install/robot_description/bin'
[14.336s] INFO:colcon.colcon_core.shell:Creating package script '/home/samah/robot_ws/install/robot_description/share/robot_description/package.ps1'
[14.339s] INFO:colcon.colcon_core.shell:Creating package descriptor '/home/samah/robot_ws/install/robot_description/share/robot_description/package.dsv'
[14.341s] INFO:colcon.colcon_core.shell:Creating package script '/home/samah/robot_ws/install/robot_description/share/robot_description/package.sh'
[14.344s] INFO:colcon.colcon_core.shell:Creating package script '/home/samah/robot_ws/install/robot_description/share/robot_description/package.bash'
[14.357s] INFO:colcon.colcon_core.shell:Creating package script '/home/samah/robot_ws/install/robot_description/share/robot_description/package.zsh'
[14.371s] Level 1:colcon.colcon_core.environment:create_file_with_runtime_dependencies(/home/samah/robot_ws/install/robot_description/share/colcon-core/packages/robot_description)
[14.373s] Level 1:colcon.colcon_core.environment:create_environment_scripts_only(robot_description)
[14.373s] Level 1:colcon.colcon_core.environment:checking '/home/samah/robot_ws/install/robot_description' for CMake module files
[14.375s] Level 1:colcon.colcon_core.environment:checking '/home/samah/robot_ws/install/robot_description' for CMake config files
[14.376s] Level 1:colcon.colcon_core.shell:create_environment_hook('robot_description', 'cmake_prefix_path')
[14.377s] INFO:colcon.colcon_core.shell:Creating environment hook '/home/samah/robot_ws/install/robot_description/share/robot_description/hook/cmake_prefix_path.ps1'
[14.378s] INFO:colcon.colcon_core.shell:Creating environment descriptor '/home/samah/robot_ws/install/robot_description/share/robot_description/hook/cmake_prefix_path.dsv'
[14.379s] INFO:colcon.colcon_core.shell:Creating environment hook '/home/samah/robot_ws/install/robot_description/share/robot_description/hook/cmake_prefix_path.sh'
[14.381s] Level 1:colcon.colcon_core.environment:checking '/home/samah/robot_ws/install/robot_description/bin'
[14.381s] Level 1:colcon.colcon_core.environment:checking '/home/samah/robot_ws/install/robot_description/lib/pkgconfig/robot_description.pc'
[14.382s] Level 1:colcon.colcon_core.environment:checking '/home/samah/robot_ws/install/robot_description/lib/python3.12/site-packages'
[14.383s] Level 1:colcon.colcon_core.environment:checking '/home/samah/robot_ws/install/robot_description/bin'
[14.384s] INFO:colcon.colcon_core.shell:Creating package script '/home/samah/robot_ws/install/robot_description/share/robot_description/package.ps1'
[14.386s] INFO:colcon.colcon_core.shell:Creating package descriptor '/home/samah/robot_ws/install/robot_description/share/robot_description/package.dsv'
[14.387s] INFO:colcon.colcon_core.shell:Creating package script '/home/samah/robot_ws/install/robot_description/share/robot_description/package.sh'
[14.389s] INFO:colcon.colcon_core.shell:Creating package script '/home/samah/robot_ws/install/robot_description/share/robot_description/package.bash'
[14.390s] INFO:colcon.colcon_core.shell:Creating package script '/home/samah/robot_ws/install/robot_description/share/robot_description/package.zsh'
[14.392s] Level 1:colcon.colcon_core.environment:create_file_with_runtime_dependencies(/home/samah/robot_ws/install/robot_description/share/colcon-core/packages/robot_description)
[14.392s] DEBUG:colcon.colcon_parallel_executor.executor.parallel:closing loop
[14.393s] DEBUG:colcon.colcon_parallel_executor.executor.parallel:loop closed
[14.394s] DEBUG:colcon.colcon_parallel_executor.executor.parallel:run_until_complete finished with '0'
[14.394s] DEBUG:colcon.colcon_core.event_reactor:joining thread
[14.518s] INFO:colcon.colcon_core.plugin_system:Skipping extension 'colcon_notification.desktop_notification.terminal_notifier': Not used on non-Darwin systems
[14.519s] INFO:colcon.colcon_core.plugin_system:Skipping extension 'colcon_notification.desktop_notification.win32': Not used on non-Windows systems
[14.519s] INFO:colcon.colcon_notification.desktop_notification:Sending desktop notification using 'notify2'
[14.594s] DEBUG:colcon.colcon_core.event_reactor:joined thread
[14.595s] INFO:colcon.colcon_core.shell:Creating prefix script '/home/samah/robot_ws/install/local_setup.ps1'
[14.598s] INFO:colcon.colcon_core.shell:Creating prefix util module '/home/samah/robot_ws/install/_local_setup_util_ps1.py'
[14.615s] INFO:colcon.colcon_core.shell:Creating prefix chain script '/home/samah/robot_ws/install/setup.ps1'
[14.661s] INFO:colcon.colcon_core.shell:Creating prefix script '/home/samah/robot_ws/install/local_setup.sh'
[14.664s] INFO:colcon.colcon_core.shell:Creating prefix util module '/home/samah/robot_ws/install/_local_setup_util_sh.py'
[14.666s] INFO:colcon.colcon_core.shell:Creating prefix chain script '/home/samah/robot_ws/install/setup.sh'
[14.710s] INFO:colcon.colcon_core.shell:Creating prefix script '/home/samah/robot_ws/install/local_setup.bash'
[14.711s] INFO:colcon.colcon_core.shell:Creating prefix chain script '/home/samah/robot_ws/install/setup.bash'
[14.733s] INFO:colcon.colcon_core.shell:Creating prefix script '/home/samah/robot_ws/install/local_setup.zsh'
[14.735s] INFO:colcon.colcon_core.shell:Creating prefix chain script '/home/samah/robot_ws/install/setup.zsh'
