[4.418s] Invoking command in '/home/samah/robot_ws/build/full_coverage': DEBUGINFOD_URLS=https://debuginfod.ubuntu.com PYTHONPATH=/home/samah/robot_ws/build/full_coverage/prefix_override:/usr/lib/python3/dist-packages/colcon_core/task/python/colcon_distutils_commands:/home/samah/robot_ws/install/full_coverage/lib/python3.12/site-packages:${PYTHONPATH} /usr/bin/python3 -W ignore:setup.py install is deprecated -W ignore:easy_install command is deprecated setup.py develop --editable --build-directory /home/samah/robot_ws/build/full_coverage/build --no-deps symlink_data
[6.265s] running develop
[7.125s] /usr/lib/python3/dist-packages/setuptools/command/easy_install.py:363: UserWarning: Unbuilt egg for pytest-repeat [unknown version] (/usr/lib/python3/dist-packages)
[7.125s]   self.local_index = Environment(self.shadow_path + sys.path)
[7.288s] running egg_info
[7.417s] writing full_coverage.egg-info/PKG-INFO
[7.418s] writing dependency_links to full_coverage.egg-info/dependency_links.txt
[7.418s] writing entry points to full_coverage.egg-info/entry_points.txt
[7.419s] writing requirements to full_coverage.egg-info/requires.txt
[7.419s] writing top-level names to full_coverage.egg-info/top_level.txt
[7.609s] reading manifest file 'full_coverage.egg-info/SOURCES.txt'
[7.610s] writing manifest file 'full_coverage.egg-info/SOURCES.txt'
[7.725s] running build_ext
[7.725s] Creating /home/samah/robot_ws/install/full_coverage/lib/python3.12/site-packages/full-coverage.egg-link (link to .)
[7.727s] Installing coverage_planner script to /home/samah/robot_ws/install/full_coverage/lib/full_coverage
[7.727s] Installing visual script to /home/samah/robot_ws/install/full_coverage/lib/full_coverage
[7.728s] 
[7.728s] Installed /home/samah/robot_ws/build/full_coverage
[7.728s] running symlink_data
[7.814s] Invoked command in '/home/samah/robot_ws/build/full_coverage' returned '0': DEBUGINFOD_URLS=https://debuginfod.ubuntu.com PYTHONPATH=/home/samah/robot_ws/build/full_coverage/prefix_override:/usr/lib/python3/dist-packages/colcon_core/task/python/colcon_distutils_commands:/home/samah/robot_ws/install/full_coverage/lib/python3.12/site-packages:${PYTHONPATH} /usr/bin/python3 -W ignore:setup.py install is deprecated -W ignore:easy_install command is deprecated setup.py develop --editable --build-directory /home/samah/robot_ws/build/full_coverage/build --no-deps symlink_data
