[5.974s] DEBUG:colcon:Command line arguments: ['/usr/bin/colcon', 'build', '--symlink-install', '--packages-select', 'robot_description']
[5.974s] DEBUG:colcon:Parsed command line arguments: Namespace(log_base=None, log_level=None, verb_name='build', build_base='build', install_base='install', merge_install=False, symlink_install=True, test_result_base=None, continue_on_error=False, executor='parallel', parallel_workers=12, event_handlers=None, ignore_user_meta=False, metas=['./colcon.meta'], base_paths=['.'], packages_ignore=None, packages_ignore_regex=None, paths=None, packages_up_to=None, packages_up_to_regex=None, packages_above=None, packages_above_and_dependencies=None, packages_above_depth=None, packages_select_by_dep=None, packages_skip_by_dep=None, packages_skip_up_to=None, packages_select_build_failed=False, packages_skip_build_finished=False, packages_select_test_failures=False, packages_skip_test_passed=False, packages_select=['robot_description'], packages_skip=None, packages_select_regex=None, packages_skip_regex=None, packages_start=None, packages_end=None, allow_overriding=[], cmake_args=None, cmake_target=None, cmake_target_skip_unavailable=False, cmake_clean_cache=False, cmake_clean_first=False, cmake_force_configure=False, ament_cmake_args=None, catkin_cmake_args=None, catkin_skip_building_tests=False, mixin_files=None, mixin=None, verb_parser=<colcon_mixin.mixin.mixin_argument.MixinArgumentDecorator object at 0x7d0c1fc0e750>, verb_extension=<colcon_core.verb.build.BuildVerb object at 0x7d0c1fc0e420>, main=<bound method BuildVerb.main of <colcon_core.verb.build.BuildVerb object at 0x7d0c1fc0e420>>, mixin_verb=('build',))
[6.433s] Level 1:colcon.colcon_core.package_discovery:discover_packages(colcon_meta) check parameters
[6.434s] Level 1:colcon.colcon_core.package_discovery:discover_packages(recursive) check parameters
[6.434s] Level 1:colcon.colcon_core.package_discovery:discover_packages(ignore) check parameters
[6.434s] Level 1:colcon.colcon_core.package_discovery:discover_packages(path) check parameters
[6.434s] Level 1:colcon.colcon_core.package_discovery:discover_packages(colcon_meta) discover
[6.434s] Level 1:colcon.colcon_core.package_discovery:discover_packages(recursive) discover
[6.434s] INFO:colcon.colcon_core.package_discovery:Crawling recursively for packages in '/home/samah/robot_ws'
[6.435s] Level 1:colcon.colcon_core.package_identification:_identify(.) by extensions ['ignore', 'ignore_ament_install']
[6.435s] Level 1:colcon.colcon_core.package_identification:_identify(.) by extension 'ignore'
[6.436s] Level 1:colcon.colcon_core.package_identification:_identify(.) by extension 'ignore_ament_install'
[6.436s] Level 1:colcon.colcon_core.package_identification:_identify(.) by extensions ['colcon_pkg']
[6.436s] Level 1:colcon.colcon_core.package_identification:_identify(.) by extension 'colcon_pkg'
[6.436s] Level 1:colcon.colcon_core.package_identification:_identify(.) by extensions ['colcon_meta']
[6.437s] Level 1:colcon.colcon_core.package_identification:_identify(.) by extension 'colcon_meta'
[6.437s] Level 1:colcon.colcon_core.package_identification:_identify(.) by extensions ['ros']
[6.437s] Level 1:colcon.colcon_core.package_identification:_identify(.) by extension 'ros'
[6.648s] Level 1:colcon.colcon_core.package_identification:_identify(.) by extensions ['cmake', 'python']
[6.649s] Level 1:colcon.colcon_core.package_identification:_identify(.) by extension 'cmake'
[6.649s] Level 1:colcon.colcon_core.package_identification:_identify(.) by extension 'python'
[6.649s] Level 1:colcon.colcon_core.package_identification:_identify(.) by extensions ['python_setup_py']
[6.649s] Level 1:colcon.colcon_core.package_identification:_identify(.) by extension 'python_setup_py'
[6.650s] Level 1:colcon.colcon_core.package_identification:_identify(build) by extensions ['ignore', 'ignore_ament_install']
[6.650s] Level 1:colcon.colcon_core.package_identification:_identify(build) by extension 'ignore'
[6.650s] Level 1:colcon.colcon_core.package_identification:_identify(build) ignored
[6.651s] Level 1:colcon.colcon_core.package_identification:_identify(install) by extensions ['ignore', 'ignore_ament_install']
[6.651s] Level 1:colcon.colcon_core.package_identification:_identify(install) by extension 'ignore'
[6.651s] Level 1:colcon.colcon_core.package_identification:_identify(install) ignored
[6.682s] Level 1:colcon.colcon_core.package_identification:_identify(log) by extensions ['ignore', 'ignore_ament_install']
[6.682s] Level 1:colcon.colcon_core.package_identification:_identify(log) by extension 'ignore'
[6.683s] Level 1:colcon.colcon_core.package_identification:_identify(log) ignored
[6.683s] Level 1:colcon.colcon_core.package_identification:_identify(src) by extensions ['ignore', 'ignore_ament_install']
[6.683s] Level 1:colcon.colcon_core.package_identification:_identify(src) by extension 'ignore'
[6.684s] Level 1:colcon.colcon_core.package_identification:_identify(src) by extension 'ignore_ament_install'
[6.684s] Level 1:colcon.colcon_core.package_identification:_identify(src) by extensions ['colcon_pkg']
[6.684s] Level 1:colcon.colcon_core.package_identification:_identify(src) by extension 'colcon_pkg'
[6.684s] Level 1:colcon.colcon_core.package_identification:_identify(src) by extensions ['colcon_meta']
[6.684s] Level 1:colcon.colcon_core.package_identification:_identify(src) by extension 'colcon_meta'
[6.684s] Level 1:colcon.colcon_core.package_identification:_identify(src) by extensions ['ros']
[6.685s] Level 1:colcon.colcon_core.package_identification:_identify(src) by extension 'ros'
[6.685s] Level 1:colcon.colcon_core.package_identification:_identify(src) by extensions ['cmake', 'python']
[6.685s] Level 1:colcon.colcon_core.package_identification:_identify(src) by extension 'cmake'
[6.685s] Level 1:colcon.colcon_core.package_identification:_identify(src) by extension 'python'
[6.685s] Level 1:colcon.colcon_core.package_identification:_identify(src) by extensions ['python_setup_py']
[6.686s] Level 1:colcon.colcon_core.package_identification:_identify(src) by extension 'python_setup_py'
[6.724s] Level 1:colcon.colcon_core.package_identification:_identify(src/build) by extensions ['ignore', 'ignore_ament_install']
[6.724s] Level 1:colcon.colcon_core.package_identification:_identify(src/build) by extension 'ignore'
[6.724s] Level 1:colcon.colcon_core.package_identification:_identify(src/build) ignored
[6.740s] Level 1:colcon.colcon_core.package_identification:_identify(src/cartographer_slam) by extensions ['ignore', 'ignore_ament_install']
[6.741s] Level 1:colcon.colcon_core.package_identification:_identify(src/cartographer_slam) by extension 'ignore'
[6.741s] Level 1:colcon.colcon_core.package_identification:_identify(src/cartographer_slam) by extension 'ignore_ament_install'
[6.741s] Level 1:colcon.colcon_core.package_identification:_identify(src/cartographer_slam) by extensions ['colcon_pkg']
[6.741s] Level 1:colcon.colcon_core.package_identification:_identify(src/cartographer_slam) by extension 'colcon_pkg'
[6.742s] Level 1:colcon.colcon_core.package_identification:_identify(src/cartographer_slam) by extensions ['colcon_meta']
[6.742s] Level 1:colcon.colcon_core.package_identification:_identify(src/cartographer_slam) by extension 'colcon_meta'
[6.742s] Level 1:colcon.colcon_core.package_identification:_identify(src/cartographer_slam) by extensions ['ros']
[6.742s] Level 1:colcon.colcon_core.package_identification:_identify(src/cartographer_slam) by extension 'ros'
[6.764s] DEBUG:colcon.colcon_core.package_identification:Package 'src/cartographer_slam' with type 'ros.ament_python' and name 'cartographer_slam'
[6.780s] Level 1:colcon.colcon_core.package_identification:_identify(src/full_coverage) by extensions ['ignore', 'ignore_ament_install']
[6.781s] Level 1:colcon.colcon_core.package_identification:_identify(src/full_coverage) by extension 'ignore'
[6.781s] Level 1:colcon.colcon_core.package_identification:_identify(src/full_coverage) by extension 'ignore_ament_install'
[6.781s] Level 1:colcon.colcon_core.package_identification:_identify(src/full_coverage) by extensions ['colcon_pkg']
[6.781s] Level 1:colcon.colcon_core.package_identification:_identify(src/full_coverage) by extension 'colcon_pkg'
[6.782s] Level 1:colcon.colcon_core.package_identification:_identify(src/full_coverage) by extensions ['colcon_meta']
[6.782s] Level 1:colcon.colcon_core.package_identification:_identify(src/full_coverage) by extension 'colcon_meta'
[6.782s] Level 1:colcon.colcon_core.package_identification:_identify(src/full_coverage) by extensions ['ros']
[6.782s] Level 1:colcon.colcon_core.package_identification:_identify(src/full_coverage) by extension 'ros'
[6.803s] DEBUG:colcon.colcon_core.package_identification:Package 'src/full_coverage' with type 'ros.ament_python' and name 'full_coverage'
[6.804s] Level 1:colcon.colcon_core.package_identification:_identify(src/install) by extensions ['ignore', 'ignore_ament_install']
[6.804s] Level 1:colcon.colcon_core.package_identification:_identify(src/install) by extension 'ignore'
[6.804s] Level 1:colcon.colcon_core.package_identification:_identify(src/install) ignored
[6.824s] Level 1:colcon.colcon_core.package_identification:_identify(src/localization_server) by extensions ['ignore', 'ignore_ament_install']
[6.825s] Level 1:colcon.colcon_core.package_identification:_identify(src/localization_server) by extension 'ignore'
[6.825s] Level 1:colcon.colcon_core.package_identification:_identify(src/localization_server) by extension 'ignore_ament_install'
[6.826s] Level 1:colcon.colcon_core.package_identification:_identify(src/localization_server) by extensions ['colcon_pkg']
[6.826s] Level 1:colcon.colcon_core.package_identification:_identify(src/localization_server) by extension 'colcon_pkg'
[6.826s] Level 1:colcon.colcon_core.package_identification:_identify(src/localization_server) by extensions ['colcon_meta']
[6.826s] Level 1:colcon.colcon_core.package_identification:_identify(src/localization_server) by extension 'colcon_meta'
[6.826s] Level 1:colcon.colcon_core.package_identification:_identify(src/localization_server) by extensions ['ros']
[6.826s] Level 1:colcon.colcon_core.package_identification:_identify(src/localization_server) by extension 'ros'
[6.834s] DEBUG:colcon.colcon_core.package_identification:Package 'src/localization_server' with type 'ros.ament_python' and name 'localization_server'
[6.848s] Level 1:colcon.colcon_core.package_identification:_identify(src/log) by extensions ['ignore', 'ignore_ament_install']
[6.848s] Level 1:colcon.colcon_core.package_identification:_identify(src/log) by extension 'ignore'
[6.849s] Level 1:colcon.colcon_core.package_identification:_identify(src/log) ignored
[6.849s] Level 1:colcon.colcon_core.package_identification:_identify(src/map_server) by extensions ['ignore', 'ignore_ament_install']
[6.850s] Level 1:colcon.colcon_core.package_identification:_identify(src/map_server) by extension 'ignore'
[6.850s] Level 1:colcon.colcon_core.package_identification:_identify(src/map_server) by extension 'ignore_ament_install'
[6.850s] Level 1:colcon.colcon_core.package_identification:_identify(src/map_server) by extensions ['colcon_pkg']
[6.850s] Level 1:colcon.colcon_core.package_identification:_identify(src/map_server) by extension 'colcon_pkg'
[6.851s] Level 1:colcon.colcon_core.package_identification:_identify(src/map_server) by extensions ['colcon_meta']
[6.851s] Level 1:colcon.colcon_core.package_identification:_identify(src/map_server) by extension 'colcon_meta'
[6.851s] Level 1:colcon.colcon_core.package_identification:_identify(src/map_server) by extensions ['ros']
[6.851s] Level 1:colcon.colcon_core.package_identification:_identify(src/map_server) by extension 'ros'
[6.861s] DEBUG:colcon.colcon_core.package_identification:Package 'src/map_server' with type 'ros.ament_python' and name 'map_server'
[6.918s] Level 1:colcon.colcon_core.package_identification:_identify(src/path_planner_server) by extensions ['ignore', 'ignore_ament_install']
[6.919s] Level 1:colcon.colcon_core.package_identification:_identify(src/path_planner_server) by extension 'ignore'
[6.919s] Level 1:colcon.colcon_core.package_identification:_identify(src/path_planner_server) by extension 'ignore_ament_install'
[6.919s] Level 1:colcon.colcon_core.package_identification:_identify(src/path_planner_server) by extensions ['colcon_pkg']
[6.919s] Level 1:colcon.colcon_core.package_identification:_identify(src/path_planner_server) by extension 'colcon_pkg'
[6.920s] Level 1:colcon.colcon_core.package_identification:_identify(src/path_planner_server) by extensions ['colcon_meta']
[6.920s] Level 1:colcon.colcon_core.package_identification:_identify(src/path_planner_server) by extension 'colcon_meta'
[6.920s] Level 1:colcon.colcon_core.package_identification:_identify(src/path_planner_server) by extensions ['ros']
[6.920s] Level 1:colcon.colcon_core.package_identification:_identify(src/path_planner_server) by extension 'ros'
[6.934s] DEBUG:colcon.colcon_core.package_identification:Package 'src/path_planner_server' with type 'ros.ament_python' and name 'path_planner_server'
[6.951s] Level 1:colcon.colcon_core.package_identification:_identify(src/robot_description) by extensions ['ignore', 'ignore_ament_install']
[6.951s] Level 1:colcon.colcon_core.package_identification:_identify(src/robot_description) by extension 'ignore'
[6.952s] Level 1:colcon.colcon_core.package_identification:_identify(src/robot_description) by extension 'ignore_ament_install'
[6.952s] Level 1:colcon.colcon_core.package_identification:_identify(src/robot_description) by extensions ['colcon_pkg']
[6.952s] Level 1:colcon.colcon_core.package_identification:_identify(src/robot_description) by extension 'colcon_pkg'
[6.952s] Level 1:colcon.colcon_core.package_identification:_identify(src/robot_description) by extensions ['colcon_meta']
[6.953s] Level 1:colcon.colcon_core.package_identification:_identify(src/robot_description) by extension 'colcon_meta'
[6.953s] Level 1:colcon.colcon_core.package_identification:_identify(src/robot_description) by extensions ['ros']
[6.953s] Level 1:colcon.colcon_core.package_identification:_identify(src/robot_description) by extension 'ros'
[6.978s] DEBUG:colcon.colcon_core.package_identification:Package 'src/robot_description' with type 'ros.ament_cmake' and name 'robot_description'
[6.979s] Level 1:colcon.colcon_core.package_identification:_identify(src/robot_move) by extensions ['ignore', 'ignore_ament_install']
[6.980s] Level 1:colcon.colcon_core.package_identification:_identify(src/robot_move) by extension 'ignore'
[6.980s] Level 1:colcon.colcon_core.package_identification:_identify(src/robot_move) by extension 'ignore_ament_install'
[6.981s] Level 1:colcon.colcon_core.package_identification:_identify(src/robot_move) by extensions ['colcon_pkg']
[6.981s] Level 1:colcon.colcon_core.package_identification:_identify(src/robot_move) by extension 'colcon_pkg'
[6.981s] Level 1:colcon.colcon_core.package_identification:_identify(src/robot_move) by extensions ['colcon_meta']
[6.981s] Level 1:colcon.colcon_core.package_identification:_identify(src/robot_move) by extension 'colcon_meta'
[6.981s] Level 1:colcon.colcon_core.package_identification:_identify(src/robot_move) by extensions ['ros']
[6.981s] Level 1:colcon.colcon_core.package_identification:_identify(src/robot_move) by extension 'ros'
[6.984s] DEBUG:colcon.colcon_core.package_identification:Package 'src/robot_move' with type 'ros.ament_python' and name 'robot_move'
[7.002s] Level 1:colcon.colcon_core.package_identification:_identify(src/sllidar_ros2) by extensions ['ignore', 'ignore_ament_install']
[7.003s] Level 1:colcon.colcon_core.package_identification:_identify(src/sllidar_ros2) by extension 'ignore'
[7.003s] Level 1:colcon.colcon_core.package_identification:_identify(src/sllidar_ros2) by extension 'ignore_ament_install'
[7.003s] Level 1:colcon.colcon_core.package_identification:_identify(src/sllidar_ros2) by extensions ['colcon_pkg']
[7.004s] Level 1:colcon.colcon_core.package_identification:_identify(src/sllidar_ros2) by extension 'colcon_pkg'
[7.004s] Level 1:colcon.colcon_core.package_identification:_identify(src/sllidar_ros2) by extensions ['colcon_meta']
[7.004s] Level 1:colcon.colcon_core.package_identification:_identify(src/sllidar_ros2) by extension 'colcon_meta'
[7.004s] Level 1:colcon.colcon_core.package_identification:_identify(src/sllidar_ros2) by extensions ['ros']
[7.004s] Level 1:colcon.colcon_core.package_identification:_identify(src/sllidar_ros2) by extension 'ros'
[7.021s] DEBUG:colcon.colcon_core.package_identification:Package 'src/sllidar_ros2' with type 'ros.ament_cmake' and name 'sllidar_ros2'
[7.022s] Level 1:colcon.colcon_core.package_discovery:discover_packages(recursive) using defaults
[7.022s] Level 1:colcon.colcon_core.package_discovery:discover_packages(ignore) discover
[7.022s] Level 1:colcon.colcon_core.package_discovery:discover_packages(ignore) using defaults
[7.022s] Level 1:colcon.colcon_core.package_discovery:discover_packages(path) discover
[7.022s] Level 1:colcon.colcon_core.package_discovery:discover_packages(path) using defaults
[7.975s] INFO:colcon.colcon_core.package_selection:Skipping not selected package 'cartographer_slam' in 'src/cartographer_slam'
[7.976s] INFO:colcon.colcon_core.package_selection:Skipping not selected package 'full_coverage' in 'src/full_coverage'
[7.976s] INFO:colcon.colcon_core.package_selection:Skipping not selected package 'localization_server' in 'src/localization_server'
[7.976s] INFO:colcon.colcon_core.package_selection:Skipping not selected package 'map_server' in 'src/map_server'
[7.976s] INFO:colcon.colcon_core.package_selection:Skipping not selected package 'path_planner_server' in 'src/path_planner_server'
[7.976s] INFO:colcon.colcon_core.package_selection:Skipping not selected package 'robot_move' in 'src/robot_move'
[7.976s] INFO:colcon.colcon_core.package_selection:Skipping not selected package 'sllidar_ros2' in 'src/sllidar_ros2'
[7.996s] Level 1:colcon.colcon_core.package_discovery:discover_packages(prefix_path) check parameters
[7.996s] Level 1:colcon.colcon_core.package_discovery:discover_packages(prefix_path) discover
[8.096s] DEBUG:colcon.colcon_installed_package_information.package_discovery:Found 364 installed packages in /home/samah/ros2_jazzy/install
[8.104s] DEBUG:colcon.colcon_installed_package_information.package_discovery:Found 252 installed packages in /opt/ros/jazzy
[8.127s] Level 1:colcon.colcon_core.package_discovery:discover_packages(prefix_path) using defaults
[17.347s] Level 5:colcon.colcon_core.verb:set package 'robot_description' build argument 'cmake_args' from command line to 'None'
[17.347s] Level 5:colcon.colcon_core.verb:set package 'robot_description' build argument 'cmake_target' from command line to 'None'
[17.347s] Level 5:colcon.colcon_core.verb:set package 'robot_description' build argument 'cmake_target_skip_unavailable' from command line to 'False'
[17.347s] Level 5:colcon.colcon_core.verb:set package 'robot_description' build argument 'cmake_clean_cache' from command line to 'False'
[17.348s] Level 5:colcon.colcon_core.verb:set package 'robot_description' build argument 'cmake_clean_first' from command line to 'False'
[17.348s] Level 5:colcon.colcon_core.verb:set package 'robot_description' build argument 'cmake_force_configure' from command line to 'False'
[17.348s] Level 5:colcon.colcon_core.verb:set package 'robot_description' build argument 'ament_cmake_args' from command line to 'None'
[17.348s] Level 5:colcon.colcon_core.verb:set package 'robot_description' build argument 'catkin_cmake_args' from command line to 'None'
[17.348s] Level 5:colcon.colcon_core.verb:set package 'robot_description' build argument 'catkin_skip_building_tests' from command line to 'False'
[17.348s] DEBUG:colcon.colcon_core.verb:Building package 'robot_description' with the following arguments: {'ament_cmake_args': None, 'build_base': '/home/samah/robot_ws/build/robot_description', 'catkin_cmake_args': None, 'catkin_skip_building_tests': False, 'cmake_args': None, 'cmake_clean_cache': False, 'cmake_clean_first': False, 'cmake_force_configure': False, 'cmake_target': None, 'cmake_target_skip_unavailable': False, 'install_base': '/home/samah/robot_ws/install/robot_description', 'merge_install': False, 'path': '/home/samah/robot_ws/src/robot_description', 'symlink_install': True, 'test_result_base': None}
[17.349s] INFO:colcon.colcon_core.executor:Executing jobs using 'parallel' executor
[17.351s] DEBUG:colcon.colcon_parallel_executor.executor.parallel:run_until_complete
[17.352s] INFO:colcon.colcon_ros.task.ament_cmake.build:Building ROS package in '/home/samah/robot_ws/src/robot_description' with build type 'ament_cmake'
[17.352s] INFO:colcon.colcon_cmake.task.cmake.build:Building CMake package in '/home/samah/robot_ws/src/robot_description'
[17.476s] INFO:colcon.colcon_core.plugin_system:Skipping extension 'colcon_core.shell.bat': Not used on non-Windows systems
[17.477s] INFO:colcon.colcon_core.shell:Skip shell extension 'powershell' for command environment: Not usable outside of PowerShell
[17.477s] DEBUG:colcon.colcon_core.shell:Skip shell extension 'dsv' for command environment
[17.631s] DEBUG:colcon.colcon_core.event_handler.log_command:Invoking command in '/home/samah/robot_ws/build/robot_description': CMAKE_PREFIX_PATH=${CMAKE_PREFIX_PATH}:/home/samah/ros2_jazzy/install/rqt_bag_plugins:/home/samah/ros2_jazzy/install/rqt_bag:/home/samah/ros2_jazzy/install/rosbag2_examples_py:/home/samah/ros2_jazzy/install/launch_testing_examples:/home/samah/ros2_jazzy/install/ros2bag:/home/samah/ros2_jazzy/install/tracetools_test:/home/samah/ros2_jazzy/install/tracetools_launch:/home/samah/ros2_jazzy/install/topic_monitor:/home/samah/ros2_jazzy/install/tf2_tools:/home/samah/ros2_jazzy/install/examples_tf2_py:/home/samah/ros2_jazzy/install/tf2_ros_py:/home/samah/ros2_jazzy/install/examples_rclpy_pointcloud_publisher:/home/samah/ros2_jazzy/install/sensor_msgs_py:/home/samah/ros2_jazzy/install/quality_of_service_demo_py:/home/samah/ros2_jazzy/install/camera_info_manager_py:/home/samah/ros2_jazzy/install/rqt_plot:/home/samah/ros2_jazzy/install/ros2doctor:/home/samah/ros2_jazzy/install/lifecycle_py:/home/samah/ros2_jazzy/install/examples_rclpy_minimal_subscriber:/home/samah/ros2_jazzy/install/examples_rclpy_minimal_service:/home/samah/ros2_jazzy/install/examples_rclpy_minimal_publisher:/home/samah/ros2_jazzy/install/examples_rclpy_minimal_client:/home/samah/ros2_jazzy/install/examples_rclpy_executors:/home/samah/ros2_jazzy/install/demo_nodes_py:/home/samah/ros2_jazzy/install/rqt:/home/samah/ros2_jazzy/install/ros2component:/home/samah/ros2_jazzy/install/sros2:/home/samah/ros2_jazzy/install/rqt_topic:/home/samah/ros2_jazzy/install/rqt_srv:/home/samah/ros2_jazzy/install/rqt_shell:/home/samah/ros2_jazzy/install/rqt_service_caller:/home/samah/ros2_jazzy/install/rqt_reconfigure:/home/samah/ros2_jazzy/install/rqt_py_console:/home/samah/ros2_jazzy/install/rqt_publisher:/home/samah/ros2_jazzy/install/rqt_action:/home/samah/ros2_jazzy/install/rqt_msg:/home/samah/ros2_jazzy/install/rqt_console:/home/samah/ros2_jazzy/install/rqt_graph:/home/samah/ros2_jazzy/install/rqt_gui_py:/home/samah/ros2_jazzy/install/rqt_gui:/home/samah/ros2_jazzy/install/ros2trace:/home/samah/ros2_jazzy/install/ros2param:/home/samah/ros2_jazzy/install/ros2lifecycle:/home/samah/ros2_jazzy/install/ros2service:/home/samah/ros2_jazzy/install/ros2topic:/home/samah/ros2_jazzy/install/ros2test:/home/samah/ros2_jazzy/install/ros2run:/home/samah/ros2_jazzy/install/ros2launch:/home/samah/ros2_jazzy/install/ros2pkg:/home/samah/ros2_jazzy/install/ros2node:/home/samah/ros2_jazzy/install/ros2multicast:/home/samah/ros2_jazzy/install/ros2interface:/home/samah/ros2_jazzy/install/ros2action:/home/samah/ros2_jazzy/install/ros2cli:/home/samah/ros2_jazzy/install/launch_testing_ros:/home/samah/ros2_jazzy/install/launch_ros:/home/samah/ros2_jazzy/install/examples_rclpy_minimal_action_server:/home/samah/ros2_jazzy/install/examples_rclpy_minimal_action_client:/home/samah/ros2_jazzy/install/examples_rclpy_guard_conditions:/home/samah/ros2_jazzy/install/action_tutorials_py:/home/samah/ros2_jazzy/install/ament_uncrustify:/home/samah/ros2_jazzy/install/tracetools_trace:/home/samah/ros2_jazzy/install/tracetools_read:/home/samah/ros2_jazzy/install/test_tracetools_launch:/home/samah/ros2_jazzy/install/test_ros2trace:/home/samah/ros2_jazzy/install/test_launch_ros:/home/samah/ros2_jazzy/install/rpyutils:/home/samah/ros2_jazzy/install/rosidl_runtime_py:/home/samah/ros2_jazzy/install/rosidl_pycommon:/home/samah/ros2_jazzy/install/rosidl_cli:/home/samah/ros2_jazzy/install/launch_pytest:/home/samah/ros2_jazzy/install/launch_testing:/home/samah/ros2_jazzy/install/launch_yaml:/home/samah/ros2_jazzy/install/launch_xml:/home/samah/ros2_jazzy/install/launch:/home/samah/ros2_jazzy/install/osrf_pycommon:/home/samah/ros2_jazzy/install/domain_coordinator:/home/samah/ros2_jazzy/install/ament_xmllint:/home/samah/ros2_jazzy/install/ament_pyflakes:/home/samah/ros2_jazzy/install/ament_pycodestyle:/home/samah/ros2_jazzy/install/ament_pep257:/home/samah/ros2_jazzy/install/ament_pclint:/home/samah/ros2_jazzy/install/ament_package:/home/samah/ros2_jazzy/install/ament_mypy:/home/samah/ros2_jazzy/install/ament_lint_cmake:/home/samah/ros2_jazzy/install/ament_flake8:/home/samah/ros2_jazzy/install/ament_copyright:/home/samah/ros2_jazzy/install/ament_lint:/home/samah/ros2_jazzy/install/ament_index_python:/home/samah/ros2_jazzy/install/ament_cpplint:/home/samah/ros2_jazzy/install/ament_cppcheck:/home/samah/ros2_jazzy/install/ament_clang_tidy:/home/samah/ros2_jazzy/install/ament_clang_format:/opt/ros/jazzy DEBUGINFOD_URLS=https://debuginfod.ubuntu.com /usr/bin/cmake --build /home/samah/robot_ws/build/robot_description -- -j12 -l12
[18.877s] DEBUG:colcon.colcon_core.event_handler.log_command:Invoked command in '/home/samah/robot_ws/build/robot_description' returned '0': CMAKE_PREFIX_PATH=${CMAKE_PREFIX_PATH}:/home/samah/ros2_jazzy/install/rqt_bag_plugins:/home/samah/ros2_jazzy/install/rqt_bag:/home/samah/ros2_jazzy/install/rosbag2_examples_py:/home/samah/ros2_jazzy/install/launch_testing_examples:/home/samah/ros2_jazzy/install/ros2bag:/home/samah/ros2_jazzy/install/tracetools_test:/home/samah/ros2_jazzy/install/tracetools_launch:/home/samah/ros2_jazzy/install/topic_monitor:/home/samah/ros2_jazzy/install/tf2_tools:/home/samah/ros2_jazzy/install/examples_tf2_py:/home/samah/ros2_jazzy/install/tf2_ros_py:/home/samah/ros2_jazzy/install/examples_rclpy_pointcloud_publisher:/home/samah/ros2_jazzy/install/sensor_msgs_py:/home/samah/ros2_jazzy/install/quality_of_service_demo_py:/home/samah/ros2_jazzy/install/camera_info_manager_py:/home/samah/ros2_jazzy/install/rqt_plot:/home/samah/ros2_jazzy/install/ros2doctor:/home/samah/ros2_jazzy/install/lifecycle_py:/home/samah/ros2_jazzy/install/examples_rclpy_minimal_subscriber:/home/samah/ros2_jazzy/install/examples_rclpy_minimal_service:/home/samah/ros2_jazzy/install/examples_rclpy_minimal_publisher:/home/samah/ros2_jazzy/install/examples_rclpy_minimal_client:/home/samah/ros2_jazzy/install/examples_rclpy_executors:/home/samah/ros2_jazzy/install/demo_nodes_py:/home/samah/ros2_jazzy/install/rqt:/home/samah/ros2_jazzy/install/ros2component:/home/samah/ros2_jazzy/install/sros2:/home/samah/ros2_jazzy/install/rqt_topic:/home/samah/ros2_jazzy/install/rqt_srv:/home/samah/ros2_jazzy/install/rqt_shell:/home/samah/ros2_jazzy/install/rqt_service_caller:/home/samah/ros2_jazzy/install/rqt_reconfigure:/home/samah/ros2_jazzy/install/rqt_py_console:/home/samah/ros2_jazzy/install/rqt_publisher:/home/samah/ros2_jazzy/install/rqt_action:/home/samah/ros2_jazzy/install/rqt_msg:/home/samah/ros2_jazzy/install/rqt_console:/home/samah/ros2_jazzy/install/rqt_graph:/home/samah/ros2_jazzy/install/rqt_gui_py:/home/samah/ros2_jazzy/install/rqt_gui:/home/samah/ros2_jazzy/install/ros2trace:/home/samah/ros2_jazzy/install/ros2param:/home/samah/ros2_jazzy/install/ros2lifecycle:/home/samah/ros2_jazzy/install/ros2service:/home/samah/ros2_jazzy/install/ros2topic:/home/samah/ros2_jazzy/install/ros2test:/home/samah/ros2_jazzy/install/ros2run:/home/samah/ros2_jazzy/install/ros2launch:/home/samah/ros2_jazzy/install/ros2pkg:/home/samah/ros2_jazzy/install/ros2node:/home/samah/ros2_jazzy/install/ros2multicast:/home/samah/ros2_jazzy/install/ros2interface:/home/samah/ros2_jazzy/install/ros2action:/home/samah/ros2_jazzy/install/ros2cli:/home/samah/ros2_jazzy/install/launch_testing_ros:/home/samah/ros2_jazzy/install/launch_ros:/home/samah/ros2_jazzy/install/examples_rclpy_minimal_action_server:/home/samah/ros2_jazzy/install/examples_rclpy_minimal_action_client:/home/samah/ros2_jazzy/install/examples_rclpy_guard_conditions:/home/samah/ros2_jazzy/install/action_tutorials_py:/home/samah/ros2_jazzy/install/ament_uncrustify:/home/samah/ros2_jazzy/install/tracetools_trace:/home/samah/ros2_jazzy/install/tracetools_read:/home/samah/ros2_jazzy/install/test_tracetools_launch:/home/samah/ros2_jazzy/install/test_ros2trace:/home/samah/ros2_jazzy/install/test_launch_ros:/home/samah/ros2_jazzy/install/rpyutils:/home/samah/ros2_jazzy/install/rosidl_runtime_py:/home/samah/ros2_jazzy/install/rosidl_pycommon:/home/samah/ros2_jazzy/install/rosidl_cli:/home/samah/ros2_jazzy/install/launch_pytest:/home/samah/ros2_jazzy/install/launch_testing:/home/samah/ros2_jazzy/install/launch_yaml:/home/samah/ros2_jazzy/install/launch_xml:/home/samah/ros2_jazzy/install/launch:/home/samah/ros2_jazzy/install/osrf_pycommon:/home/samah/ros2_jazzy/install/domain_coordinator:/home/samah/ros2_jazzy/install/ament_xmllint:/home/samah/ros2_jazzy/install/ament_pyflakes:/home/samah/ros2_jazzy/install/ament_pycodestyle:/home/samah/ros2_jazzy/install/ament_pep257:/home/samah/ros2_jazzy/install/ament_pclint:/home/samah/ros2_jazzy/install/ament_package:/home/samah/ros2_jazzy/install/ament_mypy:/home/samah/ros2_jazzy/install/ament_lint_cmake:/home/samah/ros2_jazzy/install/ament_flake8:/home/samah/ros2_jazzy/install/ament_copyright:/home/samah/ros2_jazzy/install/ament_lint:/home/samah/ros2_jazzy/install/ament_index_python:/home/samah/ros2_jazzy/install/ament_cpplint:/home/samah/ros2_jazzy/install/ament_cppcheck:/home/samah/ros2_jazzy/install/ament_clang_tidy:/home/samah/ros2_jazzy/install/ament_clang_format:/opt/ros/jazzy DEBUGINFOD_URLS=https://debuginfod.ubuntu.com /usr/bin/cmake --build /home/samah/robot_ws/build/robot_description -- -j12 -l12
[18.936s] DEBUG:colcon.colcon_core.event_handler.log_command:Invoking command in '/home/samah/robot_ws/build/robot_description': CMAKE_PREFIX_PATH=${CMAKE_PREFIX_PATH}:/home/samah/ros2_jazzy/install/rqt_bag_plugins:/home/samah/ros2_jazzy/install/rqt_bag:/home/samah/ros2_jazzy/install/rosbag2_examples_py:/home/samah/ros2_jazzy/install/launch_testing_examples:/home/samah/ros2_jazzy/install/ros2bag:/home/samah/ros2_jazzy/install/tracetools_test:/home/samah/ros2_jazzy/install/tracetools_launch:/home/samah/ros2_jazzy/install/topic_monitor:/home/samah/ros2_jazzy/install/tf2_tools:/home/samah/ros2_jazzy/install/examples_tf2_py:/home/samah/ros2_jazzy/install/tf2_ros_py:/home/samah/ros2_jazzy/install/examples_rclpy_pointcloud_publisher:/home/samah/ros2_jazzy/install/sensor_msgs_py:/home/samah/ros2_jazzy/install/quality_of_service_demo_py:/home/samah/ros2_jazzy/install/camera_info_manager_py:/home/samah/ros2_jazzy/install/rqt_plot:/home/samah/ros2_jazzy/install/ros2doctor:/home/samah/ros2_jazzy/install/lifecycle_py:/home/samah/ros2_jazzy/install/examples_rclpy_minimal_subscriber:/home/samah/ros2_jazzy/install/examples_rclpy_minimal_service:/home/samah/ros2_jazzy/install/examples_rclpy_minimal_publisher:/home/samah/ros2_jazzy/install/examples_rclpy_minimal_client:/home/samah/ros2_jazzy/install/examples_rclpy_executors:/home/samah/ros2_jazzy/install/demo_nodes_py:/home/samah/ros2_jazzy/install/rqt:/home/samah/ros2_jazzy/install/ros2component:/home/samah/ros2_jazzy/install/sros2:/home/samah/ros2_jazzy/install/rqt_topic:/home/samah/ros2_jazzy/install/rqt_srv:/home/samah/ros2_jazzy/install/rqt_shell:/home/samah/ros2_jazzy/install/rqt_service_caller:/home/samah/ros2_jazzy/install/rqt_reconfigure:/home/samah/ros2_jazzy/install/rqt_py_console:/home/samah/ros2_jazzy/install/rqt_publisher:/home/samah/ros2_jazzy/install/rqt_action:/home/samah/ros2_jazzy/install/rqt_msg:/home/samah/ros2_jazzy/install/rqt_console:/home/samah/ros2_jazzy/install/rqt_graph:/home/samah/ros2_jazzy/install/rqt_gui_py:/home/samah/ros2_jazzy/install/rqt_gui:/home/samah/ros2_jazzy/install/ros2trace:/home/samah/ros2_jazzy/install/ros2param:/home/samah/ros2_jazzy/install/ros2lifecycle:/home/samah/ros2_jazzy/install/ros2service:/home/samah/ros2_jazzy/install/ros2topic:/home/samah/ros2_jazzy/install/ros2test:/home/samah/ros2_jazzy/install/ros2run:/home/samah/ros2_jazzy/install/ros2launch:/home/samah/ros2_jazzy/install/ros2pkg:/home/samah/ros2_jazzy/install/ros2node:/home/samah/ros2_jazzy/install/ros2multicast:/home/samah/ros2_jazzy/install/ros2interface:/home/samah/ros2_jazzy/install/ros2action:/home/samah/ros2_jazzy/install/ros2cli:/home/samah/ros2_jazzy/install/launch_testing_ros:/home/samah/ros2_jazzy/install/launch_ros:/home/samah/ros2_jazzy/install/examples_rclpy_minimal_action_server:/home/samah/ros2_jazzy/install/examples_rclpy_minimal_action_client:/home/samah/ros2_jazzy/install/examples_rclpy_guard_conditions:/home/samah/ros2_jazzy/install/action_tutorials_py:/home/samah/ros2_jazzy/install/ament_uncrustify:/home/samah/ros2_jazzy/install/tracetools_trace:/home/samah/ros2_jazzy/install/tracetools_read:/home/samah/ros2_jazzy/install/test_tracetools_launch:/home/samah/ros2_jazzy/install/test_ros2trace:/home/samah/ros2_jazzy/install/test_launch_ros:/home/samah/ros2_jazzy/install/rpyutils:/home/samah/ros2_jazzy/install/rosidl_runtime_py:/home/samah/ros2_jazzy/install/rosidl_pycommon:/home/samah/ros2_jazzy/install/rosidl_cli:/home/samah/ros2_jazzy/install/launch_pytest:/home/samah/ros2_jazzy/install/launch_testing:/home/samah/ros2_jazzy/install/launch_yaml:/home/samah/ros2_jazzy/install/launch_xml:/home/samah/ros2_jazzy/install/launch:/home/samah/ros2_jazzy/install/osrf_pycommon:/home/samah/ros2_jazzy/install/domain_coordinator:/home/samah/ros2_jazzy/install/ament_xmllint:/home/samah/ros2_jazzy/install/ament_pyflakes:/home/samah/ros2_jazzy/install/ament_pycodestyle:/home/samah/ros2_jazzy/install/ament_pep257:/home/samah/ros2_jazzy/install/ament_pclint:/home/samah/ros2_jazzy/install/ament_package:/home/samah/ros2_jazzy/install/ament_mypy:/home/samah/ros2_jazzy/install/ament_lint_cmake:/home/samah/ros2_jazzy/install/ament_flake8:/home/samah/ros2_jazzy/install/ament_copyright:/home/samah/ros2_jazzy/install/ament_lint:/home/samah/ros2_jazzy/install/ament_index_python:/home/samah/ros2_jazzy/install/ament_cpplint:/home/samah/ros2_jazzy/install/ament_cppcheck:/home/samah/ros2_jazzy/install/ament_clang_tidy:/home/samah/ros2_jazzy/install/ament_clang_format:/opt/ros/jazzy DEBUGINFOD_URLS=https://debuginfod.ubuntu.com /usr/bin/cmake --install /home/samah/robot_ws/build/robot_description
[19.109s] Level 1:colcon.colcon_core.environment:create_environment_scripts_only(robot_description)
[19.112s] DEBUG:colcon.colcon_core.event_handler.log_command:Invoked command in '/home/samah/robot_ws/build/robot_description' returned '0': CMAKE_PREFIX_PATH=${CMAKE_PREFIX_PATH}:/home/samah/ros2_jazzy/install/rqt_bag_plugins:/home/samah/ros2_jazzy/install/rqt_bag:/home/samah/ros2_jazzy/install/rosbag2_examples_py:/home/samah/ros2_jazzy/install/launch_testing_examples:/home/samah/ros2_jazzy/install/ros2bag:/home/samah/ros2_jazzy/install/tracetools_test:/home/samah/ros2_jazzy/install/tracetools_launch:/home/samah/ros2_jazzy/install/topic_monitor:/home/samah/ros2_jazzy/install/tf2_tools:/home/samah/ros2_jazzy/install/examples_tf2_py:/home/samah/ros2_jazzy/install/tf2_ros_py:/home/samah/ros2_jazzy/install/examples_rclpy_pointcloud_publisher:/home/samah/ros2_jazzy/install/sensor_msgs_py:/home/samah/ros2_jazzy/install/quality_of_service_demo_py:/home/samah/ros2_jazzy/install/camera_info_manager_py:/home/samah/ros2_jazzy/install/rqt_plot:/home/samah/ros2_jazzy/install/ros2doctor:/home/samah/ros2_jazzy/install/lifecycle_py:/home/samah/ros2_jazzy/install/examples_rclpy_minimal_subscriber:/home/samah/ros2_jazzy/install/examples_rclpy_minimal_service:/home/samah/ros2_jazzy/install/examples_rclpy_minimal_publisher:/home/samah/ros2_jazzy/install/examples_rclpy_minimal_client:/home/samah/ros2_jazzy/install/examples_rclpy_executors:/home/samah/ros2_jazzy/install/demo_nodes_py:/home/samah/ros2_jazzy/install/rqt:/home/samah/ros2_jazzy/install/ros2component:/home/samah/ros2_jazzy/install/sros2:/home/samah/ros2_jazzy/install/rqt_topic:/home/samah/ros2_jazzy/install/rqt_srv:/home/samah/ros2_jazzy/install/rqt_shell:/home/samah/ros2_jazzy/install/rqt_service_caller:/home/samah/ros2_jazzy/install/rqt_reconfigure:/home/samah/ros2_jazzy/install/rqt_py_console:/home/samah/ros2_jazzy/install/rqt_publisher:/home/samah/ros2_jazzy/install/rqt_action:/home/samah/ros2_jazzy/install/rqt_msg:/home/samah/ros2_jazzy/install/rqt_console:/home/samah/ros2_jazzy/install/rqt_graph:/home/samah/ros2_jazzy/install/rqt_gui_py:/home/samah/ros2_jazzy/install/rqt_gui:/home/samah/ros2_jazzy/install/ros2trace:/home/samah/ros2_jazzy/install/ros2param:/home/samah/ros2_jazzy/install/ros2lifecycle:/home/samah/ros2_jazzy/install/ros2service:/home/samah/ros2_jazzy/install/ros2topic:/home/samah/ros2_jazzy/install/ros2test:/home/samah/ros2_jazzy/install/ros2run:/home/samah/ros2_jazzy/install/ros2launch:/home/samah/ros2_jazzy/install/ros2pkg:/home/samah/ros2_jazzy/install/ros2node:/home/samah/ros2_jazzy/install/ros2multicast:/home/samah/ros2_jazzy/install/ros2interface:/home/samah/ros2_jazzy/install/ros2action:/home/samah/ros2_jazzy/install/ros2cli:/home/samah/ros2_jazzy/install/launch_testing_ros:/home/samah/ros2_jazzy/install/launch_ros:/home/samah/ros2_jazzy/install/examples_rclpy_minimal_action_server:/home/samah/ros2_jazzy/install/examples_rclpy_minimal_action_client:/home/samah/ros2_jazzy/install/examples_rclpy_guard_conditions:/home/samah/ros2_jazzy/install/action_tutorials_py:/home/samah/ros2_jazzy/install/ament_uncrustify:/home/samah/ros2_jazzy/install/tracetools_trace:/home/samah/ros2_jazzy/install/tracetools_read:/home/samah/ros2_jazzy/install/test_tracetools_launch:/home/samah/ros2_jazzy/install/test_ros2trace:/home/samah/ros2_jazzy/install/test_launch_ros:/home/samah/ros2_jazzy/install/rpyutils:/home/samah/ros2_jazzy/install/rosidl_runtime_py:/home/samah/ros2_jazzy/install/rosidl_pycommon:/home/samah/ros2_jazzy/install/rosidl_cli:/home/samah/ros2_jazzy/install/launch_pytest:/home/samah/ros2_jazzy/install/launch_testing:/home/samah/ros2_jazzy/install/launch_yaml:/home/samah/ros2_jazzy/install/launch_xml:/home/samah/ros2_jazzy/install/launch:/home/samah/ros2_jazzy/install/osrf_pycommon:/home/samah/ros2_jazzy/install/domain_coordinator:/home/samah/ros2_jazzy/install/ament_xmllint:/home/samah/ros2_jazzy/install/ament_pyflakes:/home/samah/ros2_jazzy/install/ament_pycodestyle:/home/samah/ros2_jazzy/install/ament_pep257:/home/samah/ros2_jazzy/install/ament_pclint:/home/samah/ros2_jazzy/install/ament_package:/home/samah/ros2_jazzy/install/ament_mypy:/home/samah/ros2_jazzy/install/ament_lint_cmake:/home/samah/ros2_jazzy/install/ament_flake8:/home/samah/ros2_jazzy/install/ament_copyright:/home/samah/ros2_jazzy/install/ament_lint:/home/samah/ros2_jazzy/install/ament_index_python:/home/samah/ros2_jazzy/install/ament_cpplint:/home/samah/ros2_jazzy/install/ament_cppcheck:/home/samah/ros2_jazzy/install/ament_clang_tidy:/home/samah/ros2_jazzy/install/ament_clang_format:/opt/ros/jazzy DEBUGINFOD_URLS=https://debuginfod.ubuntu.com /usr/bin/cmake --install /home/samah/robot_ws/build/robot_description
[19.239s] Level 1:colcon.colcon_core.environment:checking '/home/samah/robot_ws/install/robot_description' for CMake module files
[19.242s] Level 1:colcon.colcon_core.environment:checking '/home/samah/robot_ws/install/robot_description' for CMake config files
[19.243s] Level 1:colcon.colcon_core.shell:create_environment_hook('robot_description', 'cmake_prefix_path')
[19.244s] INFO:colcon.colcon_core.shell:Creating environment hook '/home/samah/robot_ws/install/robot_description/share/robot_description/hook/cmake_prefix_path.ps1'
[19.276s] INFO:colcon.colcon_core.shell:Creating environment descriptor '/home/samah/robot_ws/install/robot_description/share/robot_description/hook/cmake_prefix_path.dsv'
[19.296s] INFO:colcon.colcon_core.shell:Creating environment hook '/home/samah/robot_ws/install/robot_description/share/robot_description/hook/cmake_prefix_path.sh'
[19.300s] Level 1:colcon.colcon_core.environment:checking '/home/samah/robot_ws/install/robot_description/bin'
[19.300s] Level 1:colcon.colcon_core.environment:checking '/home/samah/robot_ws/install/robot_description/lib/pkgconfig/robot_description.pc'
[19.301s] Level 1:colcon.colcon_core.environment:checking '/home/samah/robot_ws/install/robot_description/lib/python3.12/site-packages'
[19.302s] Level 1:colcon.colcon_core.environment:checking '/home/samah/robot_ws/install/robot_description/bin'
[19.303s] INFO:colcon.colcon_core.shell:Creating package script '/home/samah/robot_ws/install/robot_description/share/robot_description/package.ps1'
[19.306s] INFO:colcon.colcon_core.shell:Creating package descriptor '/home/samah/robot_ws/install/robot_description/share/robot_description/package.dsv'
[19.309s] INFO:colcon.colcon_core.shell:Creating package script '/home/samah/robot_ws/install/robot_description/share/robot_description/package.sh'
[19.311s] INFO:colcon.colcon_core.shell:Creating package script '/home/samah/robot_ws/install/robot_description/share/robot_description/package.bash'
[19.332s] INFO:colcon.colcon_core.shell:Creating package script '/home/samah/robot_ws/install/robot_description/share/robot_description/package.zsh'
[19.346s] Level 1:colcon.colcon_core.environment:create_file_with_runtime_dependencies(/home/samah/robot_ws/install/robot_description/share/colcon-core/packages/robot_description)
[19.348s] Level 1:colcon.colcon_core.environment:create_environment_scripts_only(robot_description)
[19.348s] Level 1:colcon.colcon_core.environment:checking '/home/samah/robot_ws/install/robot_description' for CMake module files
[19.350s] Level 1:colcon.colcon_core.environment:checking '/home/samah/robot_ws/install/robot_description' for CMake config files
[19.351s] Level 1:colcon.colcon_core.shell:create_environment_hook('robot_description', 'cmake_prefix_path')
[19.352s] INFO:colcon.colcon_core.shell:Creating environment hook '/home/samah/robot_ws/install/robot_description/share/robot_description/hook/cmake_prefix_path.ps1'
[19.354s] INFO:colcon.colcon_core.shell:Creating environment descriptor '/home/samah/robot_ws/install/robot_description/share/robot_description/hook/cmake_prefix_path.dsv'
[19.355s] INFO:colcon.colcon_core.shell:Creating environment hook '/home/samah/robot_ws/install/robot_description/share/robot_description/hook/cmake_prefix_path.sh'
[19.357s] Level 1:colcon.colcon_core.environment:checking '/home/samah/robot_ws/install/robot_description/bin'
[19.357s] Level 1:colcon.colcon_core.environment:checking '/home/samah/robot_ws/install/robot_description/lib/pkgconfig/robot_description.pc'
[19.358s] Level 1:colcon.colcon_core.environment:checking '/home/samah/robot_ws/install/robot_description/lib/python3.12/site-packages'
[19.359s] Level 1:colcon.colcon_core.environment:checking '/home/samah/robot_ws/install/robot_description/bin'
[19.360s] INFO:colcon.colcon_core.shell:Creating package script '/home/samah/robot_ws/install/robot_description/share/robot_description/package.ps1'
[19.361s] INFO:colcon.colcon_core.shell:Creating package descriptor '/home/samah/robot_ws/install/robot_description/share/robot_description/package.dsv'
[19.363s] INFO:colcon.colcon_core.shell:Creating package script '/home/samah/robot_ws/install/robot_description/share/robot_description/package.sh'
[19.365s] INFO:colcon.colcon_core.shell:Creating package script '/home/samah/robot_ws/install/robot_description/share/robot_description/package.bash'
[19.367s] INFO:colcon.colcon_core.shell:Creating package script '/home/samah/robot_ws/install/robot_description/share/robot_description/package.zsh'
[19.368s] Level 1:colcon.colcon_core.environment:create_file_with_runtime_dependencies(/home/samah/robot_ws/install/robot_description/share/colcon-core/packages/robot_description)
[19.369s] DEBUG:colcon.colcon_parallel_executor.executor.parallel:closing loop
[19.371s] DEBUG:colcon.colcon_parallel_executor.executor.parallel:loop closed
[19.371s] DEBUG:colcon.colcon_parallel_executor.executor.parallel:run_until_complete finished with '0'
[19.371s] DEBUG:colcon.colcon_core.event_reactor:joining thread
[19.466s] INFO:colcon.colcon_core.plugin_system:Skipping extension 'colcon_notification.desktop_notification.terminal_notifier': Not used on non-Darwin systems
[19.467s] INFO:colcon.colcon_core.plugin_system:Skipping extension 'colcon_notification.desktop_notification.win32': Not used on non-Windows systems
[19.467s] INFO:colcon.colcon_notification.desktop_notification:Sending desktop notification using 'notify2'
[19.558s] DEBUG:colcon.colcon_core.event_reactor:joined thread
[19.559s] INFO:colcon.colcon_core.shell:Creating prefix script '/home/samah/robot_ws/install/local_setup.ps1'
[19.563s] INFO:colcon.colcon_core.shell:Creating prefix util module '/home/samah/robot_ws/install/_local_setup_util_ps1.py'
[19.568s] INFO:colcon.colcon_core.shell:Creating prefix chain script '/home/samah/robot_ws/install/setup.ps1'
[19.615s] INFO:colcon.colcon_core.shell:Creating prefix script '/home/samah/robot_ws/install/local_setup.sh'
[19.618s] INFO:colcon.colcon_core.shell:Creating prefix util module '/home/samah/robot_ws/install/_local_setup_util_sh.py'
[19.620s] INFO:colcon.colcon_core.shell:Creating prefix chain script '/home/samah/robot_ws/install/setup.sh'
[19.658s] INFO:colcon.colcon_core.shell:Creating prefix script '/home/samah/robot_ws/install/local_setup.bash'
[19.659s] INFO:colcon.colcon_core.shell:Creating prefix chain script '/home/samah/robot_ws/install/setup.bash'
[19.679s] INFO:colcon.colcon_core.shell:Creating prefix script '/home/samah/robot_ws/install/local_setup.zsh'
[19.679s] INFO:colcon.colcon_core.shell:Creating prefix chain script '/home/samah/robot_ws/install/setup.zsh'
