running develop
/usr/lib/python3/dist-packages/setuptools/command/easy_install.py:363: UserWarning: Unbuilt egg for pytest-repeat [unknown version] (/usr/lib/python3/dist-packages)
  self.local_index = Environment(self.shadow_path + sys.path)
running egg_info
creating cartographer_slam.egg-info
writing cartographer_slam.egg-info/PKG-INFO
writing dependency_links to cartographer_slam.egg-info/dependency_links.txt
writing requirements to cartographer_slam.egg-info/requires.txt
writing top-level names to cartographer_slam.egg-info/top_level.txt
writing manifest file 'cartographer_slam.egg-info/SOURCES.txt'
reading manifest file 'cartographer_slam.egg-info/SOURCES.txt'
writing manifest file 'cartographer_slam.egg-info/SOURCES.txt'
running build_ext
Creating /home/samah/robot_ws/install/cartographer_slam/lib/python3.12/site-packages/cartographer-slam.egg-link (link to .)

Installed /home/samah/robot_ws/build/cartographer_slam
running symlink_data
creating /home/samah/robot_ws/install/cartographer_slam/share/cartographer_slam/launch
symbolically linking /home/samah/robot_ws/build/cartographer_slam/launch/cartographer.launch.py -> /home/samah/robot_ws/install/cartographer_slam/share/cartographer_slam/launch
creating /home/samah/robot_ws/install/cartographer_slam/share/cartographer_slam/config
symbolically linking /home/samah/robot_ws/build/cartographer_slam/config/cartographer.lua -> /home/samah/robot_ws/install/cartographer_slam/share/cartographer_slam/config
